#
# There is insufficient memory for the Java Runtime Environment to continue.
# Native memory allocation (mmap) failed to map 44040192 bytes for G1 virtual space
# Possible reasons:
#   The system is out of physical RAM or swap space
#   The process is running with CompressedOops enabled, and the Java Heap may be blocking the growth of the native heap
# Possible solutions:
#   Reduce memory load on the system
#   Increase physical memory or swap space
#   Check if swap backing store is full
#   Decrease Java heap size (-Xmx/-Xms)
#   Decrease number of Java threads
#   Decrease Java thread stack sizes (-Xss)
#   Set larger code cache with -XX:ReservedCodeCacheSize=
#   JVM is running with Unscaled Compressed Oops mode in which the Java heap is
#     placed in the first 4GB address space. The Java Heap base address is the
#     maximum limit for the native heap growth. Please use -XX:HeapBaseMinAddress
#     to set the Java Heap base and to place the Java Heap above 4GB virtual address.
# This output file may be truncated or incomplete.
#
#  Out of Memory Error (os_windows.cpp:3548), pid=1292, tid=15736
#
# JRE version: Java(TM) SE Runtime Environment (17.0.12+8) (build 17.0.12+8-LTS-286)
# Java VM: Java HotSpot(TM) 64-Bit Server VM (17.0.12+8-LTS-286, mixed mode, sharing, tiered, compressed oops, compressed class ptrs, g1 gc, windows-amd64)
# No core dump will be written. Minidumps are not enabled by default on client versions of Windows
#

---------------  S U M M A R Y ------------

Command Line: -Dclassworlds.conf=C:\apache-maven\apache-maven-3.9.9-bin\apache-maven-3.9.9\bin\m2.conf -Dmaven.home=C:\apache-maven\apache-maven-3.9.9-bin\apache-maven-3.9.9 -Dlibrary.jansi.path=C:\apache-maven\apache-maven-3.9.9-bin\apache-maven-3.9.9\lib\jansi-native -Dmaven.multiModuleProjectDirectory=C:\Users\beluc\Documents\2024\Ing de soft\TFI\API_Soft org.codehaus.plexus.classworlds.launcher.Launcher clean install

Host: 11th Gen Intel(R) Core(TM) i3-1115G4 @ 3.00GHz, 4 cores, 3G,  Windows 11 , 64 bit Build 22621 (10.0.22621.4391)
Time: Mon Dec  2 09:50:50 2024 Hora estándar de Argentina elapsed time: 5.427988 seconds (0d 0h 0m 5s)

---------------  T H R E A D  ---------------

Current thread (0x000001c0c3b0ac30):  VMThread "VM Thread" [stack: 0x000000a450900000,0x000000a450a00000] [id=15736]

Stack: [0x000000a450900000,0x000000a450a00000]
Native frames: (J=compiled Java code, j=interpreted, Vv=VM code, C=native code)
V  [jvm.dll+0x67a04a]
V  [jvm.dll+0x7da4ed]
V  [jvm.dll+0x7dbe33]
V  [jvm.dll+0x7dc4a3]
V  [jvm.dll+0x24508f]
V  [jvm.dll+0x677089]
V  [jvm.dll+0x66bd32]
V  [jvm.dll+0x301fa6]
V  [jvm.dll+0x309546]
V  [jvm.dll+0x359d2e]
V  [jvm.dll+0x359f5f]
V  [jvm.dll+0x2d9078]
V  [jvm.dll+0x2d74ad]
V  [jvm.dll+0x2d6afc]
V  [jvm.dll+0x31a65b]
V  [jvm.dll+0x7e0d9b]
V  [jvm.dll+0x7e1ad4]
V  [jvm.dll+0x7e1fed]
V  [jvm.dll+0x7e23c4]
V  [jvm.dll+0x7e2490]
V  [jvm.dll+0x78abea]
V  [jvm.dll+0x678f35]
C  [ucrtbase.dll+0x29333]
C  [KERNEL32.DLL+0x1259d]
C  [ntdll.dll+0x5af38]

VM_Operation (0x000000a4503fc530): G1CollectForAllocation, mode: safepoint, requested by thread 0x000001c0c3a65b70


---------------  P R O C E S S  ---------------

Threads class SMR info:
_java_thread_list=0x000001c0e4062fb0, length=13, elements={
0x000001c0c3a65b70, 0x000001c0c3b10d90, 0x000001c0c3b11860, 0x000001c0c3b23310,
0x000001c0c3b26d00, 0x000001c0c3b299e0, 0x000001c0c3b2aa50, 0x000001c0dea30040,
0x000001c0c3b2e7b0, 0x000001c0dea36640, 0x000001c0e306ebf0, 0x000001c0e3074d70,
0x000001c0e3b10e50
}

Java Threads: ( => current thread )
  0x000001c0c3a65b70 JavaThread "main" [_thread_blocked, id=23176, stack(0x000000a450300000,0x000000a450400000)]
  0x000001c0c3b10d90 JavaThread "Reference Handler" daemon [_thread_blocked, id=15924, stack(0x000000a450a00000,0x000000a450b00000)]
  0x000001c0c3b11860 JavaThread "Finalizer" daemon [_thread_blocked, id=6448, stack(0x000000a450b00000,0x000000a450c00000)]
  0x000001c0c3b23310 JavaThread "Signal Dispatcher" daemon [_thread_blocked, id=1924, stack(0x000000a450c00000,0x000000a450d00000)]
  0x000001c0c3b26d00 JavaThread "Attach Listener" daemon [_thread_blocked, id=2728, stack(0x000000a450d00000,0x000000a450e00000)]
  0x000001c0c3b299e0 JavaThread "Service Thread" daemon [_thread_blocked, id=21128, stack(0x000000a450e00000,0x000000a450f00000)]
  0x000001c0c3b2aa50 JavaThread "Monitor Deflation Thread" daemon [_thread_blocked, id=18328, stack(0x000000a450f00000,0x000000a451000000)]
  0x000001c0dea30040 JavaThread "C2 CompilerThread0" daemon [_thread_blocked, id=8224, stack(0x000000a451000000,0x000000a451100000)]
  0x000001c0c3b2e7b0 JavaThread "C1 CompilerThread0" daemon [_thread_blocked, id=11624, stack(0x000000a451100000,0x000000a451200000)]
  0x000001c0dea36640 JavaThread "Sweeper thread" daemon [_thread_blocked, id=8476, stack(0x000000a451200000,0x000000a451300000)]
  0x000001c0e306ebf0 JavaThread "Notification Thread" daemon [_thread_blocked, id=8244, stack(0x000000a451300000,0x000000a451400000)]
  0x000001c0e3074d70 JavaThread "Common-Cleaner" daemon [_thread_blocked, id=20136, stack(0x000000a451500000,0x000000a451600000)]
  0x000001c0e3b10e50 JavaThread "Thread-1" daemon [_thread_blocked, id=8056, stack(0x000000a451900000,0x000000a451a00000)]

Other Threads:
=>0x000001c0c3b0ac30 VMThread "VM Thread" [stack: 0x000000a450900000,0x000000a450a00000] [id=15736]
  0x000001c0e3074110 WatcherThread [stack: 0x000000a451400000,0x000000a451500000] [id=21220]
  0x000001c0c3a9d280 GCTaskThread "GC Thread#0" [stack: 0x000000a450400000,0x000000a450500000] [id=21344]
  0x000001c0e3881aa0 GCTaskThread "GC Thread#1" [stack: 0x000000a451600000,0x000000a451700000] [id=15952]
  0x000001c0e38b1650 GCTaskThread "GC Thread#2" [stack: 0x000000a451700000,0x000000a451800000] [id=4688]
  0x000001c0e38b1910 GCTaskThread "GC Thread#3" [stack: 0x000000a451800000,0x000000a451900000] [id=13868]
  0x000001c0c3aa5760 ConcurrentGCThread "G1 Main Marker" [stack: 0x000000a450500000,0x000000a450600000] [id=12692]
  0x000001c0c3aa6080 ConcurrentGCThread "G1 Conc#0" [stack: 0x000000a450600000,0x000000a450700000] [id=17856]
  0x000001c0c3ae5810 ConcurrentGCThread "G1 Refine#0" [stack: 0x000000a450700000,0x000000a450800000] [id=22632]
  0x000001c0e3ed8340 ConcurrentGCThread "G1 Refine#1" [stack: 0x000000a451a00000,0x000000a451b00000] [id=2384]
  0x000001c0c3ae6150 ConcurrentGCThread "G1 Service" [stack: 0x000000a450800000,0x000000a450900000] [id=20412]

Threads with active compile tasks:
C2 CompilerThread0     5446 6851       4       lombok.javac.JavacAST::traverseChildren (39 bytes)
C1 CompilerThread0     5446 6864   !   3       lombok.javac.HandlerLibrary::handleAnnotation (238 bytes)

VM state: at safepoint (normal execution)

VM Mutex/Monitor currently owned by a thread:  ([mutex/lock_event])
[0x000001c0c3a650e0] Threads_lock - owner thread: 0x000001c0c3b0ac30
[0x000001c0c3a643f0] Heap_lock - owner thread: 0x000001c0c3a65b70

Heap address: 0x00000000c4c00000, size: 948 MB, Compressed Oops mode: 32-bit

CDS archive(s) mapped at: [0x000001c080000000-0x000001c080bd0000-0x000001c080bd0000), size 12386304, SharedBaseAddress: 0x000001c080000000, ArchiveRelocationMode: 1.
Compressed class space mapped at: 0x000001c081000000-0x000001c0c1000000, reserved size: 1073741824
Narrow klass base: 0x000001c080000000, Narrow klass shift: 0, Narrow klass range: 0x100000000

GC Precious Log:
 CPUs: 4 total, 4 available
 Memory: 3790M
 Large Page Support: Disabled
 NUMA Support: Disabled
 Compressed Oops: Enabled (32-bit)
 Heap Region Size: 1M
 Heap Min Capacity: 8M
 Heap Initial Capacity: 60M
 Heap Max Capacity: 948M
 Pre-touch: Disabled
 Parallel Workers: 4
 Concurrent Workers: 1
 Concurrent Refinement Workers: 4
 Periodic GC: Disabled

Heap:
 garbage-first heap   total 96256K, used 50563K [0x00000000c4c00000, 0x0000000100000000)
  region size 1024K, 1 young (1024K), 1 survivors (1024K)
 Metaspace       used 28602K, committed 28928K, reserved 1114112K
  class space    used 3250K, committed 3392K, reserved 1048576K

Heap Regions: E=young(eden), S=young(survivor), O=old, HS=humongous(starts), HC=humongous(continues), CS=collection set, F=free, OA=open archive, CA=closed archive, TAMS=top-at-mark-start (previous, next)
|   0|0x00000000c4c00000, 0x00000000c4d00000, 0x00000000c4d00000|100%| O|  |TAMS 0x00000000c4d00000, 0x00000000c4c00000| Untracked 
|   1|0x00000000c4d00000, 0x00000000c4e00000, 0x00000000c4e00000|100%| O|  |TAMS 0x00000000c4e00000, 0x00000000c4d00000| Untracked 
|   2|0x00000000c4e00000, 0x00000000c4f00000, 0x00000000c4f00000|100%| O|  |TAMS 0x00000000c4f00000, 0x00000000c4e00000| Untracked 
|   3|0x00000000c4f00000, 0x00000000c5000000, 0x00000000c5000000|100%| O|  |TAMS 0x00000000c5000000, 0x00000000c4f00000| Untracked 
|   4|0x00000000c5000000, 0x00000000c5100000, 0x00000000c5100000|100%| O|  |TAMS 0x00000000c5100000, 0x00000000c5000000| Untracked 
|   5|0x00000000c5100000, 0x00000000c5200000, 0x00000000c5200000|100%| O|  |TAMS 0x00000000c5200000, 0x00000000c5100000| Untracked 
|   6|0x00000000c5200000, 0x00000000c5300000, 0x00000000c5300000|100%| O|  |TAMS 0x00000000c5300000, 0x00000000c5200000| Untracked 
|   7|0x00000000c5300000, 0x00000000c5400000, 0x00000000c5400000|100%| O|  |TAMS 0x00000000c5400000, 0x00000000c5300000| Untracked 
|   8|0x00000000c5400000, 0x00000000c5500000, 0x00000000c5500000|100%| O|  |TAMS 0x00000000c5500000, 0x00000000c5400000| Untracked 
|   9|0x00000000c5500000, 0x00000000c5600000, 0x00000000c5600000|100%| O|  |TAMS 0x00000000c5600000, 0x00000000c5500000| Untracked 
|  10|0x00000000c5600000, 0x00000000c5600000, 0x00000000c5700000|  0%| F|  |TAMS 0x00000000c5600000, 0x00000000c5600000| Untracked 
|  11|0x00000000c5700000, 0x00000000c5800000, 0x00000000c5800000|100%| O|  |TAMS 0x00000000c5800000, 0x00000000c5700000| Untracked 
|  12|0x00000000c5800000, 0x00000000c5900000, 0x00000000c5900000|100%| O|  |TAMS 0x00000000c5900000, 0x00000000c5800000| Untracked 
|  13|0x00000000c5900000, 0x00000000c5a00000, 0x00000000c5a00000|100%|HS|  |TAMS 0x00000000c5a00000, 0x00000000c5900000| Complete 
|  14|0x00000000c5a00000, 0x00000000c5b00000, 0x00000000c5b00000|100%| O|  |TAMS 0x00000000c5b00000, 0x00000000c5a00000| Untracked 
|  15|0x00000000c5b00000, 0x00000000c5c00000, 0x00000000c5c00000|100%| O|  |TAMS 0x00000000c5c00000, 0x00000000c5b00000| Untracked 
|  16|0x00000000c5c00000, 0x00000000c5d00000, 0x00000000c5d00000|100%|HS|  |TAMS 0x00000000c5d00000, 0x00000000c5c00000| Complete 
|  17|0x00000000c5d00000, 0x00000000c5e00000, 0x00000000c5e00000|100%|HC|  |TAMS 0x00000000c5e00000, 0x00000000c5d00000| Complete 
|  18|0x00000000c5e00000, 0x00000000c5f00000, 0x00000000c5f00000|100%| O|  |TAMS 0x00000000c5f00000, 0x00000000c5e00000| Untracked 
|  19|0x00000000c5f00000, 0x00000000c6000000, 0x00000000c6000000|100%| O|  |TAMS 0x00000000c6000000, 0x00000000c5f00000| Untracked 
|  20|0x00000000c6000000, 0x00000000c6100000, 0x00000000c6100000|100%| O|  |TAMS 0x00000000c6100000, 0x00000000c6000000| Untracked 
|  21|0x00000000c6100000, 0x00000000c6200000, 0x00000000c6200000|100%|HS|  |TAMS 0x00000000c6200000, 0x00000000c6100000| Complete 
|  22|0x00000000c6200000, 0x00000000c6300000, 0x00000000c6300000|100%| O|  |TAMS 0x00000000c6300000, 0x00000000c6200000| Untracked 
|  23|0x00000000c6300000, 0x00000000c6400000, 0x00000000c6400000|100%| O|  |TAMS 0x00000000c6400000, 0x00000000c6300000| Untracked 
|  24|0x00000000c6400000, 0x00000000c6500000, 0x00000000c6500000|100%| O|  |TAMS 0x00000000c6500000, 0x00000000c6400000| Untracked 
|  25|0x00000000c6500000, 0x00000000c6600000, 0x00000000c6600000|100%| O|  |TAMS 0x00000000c6600000, 0x00000000c6500000| Untracked 
|  26|0x00000000c6600000, 0x00000000c6700000, 0x00000000c6700000|100%| O|  |TAMS 0x00000000c6700000, 0x00000000c6600000| Untracked 
|  27|0x00000000c6700000, 0x00000000c6800000, 0x00000000c6800000|100%| O|  |TAMS 0x00000000c6800000, 0x00000000c6700000| Untracked 
|  28|0x00000000c6800000, 0x00000000c6900000, 0x00000000c6900000|100%| O|  |TAMS 0x00000000c6900000, 0x00000000c6800000| Untracked 
|  29|0x00000000c6900000, 0x00000000c6a00000, 0x00000000c6a00000|100%| O|  |TAMS 0x00000000c6a00000, 0x00000000c6900000| Untracked 
|  30|0x00000000c6a00000, 0x00000000c6b00000, 0x00000000c6b00000|100%| O|  |TAMS 0x00000000c6b00000, 0x00000000c6a00000| Untracked 
|  31|0x00000000c6b00000, 0x00000000c6c00000, 0x00000000c6c00000|100%| O|  |TAMS 0x00000000c6c00000, 0x00000000c6b00000| Untracked 
|  32|0x00000000c6c00000, 0x00000000c6d00000, 0x00000000c6d00000|100%| O|  |TAMS 0x00000000c6d00000, 0x00000000c6c00000| Untracked 
|  33|0x00000000c6d00000, 0x00000000c6e00000, 0x00000000c6e00000|100%| O|  |TAMS 0x00000000c6e00000, 0x00000000c6d00000| Untracked 
|  34|0x00000000c6e00000, 0x00000000c6f00000, 0x00000000c6f00000|100%| O|  |TAMS 0x00000000c6f00000, 0x00000000c6e00000| Untracked 
|  35|0x00000000c6f00000, 0x00000000c7000000, 0x00000000c7000000|100%| O|  |TAMS 0x00000000c7000000, 0x00000000c6f00000| Untracked 
|  36|0x00000000c7000000, 0x00000000c7100000, 0x00000000c7100000|100%| O|  |TAMS 0x00000000c7100000, 0x00000000c7000000| Untracked 
|  37|0x00000000c7100000, 0x00000000c7200000, 0x00000000c7200000|100%| O|  |TAMS 0x00000000c7200000, 0x00000000c7100000| Untracked 
|  38|0x00000000c7200000, 0x00000000c7300000, 0x00000000c7300000|100%| O|  |TAMS 0x00000000c7300000, 0x00000000c7200000| Untracked 
|  39|0x00000000c7300000, 0x00000000c7400000, 0x00000000c7400000|100%| O|  |TAMS 0x00000000c7400000, 0x00000000c7300000| Untracked 
|  40|0x00000000c7400000, 0x00000000c7500000, 0x00000000c7500000|100%| O|  |TAMS 0x00000000c7500000, 0x00000000c7400000| Untracked 
|  41|0x00000000c7500000, 0x00000000c7600000, 0x00000000c7600000|100%| O|  |TAMS 0x00000000c7600000, 0x00000000c7500000| Untracked 
|  42|0x00000000c7600000, 0x00000000c7700000, 0x00000000c7700000|100%|HS|  |TAMS 0x00000000c7700000, 0x00000000c7600000| Complete 
|  43|0x00000000c7700000, 0x00000000c7800000, 0x00000000c7800000|100%| O|  |TAMS 0x00000000c7800000, 0x00000000c7700000| Untracked 
|  44|0x00000000c7800000, 0x00000000c7900000, 0x00000000c7900000|100%| O|  |TAMS 0x00000000c78b8e00, 0x00000000c7800000| Untracked 
|  45|0x00000000c7900000, 0x00000000c7a00000, 0x00000000c7a00000|100%| O|  |TAMS 0x00000000c7900000, 0x00000000c7900000| Untracked 
|  46|0x00000000c7a00000, 0x00000000c7b00000, 0x00000000c7b00000|100%| O|  |TAMS 0x00000000c7a00000, 0x00000000c7a00000| Untracked 
|  47|0x00000000c7b00000, 0x00000000c7c00000, 0x00000000c7c00000|100%| O|  |TAMS 0x00000000c7b00000, 0x00000000c7b00000| Untracked 
|  48|0x00000000c7c00000, 0x00000000c7c25000, 0x00000000c7d00000| 14%| O|  |TAMS 0x00000000c7c00000, 0x00000000c7c00000| Untracked 
|  49|0x00000000c7d00000, 0x00000000c7d00000, 0x00000000c7e00000|  0%| F|  |TAMS 0x00000000c7d00000, 0x00000000c7d00000| Untracked 
|  50|0x00000000c7e00000, 0x00000000c7e00000, 0x00000000c7f00000|  0%| F|  |TAMS 0x00000000c7e00000, 0x00000000c7e00000| Untracked 
|  51|0x00000000c7f00000, 0x00000000c7f00000, 0x00000000c8000000|  0%| F|  |TAMS 0x00000000c7f00000, 0x00000000c7f00000| Untracked 
|  52|0x00000000c8000000, 0x00000000c8000000, 0x00000000c8100000|  0%| F|  |TAMS 0x00000000c8000000, 0x00000000c8000000| Untracked 
|  53|0x00000000c8100000, 0x00000000c8100000, 0x00000000c8200000|  0%| F|  |TAMS 0x00000000c8100000, 0x00000000c8100000| Untracked 
|  54|0x00000000c8200000, 0x00000000c8200000, 0x00000000c8300000|  0%| F|  |TAMS 0x00000000c8200000, 0x00000000c8200000| Untracked 
|  55|0x00000000c8300000, 0x00000000c8300000, 0x00000000c8400000|  0%| F|  |TAMS 0x00000000c8300000, 0x00000000c8300000| Untracked 
|  56|0x00000000c8400000, 0x00000000c8400000, 0x00000000c8500000|  0%| F|  |TAMS 0x00000000c8400000, 0x00000000c8400000| Untracked 
|  57|0x00000000c8500000, 0x00000000c8500000, 0x00000000c8600000|  0%| F|  |TAMS 0x00000000c8500000, 0x00000000c8500000| Untracked 
|  58|0x00000000c8600000, 0x00000000c8600000, 0x00000000c8700000|  0%| F|  |TAMS 0x00000000c8600000, 0x00000000c8600000| Untracked 
|  59|0x00000000c8700000, 0x00000000c8700000, 0x00000000c8800000|  0%| F|  |TAMS 0x00000000c8700000, 0x00000000c8700000| Untracked 
|  60|0x00000000c8800000, 0x00000000c8800000, 0x00000000c8900000|  0%| F|  |TAMS 0x00000000c8800000, 0x00000000c8800000| Untracked 
|  61|0x00000000c8900000, 0x00000000c8900000, 0x00000000c8a00000|  0%| F|  |TAMS 0x00000000c8900000, 0x00000000c8900000| Untracked 
|  62|0x00000000c8a00000, 0x00000000c8a00000, 0x00000000c8b00000|  0%| F|  |TAMS 0x00000000c8a00000, 0x00000000c8a00000| Untracked 
|  63|0x00000000c8b00000, 0x00000000c8b00000, 0x00000000c8c00000|  0%| F|  |TAMS 0x00000000c8b00000, 0x00000000c8b00000| Untracked 
|  64|0x00000000c8c00000, 0x00000000c8c00000, 0x00000000c8d00000|  0%| F|  |TAMS 0x00000000c8c00000, 0x00000000c8c00000| Untracked 
|  65|0x00000000c8d00000, 0x00000000c8d00000, 0x00000000c8e00000|  0%| F|  |TAMS 0x00000000c8d00000, 0x00000000c8d00000| Untracked 
|  66|0x00000000c8e00000, 0x00000000c8e00000, 0x00000000c8f00000|  0%| F|  |TAMS 0x00000000c8e00000, 0x00000000c8e00000| Untracked 
|  67|0x00000000c8f00000, 0x00000000c8f00000, 0x00000000c9000000|  0%| F|  |TAMS 0x00000000c8f00000, 0x00000000c8f00000| Untracked 
|  68|0x00000000c9000000, 0x00000000c9000000, 0x00000000c9100000|  0%| F|  |TAMS 0x00000000c9000000, 0x00000000c9000000| Untracked 
|  69|0x00000000c9100000, 0x00000000c9100000, 0x00000000c9200000|  0%| F|  |TAMS 0x00000000c9100000, 0x00000000c9100000| Untracked 
|  70|0x00000000c9200000, 0x00000000c9200000, 0x00000000c9300000|  0%| F|  |TAMS 0x00000000c9200000, 0x00000000c9200000| Untracked 
|  71|0x00000000c9300000, 0x00000000c9300000, 0x00000000c9400000|  0%| F|  |TAMS 0x00000000c9300000, 0x00000000c9300000| Untracked 
|  72|0x00000000c9400000, 0x00000000c9400000, 0x00000000c9500000|  0%| F|  |TAMS 0x00000000c9400000, 0x00000000c9400000| Untracked 
|  73|0x00000000c9500000, 0x00000000c9500000, 0x00000000c9600000|  0%| F|  |TAMS 0x00000000c9500000, 0x00000000c9500000| Untracked 
|  74|0x00000000c9600000, 0x00000000c9600000, 0x00000000c9700000|  0%| F|  |TAMS 0x00000000c9600000, 0x00000000c9600000| Untracked 
|  75|0x00000000c9700000, 0x00000000c9700000, 0x00000000c9800000|  0%| F|  |TAMS 0x00000000c9700000, 0x00000000c9700000| Untracked 
|  76|0x00000000c9800000, 0x00000000c9800000, 0x00000000c9900000|  0%| F|  |TAMS 0x00000000c9800000, 0x00000000c9800000| Untracked 
|  77|0x00000000c9900000, 0x00000000c9900000, 0x00000000c9a00000|  0%| F|  |TAMS 0x00000000c9900000, 0x00000000c9900000| Untracked 
|  78|0x00000000c9a00000, 0x00000000c9a00000, 0x00000000c9b00000|  0%| F|  |TAMS 0x00000000c9a00000, 0x00000000c9a00000| Untracked 
|  79|0x00000000c9b00000, 0x00000000c9b00000, 0x00000000c9c00000|  0%| F|  |TAMS 0x00000000c9b00000, 0x00000000c9b00000| Untracked 
|  80|0x00000000c9c00000, 0x00000000c9c00000, 0x00000000c9d00000|  0%| F|  |TAMS 0x00000000c9c00000, 0x00000000c9c00000| Untracked 
|  81|0x00000000c9d00000, 0x00000000c9d00000, 0x00000000c9e00000|  0%| F|  |TAMS 0x00000000c9d00000, 0x00000000c9d00000| Untracked 
|  82|0x00000000c9e00000, 0x00000000c9e00000, 0x00000000c9f00000|  0%| F|  |TAMS 0x00000000c9e00000, 0x00000000c9e00000| Untracked 
|  83|0x00000000c9f00000, 0x00000000c9f00000, 0x00000000ca000000|  0%| F|  |TAMS 0x00000000c9f00000, 0x00000000c9f00000| Untracked 
|  84|0x00000000ca000000, 0x00000000ca000000, 0x00000000ca100000|  0%| F|  |TAMS 0x00000000ca000000, 0x00000000ca000000| Untracked 
|  85|0x00000000ca100000, 0x00000000ca100000, 0x00000000ca200000|  0%| F|  |TAMS 0x00000000ca100000, 0x00000000ca100000| Untracked 
|  86|0x00000000ca200000, 0x00000000ca200000, 0x00000000ca300000|  0%| F|  |TAMS 0x00000000ca200000, 0x00000000ca200000| Untracked 
|  87|0x00000000ca300000, 0x00000000ca300000, 0x00000000ca400000|  0%| F|  |TAMS 0x00000000ca300000, 0x00000000ca300000| Untracked 
|  88|0x00000000ca400000, 0x00000000ca400000, 0x00000000ca500000|  0%| F|  |TAMS 0x00000000ca400000, 0x00000000ca400000| Untracked 
|  89|0x00000000ca500000, 0x00000000ca53bf50, 0x00000000ca600000| 23%| S|CS|TAMS 0x00000000ca500000, 0x00000000ca500000| Complete 
|  90|0x00000000ca600000, 0x00000000ca600000, 0x00000000ca700000|  0%| F|  |TAMS 0x00000000ca600000, 0x00000000ca600000| Untracked 
|  91|0x00000000ca700000, 0x00000000ca700000, 0x00000000ca800000|  0%| F|  |TAMS 0x00000000ca700000, 0x00000000ca700000| Untracked 
| 946|0x00000000ffe00000, 0x00000000fff00000, 0x00000000fff00000|100%| O|  |TAMS 0x00000000fff00000, 0x00000000ffe00000| Untracked 
| 947|0x00000000fff00000, 0x0000000100000000, 0x0000000100000000|100%| O|  |TAMS 0x0000000100000000, 0x00000000fff00000| Untracked 

Card table byte_map: [0x000001c0da320000,0x000001c0da500000] _byte_map_base: 0x000001c0d9cfa000

Marking Bits (Prev, Next): (CMBitMap*) 0x000001c0c3a9d7f0, (CMBitMap*) 0x000001c0c3a9d7b0
 Prev Bits: [0x000001c0db5b0000, 0x000001c0dc480000)
 Next Bits: [0x000001c0da6e0000, 0x000001c0db5b0000)

Polling page: 0x000001c0c1a50000

Metaspace:

Usage:
  Non-class:     24.76 MB used.
      Class:      3.17 MB used.
       Both:     27.93 MB used.

Virtual space:
  Non-class space:       64.00 MB reserved,      24.94 MB ( 39%) committed,  1 nodes.
      Class space:        1.00 GB reserved,       3.31 MB ( <1%) committed,  1 nodes.
             Both:        1.06 GB reserved,      28.25 MB (  3%) committed. 

Chunk freelists:
   Non-Class:  6.41 MB
       Class:  12.66 MB
        Both:  19.07 MB

MaxMetaspaceSize: unlimited
CompressedClassSpaceSize: 1.00 GB
Initial GC threshold: 21.00 MB
Current GC threshold: 46.25 MB
CDS: on
MetaspaceReclaimPolicy: balanced
 - commit_granule_bytes: 65536.
 - commit_granule_words: 8192.
 - virtual_space_node_default_size: 8388608.
 - enlarge_chunks_in_place: 1.
 - new_chunks_are_fully_committed: 0.
 - uncommit_free_chunks: 1.
 - use_allocation_guard: 0.
 - handle_deallocations: 1.


Internal statistics:

num_allocs_failed_limit: 9.
num_arena_births: 186.
num_arena_deaths: 0.
num_vsnodes_births: 2.
num_vsnodes_deaths: 0.
num_space_committed: 452.
num_space_uncommitted: 0.
num_chunks_returned_to_freelist: 9.
num_chunks_taken_from_freelist: 1221.
num_chunk_merges: 9.
num_chunk_splits: 865.
num_chunks_enlarged: 670.
num_inconsistent_stats: 0.

CodeHeap 'non-profiled nmethods': size=120000Kb used=2435Kb max_used=2529Kb free=117565Kb
 bounds [0x000001c0d2df0000, 0x000001c0d3080000, 0x000001c0da320000]
CodeHeap 'profiled nmethods': size=120000Kb used=12507Kb max_used=13033Kb free=107492Kb
 bounds [0x000001c0cb320000, 0x000001c0cbfe0000, 0x000001c0d2850000]
CodeHeap 'non-nmethods': size=5760Kb used=1228Kb max_used=1275Kb free=4531Kb
 bounds [0x000001c0d2850000, 0x000001c0d2ac0000, 0x000001c0d2df0000]
 total_blobs=6482 nmethods=5962 adapters=432
 compilation: enabled
              stopped_count=0, restarted_count=0
 full_count=0

Compilation events (20 events):
Event: 5.416 Thread 0x000001c0c3b2e7b0 nmethod 6849 0x000001c0cb57a710 code [0x000001c0cb57a8a0, 0x000001c0cb57a9f8]
Event: 5.416 Thread 0x000001c0c3b2e7b0 6850       3       java.util.IdentityHashMap$EntryIterator$Entry::getKey (20 bytes)
Event: 5.416 Thread 0x000001c0c3b2e7b0 nmethod 6850 0x000001c0cb57a010 code [0x000001c0cb57a1e0, 0x000001c0cb57a548]
Event: 5.418 Thread 0x000001c0c3b2e7b0 6852 %     3       java.net.URI::percentNormalizedComparison @ 76 (221 bytes)
Event: 5.419 Thread 0x000001c0c3b2e7b0 nmethod 6852% 0x000001c0cb32ae90 code [0x000001c0cb32b3c0, 0x000001c0cb32e248]
Event: 5.419 Thread 0x000001c0c3b2e7b0 6854       3       lombok.javac.JavacAST::buildField (109 bytes)
Event: 5.419 Thread 0x000001c0dea30040 nmethod 5904 0x000001c0d2fc6790 code [0x000001c0d2fc6940, 0x000001c0d2fc7078]
Event: 5.420 Thread 0x000001c0dea30040 6851       4       lombok.javac.JavacAST::traverseChildren (39 bytes)
Event: 5.420 Thread 0x000001c0c3b2e7b0 nmethod 6854 0x000001c0cbb30010 code [0x000001c0cbb303c0, 0x000001c0cbb325b8]
Event: 5.420 Thread 0x000001c0c3b2e7b0 6853       3       com.sun.tools.javac.util.Context::key (50 bytes)
Event: 5.420 Thread 0x000001c0c3b2e7b0 nmethod 6853 0x000001c0cb5a4790 code [0x000001c0cb5a4980, 0x000001c0cb5a5068]
Event: 5.420 Thread 0x000001c0c3b2e7b0 6855       3       java.net.URI::hashCode (123 bytes)
Event: 5.421 Thread 0x000001c0c3b2e7b0 nmethod 6855 0x000001c0cb329510 code [0x000001c0cb329860, 0x000001c0cb32a938]
Event: 5.421 Thread 0x000001c0c3b2e7b0 6860       3       java.util.stream.Collectors$$Lambda$43/0x800000051::get (16 bytes)
Event: 5.421 Thread 0x000001c0c3b2e7b0 nmethod 6860 0x000001c0cb5a4410 code [0x000001c0cb5a45a0, 0x000001c0cb5a46e8]
Event: 5.421 Thread 0x000001c0c3b2e7b0 6861       3       java.util.stream.Collectors::lambda$joining$11 (11 bytes)
Event: 5.421 Thread 0x000001c0c3b2e7b0 nmethod 6861 0x000001c0cb5a4010 code [0x000001c0cb5a41c0, 0x000001c0cb5a4368]
Event: 5.421 Thread 0x000001c0c3b2e7b0 6862       3       java.util.stream.Collectors$$Lambda$46/0x800000054::apply (8 bytes)
Event: 5.421 Thread 0x000001c0c3b2e7b0 nmethod 6862 0x000001c0cb329010 code [0x000001c0cb3291c0, 0x000001c0cb329408]
Event: 5.421 Thread 0x000001c0c3b2e7b0 6864   !   3       lombok.javac.HandlerLibrary::handleAnnotation (238 bytes)

GC Heap History (20 events):
Event: 2.740 GC heap after
{Heap after GC invocations=6 (full 0):
 garbage-first heap   total 73728K, used 14968K [0x00000000c4c00000, 0x0000000100000000)
  region size 1024K, 2 young (2048K), 2 survivors (2048K)
 Metaspace       used 16017K, committed 16192K, reserved 1114112K
  class space    used 1871K, committed 1920K, reserved 1048576K
}
Event: 3.626 GC heap before
{Heap before GC invocations=6 (full 0):
 garbage-first heap   total 73728K, used 54904K [0x00000000c4c00000, 0x0000000100000000)
  region size 1024K, 41 young (41984K), 2 survivors (2048K)
 Metaspace       used 19641K, committed 19968K, reserved 1114112K
  class space    used 2272K, committed 2432K, reserved 1048576K
}
Event: 3.633 GC heap after
{Heap after GC invocations=7 (full 0):
 garbage-first heap   total 73728K, used 17589K [0x00000000c4c00000, 0x0000000100000000)
  region size 1024K, 5 young (5120K), 5 survivors (5120K)
 Metaspace       used 19641K, committed 19968K, reserved 1114112K
  class space    used 2272K, committed 2432K, reserved 1048576K
}
Event: 3.799 GC heap before
{Heap before GC invocations=7 (full 0):
 garbage-first heap   total 73728K, used 34997K [0x00000000c4c00000, 0x0000000100000000)
  region size 1024K, 18 young (18432K), 5 survivors (5120K)
 Metaspace       used 21205K, committed 21504K, reserved 1114112K
  class space    used 2493K, committed 2624K, reserved 1048576K
}
Event: 3.805 GC heap after
{Heap after GC invocations=8 (full 0):
 garbage-first heap   total 73728K, used 24952K [0x00000000c4c00000, 0x0000000100000000)
  region size 1024K, 6 young (6144K), 6 survivors (6144K)
 Metaspace       used 21205K, committed 21504K, reserved 1114112K
  class space    used 2493K, committed 2624K, reserved 1048576K
}
Event: 4.314 GC heap before
{Heap before GC invocations=9 (full 0):
 garbage-first heap   total 73728K, used 57720K [0x00000000c4c00000, 0x0000000100000000)
  region size 1024K, 35 young (35840K), 6 survivors (6144K)
 Metaspace       used 25621K, committed 25984K, reserved 1114112K
  class space    used 2961K, committed 3136K, reserved 1048576K
}
Event: 4.330 GC heap after
{Heap after GC invocations=10 (full 0):
 garbage-first heap   total 75776K, used 36620K [0x00000000c4c00000, 0x0000000100000000)
  region size 1024K, 5 young (5120K), 5 survivors (5120K)
 Metaspace       used 25621K, committed 25984K, reserved 1114112K
  class space    used 2961K, committed 3136K, reserved 1048576K
}
Event: 4.469 GC heap before
{Heap before GC invocations=11 (full 0):
 garbage-first heap   total 75776K, used 55052K [0x00000000c4c00000, 0x0000000100000000)
  region size 1024K, 23 young (23552K), 5 survivors (5120K)
 Metaspace       used 25859K, committed 26176K, reserved 1114112K
  class space    used 2991K, committed 3136K, reserved 1048576K
}
Event: 4.476 GC heap after
{Heap after GC invocations=12 (full 0):
 garbage-first heap   total 75776K, used 41984K [0x00000000c4c00000, 0x0000000100000000)
  region size 1024K, 3 young (3072K), 3 survivors (3072K)
 Metaspace       used 25859K, committed 26176K, reserved 1114112K
  class space    used 2991K, committed 3136K, reserved 1048576K
}
Event: 4.606 GC heap before
{Heap before GC invocations=12 (full 0):
 garbage-first heap   total 75776K, used 56320K [0x00000000c4c00000, 0x0000000100000000)
  region size 1024K, 17 young (17408K), 3 survivors (3072K)
 Metaspace       used 26372K, committed 26688K, reserved 1114112K
  class space    used 3037K, committed 3200K, reserved 1048576K
}
Event: 4.612 GC heap after
{Heap after GC invocations=13 (full 0):
 garbage-first heap   total 75776K, used 45178K [0x00000000c4c00000, 0x0000000100000000)
  region size 1024K, 3 young (3072K), 3 survivors (3072K)
 Metaspace       used 26372K, committed 26688K, reserved 1114112K
  class space    used 3037K, committed 3200K, reserved 1048576K
}
Event: 4.707 GC heap before
{Heap before GC invocations=14 (full 0):
 garbage-first heap   total 86016K, used 52346K [0x00000000c4c00000, 0x0000000100000000)
  region size 1024K, 11 young (11264K), 3 survivors (3072K)
 Metaspace       used 26526K, committed 26880K, reserved 1114112K
  class space    used 3039K, committed 3200K, reserved 1048576K
}
Event: 4.714 GC heap after
{Heap after GC invocations=15 (full 0):
 garbage-first heap   total 86016K, used 47042K [0x00000000c4c00000, 0x0000000100000000)
  region size 1024K, 2 young (2048K), 2 survivors (2048K)
 Metaspace       used 26526K, committed 26880K, reserved 1114112K
  class space    used 3039K, committed 3200K, reserved 1048576K
}
Event: 4.866 GC heap before
{Heap before GC invocations=16 (full 0):
 garbage-first heap   total 89088K, used 65474K [0x00000000c4c00000, 0x0000000100000000)
  region size 1024K, 19 young (19456K), 2 survivors (2048K)
 Metaspace       used 26651K, committed 26944K, reserved 1114112K
  class space    used 3042K, committed 3200K, reserved 1048576K
}
Event: 4.873 GC heap after
{Heap after GC invocations=17 (full 0):
 garbage-first heap   total 89088K, used 49891K [0x00000000c4c00000, 0x0000000100000000)
  region size 1024K, 2 young (2048K), 2 survivors (2048K)
 Metaspace       used 26651K, committed 26944K, reserved 1114112K
  class space    used 3042K, committed 3200K, reserved 1048576K
}
Event: 5.203 GC heap before
{Heap before GC invocations=17 (full 0):
 garbage-first heap   total 89088K, used 67299K [0x00000000c4c00000, 0x0000000100000000)
  region size 1024K, 20 young (20480K), 2 survivors (2048K)
 Metaspace       used 27824K, committed 28160K, reserved 1114112K
  class space    used 3176K, committed 3328K, reserved 1048576K
}
Event: 5.209 GC heap after
{Heap after GC invocations=18 (full 0):
 garbage-first heap   total 89088K, used 51040K [0x00000000c4c00000, 0x0000000100000000)
  region size 1024K, 2 young (2048K), 2 survivors (2048K)
 Metaspace       used 27824K, committed 28160K, reserved 1114112K
  class space    used 3176K, committed 3328K, reserved 1048576K
}
Event: 5.410 GC heap before
{Heap before GC invocations=19 (full 0):
 garbage-first heap   total 96256K, used 67424K [0x00000000c4c00000, 0x0000000100000000)
  region size 1024K, 19 young (19456K), 2 survivors (2048K)
 Metaspace       used 28591K, committed 28928K, reserved 1114112K
  class space    used 3250K, committed 3392K, reserved 1048576K
}
Event: 5.413 GC heap after
{Heap after GC invocations=20 (full 0):
 garbage-first heap   total 96256K, used 51221K [0x00000000c4c00000, 0x0000000100000000)
  region size 1024K, 2 young (2048K), 2 survivors (2048K)
 Metaspace       used 28591K, committed 28928K, reserved 1114112K
  class space    used 3250K, committed 3392K, reserved 1048576K
}
Event: 5.421 GC heap before
{Heap before GC invocations=20 (full 0):
 garbage-first heap   total 96256K, used 53269K [0x00000000c4c00000, 0x0000000100000000)
  region size 1024K, 4 young (4096K), 2 survivors (2048K)
 Metaspace       used 28602K, committed 28928K, reserved 1114112K
  class space    used 3250K, committed 3392K, reserved 1048576K
}

Deoptimization events (20 events):
Event: 5.345 Thread 0x000001c0c3a65b70 DEOPT PACKING pc=0x000001c0d2fa12e8 sp=0x000000a4503fc1e0
Event: 5.345 Thread 0x000001c0c3a65b70 DEOPT UNPACKING pc=0x000001c0d28a5ba3 sp=0x000000a4503fc168 mode 2
Event: 5.345 Thread 0x000001c0c3a65b70 Uncommon trap: trap_request=0xffffffde fr.pc=0x000001c0d2f85670 relative=0x0000000000000070
Event: 5.345 Thread 0x000001c0c3a65b70 Uncommon trap: reason=class_check action=maybe_recompile pc=0x000001c0d2f85670 method=java.util.Collections$UnmodifiableMap$UnmodifiableEntrySet$1.hasNext()Z @ 4 c2
Event: 5.345 Thread 0x000001c0c3a65b70 DEOPT PACKING pc=0x000001c0d2f85670 sp=0x000000a4503fc1e0
Event: 5.345 Thread 0x000001c0c3a65b70 DEOPT UNPACKING pc=0x000001c0d28a5ba3 sp=0x000000a4503fc168 mode 2
Event: 5.345 Thread 0x000001c0c3a65b70 Uncommon trap: trap_request=0xffffffde fr.pc=0x000001c0d2f85dc4 relative=0x00000000000004a4
Event: 5.345 Thread 0x000001c0c3a65b70 Uncommon trap: reason=class_check action=maybe_recompile pc=0x000001c0d2f85dc4 method=java.util.Collections$UnmodifiableMap$UnmodifiableEntrySet$1.next()Ljava/util/Map$Entry; @ 8 c2
Event: 5.345 Thread 0x000001c0c3a65b70 DEOPT PACKING pc=0x000001c0d2f85dc4 sp=0x000000a4503fc190
Event: 5.345 Thread 0x000001c0c3a65b70 DEOPT UNPACKING pc=0x000001c0d28a5ba3 sp=0x000000a4503fc0f8 mode 2
Event: 5.345 Thread 0x000001c0c3a65b70 Uncommon trap: trap_request=0xffffffde fr.pc=0x000001c0d2fa0fe8 relative=0x0000000000000068
Event: 5.345 Thread 0x000001c0c3a65b70 Uncommon trap: reason=class_check action=maybe_recompile pc=0x000001c0d2fa0fe8 method=java.util.Collections$UnmodifiableMap$UnmodifiableEntrySet$UnmodifiableEntry.getKey()Ljava/lang/Object; @ 4 c2
Event: 5.345 Thread 0x000001c0c3a65b70 DEOPT PACKING pc=0x000001c0d2fa0fe8 sp=0x000000a4503fc1e0
Event: 5.345 Thread 0x000001c0c3a65b70 DEOPT UNPACKING pc=0x000001c0d28a5ba3 sp=0x000000a4503fc168 mode 2
Event: 5.345 Thread 0x000001c0c3a65b70 Uncommon trap: trap_request=0xffffffde fr.pc=0x000001c0d2fa12e8 relative=0x0000000000000068
Event: 5.345 Thread 0x000001c0c3a65b70 Uncommon trap: reason=class_check action=maybe_recompile pc=0x000001c0d2fa12e8 method=java.util.Collections$UnmodifiableMap$UnmodifiableEntrySet$UnmodifiableEntry.getValue()Ljava/lang/Object; @ 4 c2
Event: 5.345 Thread 0x000001c0c3a65b70 DEOPT PACKING pc=0x000001c0d2fa12e8 sp=0x000000a4503fc1e0
Event: 5.345 Thread 0x000001c0c3a65b70 DEOPT UNPACKING pc=0x000001c0d28a5ba3 sp=0x000000a4503fc168 mode 2
Event: 5.406 Thread 0x000001c0c3a65b70 DEOPT PACKING pc=0x000001c0cb52f3fa sp=0x000000a4503fca60
Event: 5.406 Thread 0x000001c0c3a65b70 DEOPT UNPACKING pc=0x000001c0d28a66e3 sp=0x000000a4503fbf70 mode 0

Classes unloaded (0 events):
No events

Classes redefined (0 events):
No events

Internal exceptions (20 events):
Event: 4.883 Thread 0x000001c0c3a65b70 Exception <a 'sun/nio/fs/WindowsException'{0x00000000c9f101b0}> (0x00000000c9f101b0) 
thrown [s\open\src\hotspot\share\prims\jni.cpp, line 516]
Event: 4.883 Thread 0x000001c0c3a65b70 Exception <a 'sun/nio/fs/WindowsException'{0x00000000c9f105f0}> (0x00000000c9f105f0) 
thrown [s\open\src\hotspot\share\prims\jni.cpp, line 516]
Event: 4.888 Thread 0x000001c0c3a65b70 Implicit null exception at 0x000001c0d2fcb4f6 to 0x000001c0d2fcb68c
Event: 4.889 Thread 0x000001c0c3a65b70 Exception <a 'sun/nio/fs/WindowsException'{0x00000000c9f4e618}> (0x00000000c9f4e618) 
thrown [s\open\src\hotspot\share\prims\jni.cpp, line 516]
Event: 4.889 Thread 0x000001c0c3a65b70 Exception <a 'sun/nio/fs/WindowsException'{0x00000000c9f4e9c8}> (0x00000000c9f4e9c8) 
thrown [s\open\src\hotspot\share\prims\jni.cpp, line 516]
Event: 4.889 Thread 0x000001c0c3a65b70 Exception <a 'sun/nio/fs/WindowsException'{0x00000000c9f5b810}> (0x00000000c9f5b810) 
thrown [s\open\src\hotspot\share\prims\jni.cpp, line 516]
Event: 4.889 Thread 0x000001c0c3a65b70 Exception <a 'sun/nio/fs/WindowsException'{0x00000000c9f5bdc0}> (0x00000000c9f5bdc0) 
thrown [s\open\src\hotspot\share\prims\jni.cpp, line 516]
Event: 4.889 Thread 0x000001c0c3a65b70 Exception <a 'sun/nio/fs/WindowsException'{0x00000000c9f83d80}> (0x00000000c9f83d80) 
thrown [s\open\src\hotspot\share\prims\jni.cpp, line 516]
Event: 4.889 Thread 0x000001c0c3a65b70 Exception <a 'sun/nio/fs/WindowsException'{0x00000000c9f84128}> (0x00000000c9f84128) 
thrown [s\open\src\hotspot\share\prims\jni.cpp, line 516]
Event: 4.889 Thread 0x000001c0c3a65b70 Exception <a 'sun/nio/fs/WindowsException'{0x00000000c9f853d0}> (0x00000000c9f853d0) 
thrown [s\open\src\hotspot\share\prims\jni.cpp, line 516]
Event: 4.889 Thread 0x000001c0c3a65b70 Exception <a 'sun/nio/fs/WindowsException'{0x00000000c9f85800}> (0x00000000c9f85800) 
thrown [s\open\src\hotspot\share\prims\jni.cpp, line 516]
Event: 4.899 Thread 0x000001c0c3a65b70 Exception <a 'sun/nio/fs/WindowsException'{0x00000000c9fb77c0}> (0x00000000c9fb77c0) 
thrown [s\open\src\hotspot\share\prims\jni.cpp, line 516]
Event: 4.899 Thread 0x000001c0c3a65b70 Exception <a 'sun/nio/fs/WindowsException'{0x00000000c9fb7b80}> (0x00000000c9fb7b80) 
thrown [s\open\src\hotspot\share\prims\jni.cpp, line 516]
Event: 4.899 Thread 0x000001c0c3a65b70 Exception <a 'sun/nio/fs/WindowsException'{0x00000000c9fbb638}> (0x00000000c9fbb638) 
thrown [s\open\src\hotspot\share\prims\jni.cpp, line 516]
Event: 4.899 Thread 0x000001c0c3a65b70 Exception <a 'sun/nio/fs/WindowsException'{0x00000000c9fbb9b0}> (0x00000000c9fbb9b0) 
thrown [s\open\src\hotspot\share\prims\jni.cpp, line 516]
Event: 4.899 Thread 0x000001c0c3a65b70 Exception <a 'sun/nio/fs/WindowsException'{0x00000000c9fc4ce0}> (0x00000000c9fc4ce0) 
thrown [s\open\src\hotspot\share\prims\jni.cpp, line 516]
Event: 4.899 Thread 0x000001c0c3a65b70 Exception <a 'sun/nio/fs/WindowsException'{0x00000000c9fc50a0}> (0x00000000c9fc50a0) 
thrown [s\open\src\hotspot\share\prims\jni.cpp, line 516]
Event: 4.899 Thread 0x000001c0c3a65b70 Exception <a 'sun/nio/fs/WindowsException'{0x00000000c9fc6358}> (0x00000000c9fc6358) 
thrown [s\open\src\hotspot\share\prims\jni.cpp, line 516]
Event: 4.900 Thread 0x000001c0c3a65b70 Exception <a 'sun/nio/fs/WindowsException'{0x00000000c9fc67a0}> (0x00000000c9fc67a0) 
thrown [s\open\src\hotspot\share\prims\jni.cpp, line 516]
Event: 4.973 Thread 0x000001c0c3a65b70 Implicit null exception at 0x000001c0d2f0792d to 0x000001c0d2f07d40

VM Operations (20 events):
Event: 4.686 Executing VM operation: G1Concurrent done
Event: 4.707 Executing VM operation: G1TryInitiateConcMark
Event: 4.714 Executing VM operation: G1TryInitiateConcMark done
Event: 4.762 Executing VM operation: G1Concurrent
Event: 4.766 Executing VM operation: G1Concurrent done
Event: 4.790 Executing VM operation: G1Concurrent
Event: 4.790 Executing VM operation: G1Concurrent done
Event: 4.866 Executing VM operation: G1CollectForAllocation
Event: 4.873 Executing VM operation: G1CollectForAllocation done
Event: 4.915 Executing VM operation: HandshakeAllThreads
Event: 4.915 Executing VM operation: HandshakeAllThreads done
Event: 5.203 Executing VM operation: G1CollectForAllocation
Event: 5.209 Executing VM operation: G1CollectForAllocation done
Event: 5.255 Executing VM operation: G1Concurrent
Event: 5.260 Executing VM operation: G1Concurrent done
Event: 5.287 Executing VM operation: G1Concurrent
Event: 5.287 Executing VM operation: G1Concurrent done
Event: 5.410 Executing VM operation: G1CollectForAllocation
Event: 5.413 Executing VM operation: G1CollectForAllocation done
Event: 5.421 Executing VM operation: G1CollectForAllocation

Events (20 events):
Event: 4.980 loading class java/lang/Class$EnclosingMethodInfo
Event: 4.980 loading class java/lang/Class$EnclosingMethodInfo done
Event: 5.009 loading class java/util/regex/Pattern$1
Event: 5.009 loading class java/util/regex/Pattern$1 done
Event: 5.066 loading class java/text/BreakIterator
Event: 5.067 loading class java/text/BreakIterator done
Event: 5.112 loading class java/util/regex/Pattern$LookBehindEndNode
Event: 5.112 loading class java/util/regex/Pattern$LookBehindEndNode done
Event: 5.112 loading class java/util/regex/Pattern$NotBehind
Event: 5.112 loading class java/util/regex/Pattern$NotBehind done
Event: 5.132 loading class java/util/Vector$1
Event: 5.132 loading class java/util/Vector$1 done
Event: 5.279 loading class java/util/Collections$UnmodifiableSortedSet
Event: 5.281 loading class java/util/Collections$UnmodifiableSortedSet done
Event: 5.332 loading class java/util/IdentityHashMap$EntrySet
Event: 5.333 loading class java/util/IdentityHashMap$EntrySet done
Event: 5.333 loading class java/util/IdentityHashMap$EntryIterator
Event: 5.333 loading class java/util/IdentityHashMap$EntryIterator done
Event: 5.333 loading class java/util/IdentityHashMap$EntryIterator$Entry
Event: 5.333 loading class java/util/IdentityHashMap$EntryIterator$Entry done


Dynamic libraries:
0x00007ff67fd80000 - 0x00007ff67fd90000 	C:\Program Files\Java\jdk-17\bin\java.exe
0x00007ff917630000 - 0x00007ff917847000 	C:\WINDOWS\SYSTEM32\ntdll.dll
0x00007ff9161b0000 - 0x00007ff916274000 	C:\WINDOWS\System32\KERNEL32.DLL
0x00007ff914cd0000 - 0x00007ff915089000 	C:\WINDOWS\System32\KERNELBASE.dll
0x00007ff915230000 - 0x00007ff915341000 	C:\WINDOWS\System32\ucrtbase.dll
0x00007ff8e5310000 - 0x00007ff8e5329000 	C:\Program Files\Java\jdk-17\bin\jli.dll
0x00007ff9166f0000 - 0x00007ff9167a2000 	C:\WINDOWS\System32\ADVAPI32.dll
0x00007ff916990000 - 0x00007ff916a37000 	C:\WINDOWS\System32\msvcrt.dll
0x00007ff916280000 - 0x00007ff916327000 	C:\WINDOWS\System32\sechost.dll
0x00007ff914b40000 - 0x00007ff914b68000 	C:\WINDOWS\System32\bcrypt.dll
0x00007ff915940000 - 0x00007ff915a54000 	C:\WINDOWS\System32\RPCRT4.dll
0x00007ff9167c0000 - 0x00007ff91696e000 	C:\WINDOWS\System32\USER32.dll
0x00007ff914be0000 - 0x00007ff914c06000 	C:\WINDOWS\System32\win32u.dll
0x00007ff917570000 - 0x00007ff917599000 	C:\WINDOWS\System32\GDI32.dll
0x00007ff915110000 - 0x00007ff91522b000 	C:\WINDOWS\System32\gdi32full.dll
0x00007ff8fe510000 - 0x00007ff8fe7a2000 	C:\WINDOWS\WinSxS\amd64_microsoft.windows.common-controls_6595b64144ccf1df_6.0.22621.4391_none_2715d37f73803e96\COMCTL32.dll
0x00007ff914aa0000 - 0x00007ff914b3a000 	C:\WINDOWS\System32\msvcp_win.dll
0x00007ff909430000 - 0x00007ff90943a000 	C:\WINDOWS\SYSTEM32\VERSION.dll
0x00007ff901a30000 - 0x00007ff901a4b000 	C:\Program Files\Java\jdk-17\bin\VCRUNTIME140.dll
0x00007ff916a40000 - 0x00007ff916a71000 	C:\WINDOWS\System32\IMM32.DLL
0x00007ff90d120000 - 0x00007ff90d12c000 	C:\Program Files\Java\jdk-17\bin\vcruntime140_1.dll
0x00007ff8e5280000 - 0x00007ff8e530e000 	C:\Program Files\Java\jdk-17\bin\msvcp140.dll
0x00007ff8b8400000 - 0x00007ff8b8fe0000 	C:\Program Files\Java\jdk-17\bin\server\jvm.dll
0x00007ff9166e0000 - 0x00007ff9166e8000 	C:\WINDOWS\System32\PSAPI.DLL
0x00007ff90aa80000 - 0x00007ff90aab4000 	C:\WINDOWS\SYSTEM32\WINMM.dll
0x00007ff900670000 - 0x00007ff900679000 	C:\WINDOWS\SYSTEM32\WSOCK32.dll
0x00007ff915350000 - 0x00007ff9153c1000 	C:\WINDOWS\System32\WS2_32.dll
0x00007ff9139e0000 - 0x00007ff9139f8000 	C:\WINDOWS\SYSTEM32\kernel.appcore.dll
0x00007ff8fc690000 - 0x00007ff8fc69a000 	C:\Program Files\Java\jdk-17\bin\jimage.dll
0x00007ff912090000 - 0x00007ff9122c2000 	C:\WINDOWS\SYSTEM32\DBGHELP.DLL
0x00007ff915a60000 - 0x00007ff915def000 	C:\WINDOWS\System32\combase.dll
0x00007ff916600000 - 0x00007ff9166d7000 	C:\WINDOWS\System32\OLEAUT32.dll
0x00007ff8f2b70000 - 0x00007ff8f2ba2000 	C:\WINDOWS\SYSTEM32\dbgcore.DLL
0x00007ff915090000 - 0x00007ff91510b000 	C:\WINDOWS\System32\bcryptPrimitives.dll
0x00007ff8e5250000 - 0x00007ff8e5275000 	C:\Program Files\Java\jdk-17\bin\java.dll
0x00007ff8e4a10000 - 0x00007ff8e4ae7000 	C:\Program Files\Java\jdk-17\bin\jsvml.dll
0x00007ff916be0000 - 0x00007ff917456000 	C:\WINDOWS\System32\SHELL32.dll
0x00007ff912870000 - 0x00007ff913173000 	C:\WINDOWS\SYSTEM32\windows.storage.dll
0x00007ff912730000 - 0x00007ff91286f000 	C:\WINDOWS\SYSTEM32\wintypes.dll
0x00007ff917460000 - 0x00007ff917559000 	C:\WINDOWS\System32\SHCORE.dll
0x00007ff916b80000 - 0x00007ff916bde000 	C:\WINDOWS\System32\shlwapi.dll
0x00007ff914860000 - 0x00007ff91488b000 	C:\WINDOWS\SYSTEM32\profapi.dll
0x00007ff8d6f00000 - 0x00007ff8d6f19000 	C:\Program Files\Java\jdk-17\bin\net.dll
0x00007ff90ddf0000 - 0x00007ff90df26000 	C:\WINDOWS\SYSTEM32\WINHTTP.dll
0x00007ff913e90000 - 0x00007ff913ef9000 	C:\WINDOWS\system32\mswsock.dll
0x00007ff8d2f70000 - 0x00007ff8d2f86000 	C:\Program Files\Java\jdk-17\bin\nio.dll
0x00007ff8d2ed0000 - 0x00007ff8d2ee8000 	C:\Program Files\Java\jdk-17\bin\zip.dll
0x00007ff90a670000 - 0x00007ff90a694000 	C:\apache-maven\apache-maven-3.9.9-bin\apache-maven-3.9.9\lib\jansi-native\Windows\x86_64\jansi.dll
0x00007ff8f10f0000 - 0x00007ff8f1100000 	C:\Program Files\Java\jdk-17\bin\verify.dll
0x00007ff913af0000 - 0x00007ff913b24000 	C:\WINDOWS\SYSTEM32\ntmarta.dll

dbghelp: loaded successfully - version: 4.0.5 - missing functions: none
symbol engine: initialized successfully - sym options: 0x614 - pdb path: .;C:\Program Files\Java\jdk-17\bin;C:\WINDOWS\SYSTEM32;C:\WINDOWS\WinSxS\amd64_microsoft.windows.common-controls_6595b64144ccf1df_6.0.22621.4391_none_2715d37f73803e96;C:\Program Files\Java\jdk-17\bin\server;C:\apache-maven\apache-maven-3.9.9-bin\apache-maven-3.9.9\lib\jansi-native\Windows\x86_64

VM Arguments:
jvm_args: -Dclassworlds.conf=C:\apache-maven\apache-maven-3.9.9-bin\apache-maven-3.9.9\bin\m2.conf -Dmaven.home=C:\apache-maven\apache-maven-3.9.9-bin\apache-maven-3.9.9 -Dlibrary.jansi.path=C:\apache-maven\apache-maven-3.9.9-bin\apache-maven-3.9.9\lib\jansi-native -Dmaven.multiModuleProjectDirectory=C:\Users\beluc\Documents\2024\Ing de soft\TFI\API_Soft 
java_command: org.codehaus.plexus.classworlds.launcher.Launcher clean install
java_class_path (initial): C:\apache-maven\apache-maven-3.9.9-bin\apache-maven-3.9.9\boot\plexus-classworlds-2.8.0.jar
Launcher Type: SUN_STANDARD

[Global flags]
     intx CICompilerCount                          = 3                                         {product} {ergonomic}
     uint ConcGCThreads                            = 1                                         {product} {ergonomic}
     uint G1ConcRefinementThreads                  = 4                                         {product} {ergonomic}
   size_t G1HeapRegionSize                         = 1048576                                   {product} {ergonomic}
    uintx GCDrainStackTargetSize                   = 64                                        {product} {ergonomic}
   size_t InitialHeapSize                          = 62914560                                  {product} {ergonomic}
   size_t MarkStackSize                            = 4194304                                   {product} {ergonomic}
   size_t MaxHeapSize                              = 994050048                                 {product} {ergonomic}
   size_t MaxNewSize                               = 595591168                                 {product} {ergonomic}
   size_t MinHeapDeltaBytes                        = 1048576                                   {product} {ergonomic}
   size_t MinHeapSize                              = 8388608                                   {product} {ergonomic}
    uintx NonNMethodCodeHeapSize                   = 5832780                                {pd product} {ergonomic}
    uintx NonProfiledCodeHeapSize                  = 122912730                              {pd product} {ergonomic}
    uintx ProfiledCodeHeapSize                     = 122912730                              {pd product} {ergonomic}
    uintx ReservedCodeCacheSize                    = 251658240                              {pd product} {ergonomic}
     bool SegmentedCodeCache                       = true                                      {product} {ergonomic}
   size_t SoftMaxHeapSize                          = 994050048                              {manageable} {ergonomic}
     bool UseCompressedClassPointers               = true                           {product lp64_product} {ergonomic}
     bool UseCompressedOops                        = true                           {product lp64_product} {ergonomic}
     bool UseG1GC                                  = true                                      {product} {ergonomic}
     bool UseLargePagesIndividualAllocation        = false                                  {pd product} {ergonomic}

Logging:
Log output configuration:
 #0: stdout all=warning uptime,level,tags
 #1: stderr all=off uptime,level,tags

Environment Variables:
JAVA_HOME=C:\Program Files\Java\jdk-17
PATH=C:\Program Files\Common Files\Oracle\Java\javapath;C:\WINDOWS\system32;C:\WINDOWS;C:\WINDOWS\System32\Wbem;C:\WINDOWS\System32\WindowsPowerShell\v1.0\;C:\WINDOWS\System32\OpenSSH\;C:\Program Files\nodejs\;C:\Program Files\Git\cmd;C:\apache-maven\apache-maven-3.9.9-bin\apache-maven-3.9.9\bin;C:\Program Files\Java\jdk-17\bin;C:\Users\beluc\AppData\Local\Microsoft\WindowsApps;C:\Users\beluc\AppData\Roaming\npm;C:\Users\beluc\AppData\Local\Programs\Microsoft VS Code\bin;C:\Users\beluc\AppData\Local\GitHubDesktop\bin;C:\Program Files\MySQL\MySQL Server 9.0\bin;
USERNAME=beluc
OS=Windows_NT
PROCESSOR_IDENTIFIER=Intel64 Family 6 Model 140 Stepping 1, GenuineIntel



---------------  S Y S T E M  ---------------

OS:
 Windows 11 , 64 bit Build 22621 (10.0.22621.4391)
OS uptime: 5 days 19:23 hours

CPU: total 4 (initial active 4) (2 cores per cpu, 2 threads per core) family 6 model 140 stepping 1 microcode 0x86, cx8, cmov, fxsr, ht, mmx, 3dnowpref, sse, sse2, sse3, ssse3, sse4.1, sse4.2, popcnt, lzcnt, tsc, tscinvbit, avx, avx2, aes, erms, clmul, bmi1, bmi2, adx, avx512f, avx512dq, avx512cd, avx512bw, avx512vl, sha, fma, vzeroupper, avx512_vpopcntdq, avx512_vpclmulqdq, avx512_vaes, avx512_vnni, clflush, clflushopt, clwb, avx512_vbmi2, avx512_vbmi

Memory: 4k page, system-wide physical 3790M (174M free)
TotalPageFile size 16078M (AvailPageFile size 19M)
current process WorkingSet (physical memory assigned to process): 222M, peak: 222M
current process commit charge ("private bytes"): 247M, peak: 289M

vm_info: Java HotSpot(TM) 64-Bit Server VM (17.0.12+8-LTS-286) for windows-amd64 JRE (17.0.12+8-LTS-286), built on Jun  5 2024 06:46:59 by "mach5one" with MS VC++ 17.6 (VS2022)

END.
