#
# There is insufficient memory for the Java Runtime Environment to continue.
# Native memory allocation (malloc) failed to allocate 1257008 bytes for Chunk::new
# Possible reasons:
#   The system is out of physical RAM or swap space
#   The process is running with CompressedOops enabled, and the Java Heap may be blocking the growth of the native heap
# Possible solutions:
#   Reduce memory load on the system
#   Increase physical memory or swap space
#   Check if swap backing store is full
#   Decrease Java heap size (-Xmx/-Xms)
#   Decrease number of Java threads
#   Decrease Java thread stack sizes (-Xss)
#   Set larger code cache with -XX:ReservedCodeCacheSize=
#   JVM is running with Unscaled Compressed Oops mode in which the Java heap is
#     placed in the first 4GB address space. The Java Heap base address is the
#     maximum limit for the native heap growth. Please use -XX:HeapBaseMinAddress
#     to set the Java Heap base and to place the Java Heap above 4GB virtual address.
# This output file may be truncated or incomplete.
#
#  Out of Memory Error (arena.cpp:189), pid=15960, tid=22288
#
# JRE version: Java(TM) SE Runtime Environment (17.0.12+8) (build 17.0.12+8-LTS-286)
# Java VM: Java HotSpot(TM) 64-Bit Server VM (17.0.12+8-LTS-286, mixed mode, sharing, tiered, compressed oops, compressed class ptrs, g1 gc, windows-amd64)
# No core dump will be written. Minidumps are not enabled by default on client versions of Windows
#

---------------  S U M M A R Y ------------

Command Line: -Dclassworlds.conf=C:\apache-maven\apache-maven-3.9.9-bin\apache-maven-3.9.9\bin\m2.conf -Dmaven.home=C:\apache-maven\apache-maven-3.9.9-bin\apache-maven-3.9.9 -Dlibrary.jansi.path=C:\apache-maven\apache-maven-3.9.9-bin\apache-maven-3.9.9\lib\jansi-native -Dmaven.multiModuleProjectDirectory=C:\Users\beluc\Documents\2024\Ing de soft\TFI\API_Soft org.codehaus.plexus.classworlds.launcher.Launcher spring-boot:run

Host: 11th Gen Intel(R) Core(TM) i3-1115G4 @ 3.00GHz, 4 cores, 3G,  Windows 11 , 64 bit Build 22621 (10.0.22621.4391)
Time: Mon Dec  2 09:56:01 2024 Hora estándar de Argentina elapsed time: 3.431969 seconds (0d 0h 0m 3s)

---------------  T H R E A D  ---------------

Current thread (0x000002b6dbd1df20):  JavaThread "C2 CompilerThread0" daemon [_thread_in_native, id=22288, stack(0x000000f9e8100000,0x000000f9e8200000)]


Current CompileTask:
C2:   3432 3692       4       org.eclipse.sisu.inject.LocatedBeans$Itr::hasNext (169 bytes)

Stack: [0x000000f9e8100000,0x000000f9e8200000]
Native frames: (J=compiled Java code, j=interpreted, Vv=VM code, C=native code)
V  [jvm.dll+0x67a04a]
V  [jvm.dll+0x7da4ed]
V  [jvm.dll+0x7dbe33]
V  [jvm.dll+0x7dc4a3]
V  [jvm.dll+0x24508f]
V  [jvm.dll+0xab773]
V  [jvm.dll+0xabd3c]
V  [jvm.dll+0x361bee]
V  [jvm.dll+0x32c431]
V  [jvm.dll+0x32b8ca]
V  [jvm.dll+0x21683f]
V  [jvm.dll+0x215c6f]
V  [jvm.dll+0x1a2960]
V  [jvm.dll+0x22610b]
V  [jvm.dll+0x2242ab]
V  [jvm.dll+0x79075c]
V  [jvm.dll+0x78abea]
V  [jvm.dll+0x678f35]
C  [ucrtbase.dll+0x29333]
C  [KERNEL32.DLL+0x1259d]
C  [ntdll.dll+0x5af38]


---------------  P R O C E S S  ---------------

Threads class SMR info:
_java_thread_list=0x000002b6fe0a5dc0, length=13, elements={
0x000002b6dbc4fce0, 0x000002b6dbcfc590, 0x000002b6dbcfd8f0, 0x000002b6dbd0f110,
0x000002b6dbd12380, 0x000002b6dbd15d60, 0x000002b6dbd16ec0, 0x000002b6dbd1df20,
0x000002b6dbd1e9d0, 0x000002b6f8c109f0, 0x000002b6fd09af60, 0x000002b6fd09faf0,
0x000002b6fdab0030
}

Java Threads: ( => current thread )
  0x000002b6dbc4fce0 JavaThread "main" [_thread_in_native, id=5280, stack(0x000000f9e7400000,0x000000f9e7500000)]
  0x000002b6dbcfc590 JavaThread "Reference Handler" daemon [_thread_blocked, id=4148, stack(0x000000f9e7b00000,0x000000f9e7c00000)]
  0x000002b6dbcfd8f0 JavaThread "Finalizer" daemon [_thread_blocked, id=18704, stack(0x000000f9e7c00000,0x000000f9e7d00000)]
  0x000002b6dbd0f110 JavaThread "Signal Dispatcher" daemon [_thread_blocked, id=8996, stack(0x000000f9e7d00000,0x000000f9e7e00000)]
  0x000002b6dbd12380 JavaThread "Attach Listener" daemon [_thread_blocked, id=16416, stack(0x000000f9e7e00000,0x000000f9e7f00000)]
  0x000002b6dbd15d60 JavaThread "Service Thread" daemon [_thread_blocked, id=16480, stack(0x000000f9e7f00000,0x000000f9e8000000)]
  0x000002b6dbd16ec0 JavaThread "Monitor Deflation Thread" daemon [_thread_blocked, id=15752, stack(0x000000f9e8000000,0x000000f9e8100000)]
=>0x000002b6dbd1df20 JavaThread "C2 CompilerThread0" daemon [_thread_in_native, id=22288, stack(0x000000f9e8100000,0x000000f9e8200000)]
  0x000002b6dbd1e9d0 JavaThread "C1 CompilerThread0" daemon [_thread_blocked, id=7012, stack(0x000000f9e8200000,0x000000f9e8300000)]
  0x000002b6f8c109f0 JavaThread "Sweeper thread" daemon [_thread_blocked, id=8288, stack(0x000000f9e8300000,0x000000f9e8400000)]
  0x000002b6fd09af60 JavaThread "Notification Thread" daemon [_thread_blocked, id=8328, stack(0x000000f9e8400000,0x000000f9e8500000)]
  0x000002b6fd09faf0 JavaThread "Common-Cleaner" daemon [_thread_blocked, id=1220, stack(0x000000f9e8600000,0x000000f9e8700000)]
  0x000002b6fdab0030 JavaThread "Thread-1" daemon [_thread_blocked, id=16908, stack(0x000000f9e8700000,0x000000f9e8800000)]

Other Threads:
  0x000002b6dbcf4330 VMThread "VM Thread" [stack: 0x000000f9e7a00000,0x000000f9e7b00000] [id=7960]
  0x000002b6fd09f860 WatcherThread [stack: 0x000000f9e8500000,0x000000f9e8600000] [id=17300]
  0x000002b6dbc8a480 GCTaskThread "GC Thread#0" [stack: 0x000000f9e7500000,0x000000f9e7600000] [id=22680]
  0x000002b6fd8e0b20 GCTaskThread "GC Thread#1" [stack: 0x000000f9e8800000,0x000000f9e8900000] [id=20804]
  0x000002b6fd562d20 GCTaskThread "GC Thread#2" [stack: 0x000000f9e8900000,0x000000f9e8a00000] [id=10840]
  0x000002b6fd6df620 GCTaskThread "GC Thread#3" [stack: 0x000000f9e8a00000,0x000000f9e8b00000] [id=13628]
  0x000002b6dbc94200 ConcurrentGCThread "G1 Main Marker" [stack: 0x000000f9e7600000,0x000000f9e7700000] [id=23376]
  0x000002b6dbc95c20 ConcurrentGCThread "G1 Conc#0" [stack: 0x000000f9e7700000,0x000000f9e7800000] [id=3348]
  0x000002b6dbcd3dd0 ConcurrentGCThread "G1 Refine#0" [stack: 0x000000f9e7800000,0x000000f9e7900000] [id=12584]
  0x000002b6fdd771f0 ConcurrentGCThread "G1 Refine#1" [stack: 0x000000f9e8b00000,0x000000f9e8c00000] [id=19860]
  0x000002b6dbcd4800 ConcurrentGCThread "G1 Service" [stack: 0x000000f9e7900000,0x000000f9e7a00000] [id=20172]

Threads with active compile tasks:
C2 CompilerThread0     3461 3692       4       org.eclipse.sisu.inject.LocatedBeans$Itr::hasNext (169 bytes)

VM state: not at safepoint (normal execution)

VM Mutex/Monitor currently owned by a thread: None

Heap address: 0x00000000c4c00000, size: 948 MB, Compressed Oops mode: 32-bit

CDS archive(s) mapped at: [0x000002b680000000-0x000002b680bd0000-0x000002b680bd0000), size 12386304, SharedBaseAddress: 0x000002b680000000, ArchiveRelocationMode: 1.
Compressed class space mapped at: 0x000002b681000000-0x000002b6c1000000, reserved size: 1073741824
Narrow klass base: 0x000002b680000000, Narrow klass shift: 0, Narrow klass range: 0x100000000

GC Precious Log:
 CPUs: 4 total, 4 available
 Memory: 3790M
 Large Page Support: Disabled
 NUMA Support: Disabled
 Compressed Oops: Enabled (32-bit)
 Heap Region Size: 1M
 Heap Min Capacity: 8M
 Heap Initial Capacity: 60M
 Heap Max Capacity: 948M
 Pre-touch: Disabled
 Parallel Workers: 4
 Concurrent Workers: 1
 Concurrent Refinement Workers: 4
 Periodic GC: Disabled

Heap:
 garbage-first heap   total 61440K, used 35840K [0x00000000c4c00000, 0x0000000100000000)
  region size 1024K, 31 young (31744K), 5 survivors (5120K)
 Metaspace       used 15721K, committed 15872K, reserved 1114112K
  class space    used 1868K, committed 1920K, reserved 1048576K

Heap Regions: E=young(eden), S=young(survivor), O=old, HS=humongous(starts), HC=humongous(continues), CS=collection set, F=free, OA=open archive, CA=closed archive, TAMS=top-at-mark-start (previous, next)
|   0|0x00000000c4c00000, 0x00000000c4d00000, 0x00000000c4d00000|100%| O|  |TAMS 0x00000000c4c00000, 0x00000000c4c00000| Untracked 
|   1|0x00000000c4d00000, 0x00000000c4e00000, 0x00000000c4e00000|100%| O|  |TAMS 0x00000000c4d00000, 0x00000000c4d00000| Untracked 
|   2|0x00000000c4e00000, 0x00000000c4f00000, 0x00000000c4f00000|100%| O|  |TAMS 0x00000000c4e00000, 0x00000000c4e00000| Untracked 
|   3|0x00000000c4f00000, 0x00000000c5000000, 0x00000000c5000000|100%| O|  |TAMS 0x00000000c4f00000, 0x00000000c4f00000| Untracked 
|   4|0x00000000c5000000, 0x00000000c5100000, 0x00000000c5100000|100%| O|  |TAMS 0x00000000c5000000, 0x00000000c5000000| Untracked 
|   5|0x00000000c5100000, 0x00000000c5100000, 0x00000000c5200000|  0%| F|  |TAMS 0x00000000c5100000, 0x00000000c5100000| Untracked 
|   6|0x00000000c5200000, 0x00000000c5200000, 0x00000000c5300000|  0%| F|  |TAMS 0x00000000c5200000, 0x00000000c5200000| Untracked 
|   7|0x00000000c5300000, 0x00000000c5300000, 0x00000000c5400000|  0%| F|  |TAMS 0x00000000c5300000, 0x00000000c5300000| Untracked 
|   8|0x00000000c5400000, 0x00000000c5400000, 0x00000000c5500000|  0%| F|  |TAMS 0x00000000c5400000, 0x00000000c5400000| Untracked 
|   9|0x00000000c5500000, 0x00000000c5500000, 0x00000000c5600000|  0%| F|  |TAMS 0x00000000c5500000, 0x00000000c5500000| Untracked 
|  10|0x00000000c5600000, 0x00000000c5600000, 0x00000000c5700000|  0%| F|  |TAMS 0x00000000c5600000, 0x00000000c5600000| Untracked 
|  11|0x00000000c5700000, 0x00000000c5700000, 0x00000000c5800000|  0%| F|  |TAMS 0x00000000c5700000, 0x00000000c5700000| Untracked 
|  12|0x00000000c5800000, 0x00000000c5800000, 0x00000000c5900000|  0%| F|  |TAMS 0x00000000c5800000, 0x00000000c5800000| Untracked 
|  13|0x00000000c5900000, 0x00000000c5900000, 0x00000000c5a00000|  0%| F|  |TAMS 0x00000000c5900000, 0x00000000c5900000| Untracked 
|  14|0x00000000c5a00000, 0x00000000c5a00000, 0x00000000c5b00000|  0%| F|  |TAMS 0x00000000c5a00000, 0x00000000c5a00000| Untracked 
|  15|0x00000000c5b00000, 0x00000000c5b00000, 0x00000000c5c00000|  0%| F|  |TAMS 0x00000000c5b00000, 0x00000000c5b00000| Untracked 
|  16|0x00000000c5c00000, 0x00000000c5c00000, 0x00000000c5d00000|  0%| F|  |TAMS 0x00000000c5c00000, 0x00000000c5c00000| Untracked 
|  17|0x00000000c5d00000, 0x00000000c5d00000, 0x00000000c5e00000|  0%| F|  |TAMS 0x00000000c5d00000, 0x00000000c5d00000| Untracked 
|  18|0x00000000c5e00000, 0x00000000c5e00000, 0x00000000c5f00000|  0%| F|  |TAMS 0x00000000c5e00000, 0x00000000c5e00000| Untracked 
|  19|0x00000000c5f00000, 0x00000000c6000000, 0x00000000c6000000|100%| S|CS|TAMS 0x00000000c5f00000, 0x00000000c5f00000| Complete 
|  20|0x00000000c6000000, 0x00000000c6100000, 0x00000000c6100000|100%| S|CS|TAMS 0x00000000c6000000, 0x00000000c6000000| Complete 
|  21|0x00000000c6100000, 0x00000000c6100000, 0x00000000c6200000|  0%| F|  |TAMS 0x00000000c6100000, 0x00000000c6100000| Untracked 
|  22|0x00000000c6200000, 0x00000000c6200000, 0x00000000c6300000|  0%| F|  |TAMS 0x00000000c6200000, 0x00000000c6200000| Untracked 
|  23|0x00000000c6300000, 0x00000000c6300000, 0x00000000c6400000|  0%| F|  |TAMS 0x00000000c6300000, 0x00000000c6300000| Untracked 
|  24|0x00000000c6400000, 0x00000000c6500000, 0x00000000c6500000|100%| S|CS|TAMS 0x00000000c6400000, 0x00000000c6400000| Complete 
|  25|0x00000000c6500000, 0x00000000c6600000, 0x00000000c6600000|100%| S|CS|TAMS 0x00000000c6500000, 0x00000000c6500000| Complete 
|  26|0x00000000c6600000, 0x00000000c6700000, 0x00000000c6700000|100%| S|CS|TAMS 0x00000000c6600000, 0x00000000c6600000| Complete 
|  27|0x00000000c6700000, 0x00000000c6700000, 0x00000000c6800000|  0%| F|  |TAMS 0x00000000c6700000, 0x00000000c6700000| Untracked 
|  28|0x00000000c6800000, 0x00000000c6800000, 0x00000000c6900000|  0%| F|  |TAMS 0x00000000c6800000, 0x00000000c6800000| Untracked 
|  29|0x00000000c6900000, 0x00000000c6900000, 0x00000000c6a00000|  0%| F|  |TAMS 0x00000000c6900000, 0x00000000c6900000| Untracked 
|  30|0x00000000c6a00000, 0x00000000c6a00000, 0x00000000c6b00000|  0%| F|  |TAMS 0x00000000c6a00000, 0x00000000c6a00000| Untracked 
|  31|0x00000000c6b00000, 0x00000000c6b00000, 0x00000000c6c00000|  0%| F|  |TAMS 0x00000000c6b00000, 0x00000000c6b00000| Untracked 
|  32|0x00000000c6c00000, 0x00000000c6c00000, 0x00000000c6d00000|  0%| F|  |TAMS 0x00000000c6c00000, 0x00000000c6c00000| Untracked 
|  33|0x00000000c6d00000, 0x00000000c6d00000, 0x00000000c6e00000|  0%| F|  |TAMS 0x00000000c6d00000, 0x00000000c6d00000| Untracked 
|  34|0x00000000c6e00000, 0x00000000c6f00000, 0x00000000c6f00000|100%| E|  |TAMS 0x00000000c6e00000, 0x00000000c6e00000| Complete 
|  35|0x00000000c6f00000, 0x00000000c7000000, 0x00000000c7000000|100%| E|CS|TAMS 0x00000000c6f00000, 0x00000000c6f00000| Complete 
|  36|0x00000000c7000000, 0x00000000c7100000, 0x00000000c7100000|100%| E|CS|TAMS 0x00000000c7000000, 0x00000000c7000000| Complete 
|  37|0x00000000c7100000, 0x00000000c7200000, 0x00000000c7200000|100%| E|CS|TAMS 0x00000000c7100000, 0x00000000c7100000| Complete 
|  38|0x00000000c7200000, 0x00000000c7300000, 0x00000000c7300000|100%| E|CS|TAMS 0x00000000c7200000, 0x00000000c7200000| Complete 
|  39|0x00000000c7300000, 0x00000000c7400000, 0x00000000c7400000|100%| E|CS|TAMS 0x00000000c7300000, 0x00000000c7300000| Complete 
|  40|0x00000000c7400000, 0x00000000c7500000, 0x00000000c7500000|100%| E|CS|TAMS 0x00000000c7400000, 0x00000000c7400000| Complete 
|  41|0x00000000c7500000, 0x00000000c7600000, 0x00000000c7600000|100%| E|CS|TAMS 0x00000000c7500000, 0x00000000c7500000| Complete 
|  42|0x00000000c7600000, 0x00000000c7700000, 0x00000000c7700000|100%| E|CS|TAMS 0x00000000c7600000, 0x00000000c7600000| Complete 
|  43|0x00000000c7700000, 0x00000000c7800000, 0x00000000c7800000|100%| E|CS|TAMS 0x00000000c7700000, 0x00000000c7700000| Complete 
|  44|0x00000000c7800000, 0x00000000c7900000, 0x00000000c7900000|100%| E|CS|TAMS 0x00000000c7800000, 0x00000000c7800000| Complete 
|  45|0x00000000c7900000, 0x00000000c7a00000, 0x00000000c7a00000|100%| E|CS|TAMS 0x00000000c7900000, 0x00000000c7900000| Complete 
|  46|0x00000000c7a00000, 0x00000000c7b00000, 0x00000000c7b00000|100%| E|CS|TAMS 0x00000000c7a00000, 0x00000000c7a00000| Complete 
|  47|0x00000000c7b00000, 0x00000000c7c00000, 0x00000000c7c00000|100%| E|CS|TAMS 0x00000000c7b00000, 0x00000000c7b00000| Complete 
|  48|0x00000000c7c00000, 0x00000000c7d00000, 0x00000000c7d00000|100%| E|CS|TAMS 0x00000000c7c00000, 0x00000000c7c00000| Complete 
|  49|0x00000000c7d00000, 0x00000000c7e00000, 0x00000000c7e00000|100%| E|CS|TAMS 0x00000000c7d00000, 0x00000000c7d00000| Complete 
|  50|0x00000000c7e00000, 0x00000000c7f00000, 0x00000000c7f00000|100%| E|CS|TAMS 0x00000000c7e00000, 0x00000000c7e00000| Complete 
|  51|0x00000000c7f00000, 0x00000000c8000000, 0x00000000c8000000|100%| E|CS|TAMS 0x00000000c7f00000, 0x00000000c7f00000| Complete 
|  52|0x00000000c8000000, 0x00000000c8100000, 0x00000000c8100000|100%| E|CS|TAMS 0x00000000c8000000, 0x00000000c8000000| Complete 
|  53|0x00000000c8100000, 0x00000000c8200000, 0x00000000c8200000|100%| E|CS|TAMS 0x00000000c8100000, 0x00000000c8100000| Complete 
|  54|0x00000000c8200000, 0x00000000c8300000, 0x00000000c8300000|100%| E|CS|TAMS 0x00000000c8200000, 0x00000000c8200000| Complete 
|  55|0x00000000c8300000, 0x00000000c8400000, 0x00000000c8400000|100%| E|CS|TAMS 0x00000000c8300000, 0x00000000c8300000| Complete 
|  56|0x00000000c8400000, 0x00000000c8500000, 0x00000000c8500000|100%| E|CS|TAMS 0x00000000c8400000, 0x00000000c8400000| Complete 
|  57|0x00000000c8500000, 0x00000000c8600000, 0x00000000c8600000|100%| E|CS|TAMS 0x00000000c8500000, 0x00000000c8500000| Complete 
|  58|0x00000000c8600000, 0x00000000c8700000, 0x00000000c8700000|100%| E|CS|TAMS 0x00000000c8600000, 0x00000000c8600000| Complete 
|  59|0x00000000c8700000, 0x00000000c8800000, 0x00000000c8800000|100%| E|CS|TAMS 0x00000000c8700000, 0x00000000c8700000| Complete 

Card table byte_map: [0x000002b6f4500000,0x000002b6f46e0000] _byte_map_base: 0x000002b6f3eda000

Marking Bits (Prev, Next): (CMBitMap*) 0x000002b6dbc8aaa0, (CMBitMap*) 0x000002b6dbc8aae0
 Prev Bits: [0x000002b6f48c0000, 0x000002b6f5790000)
 Next Bits: [0x000002b6f5790000, 0x000002b6f6660000)

Polling page: 0x000002b6dbd20000

Metaspace:

Usage:
  Non-class:     13.53 MB used.
      Class:      1.83 MB used.
       Both:     15.35 MB used.

Virtual space:
  Non-class space:       64.00 MB reserved,      13.62 MB ( 21%) committed,  1 nodes.
      Class space:        1.00 GB reserved,       1.88 MB ( <1%) committed,  1 nodes.
             Both:        1.06 GB reserved,      15.50 MB (  1%) committed. 

Chunk freelists:
   Non-Class:  1.83 MB
       Class:  13.95 MB
        Both:  15.78 MB

MaxMetaspaceSize: unlimited
CompressedClassSpaceSize: 1.00 GB
Initial GC threshold: 21.00 MB
Current GC threshold: 21.00 MB
CDS: on
MetaspaceReclaimPolicy: balanced
 - commit_granule_bytes: 65536.
 - commit_granule_words: 8192.
 - virtual_space_node_default_size: 8388608.
 - enlarge_chunks_in_place: 1.
 - new_chunks_are_fully_committed: 0.
 - uncommit_free_chunks: 1.
 - use_allocation_guard: 0.
 - handle_deallocations: 1.


Internal statistics:

num_allocs_failed_limit: 0.
num_arena_births: 106.
num_arena_deaths: 0.
num_vsnodes_births: 2.
num_vsnodes_deaths: 0.
num_space_committed: 248.
num_space_uncommitted: 0.
num_chunks_returned_to_freelist: 0.
num_chunks_taken_from_freelist: 664.
num_chunk_merges: 0.
num_chunk_splits: 451.
num_chunks_enlarged: 352.
num_inconsistent_stats: 0.

CodeHeap 'non-profiled nmethods': size=120000Kb used=1591Kb max_used=1591Kb free=118408Kb
 bounds [0x000002b6ec7d0000, 0x000002b6eca40000, 0x000002b6f3d00000]
CodeHeap 'profiled nmethods': size=120000Kb used=7743Kb max_used=7743Kb free=112256Kb
 bounds [0x000002b6e4d00000, 0x000002b6e5490000, 0x000002b6ec230000]
CodeHeap 'non-nmethods': size=5760Kb used=1189Kb max_used=1223Kb free=4570Kb
 bounds [0x000002b6ec230000, 0x000002b6ec4a0000, 0x000002b6ec7d0000]
 total_blobs=4243 nmethods=3773 adapters=382
 compilation: enabled
              stopped_count=0, restarted_count=0
 full_count=0

Compilation events (20 events):
Event: 3.415 Thread 0x000002b6dbd1e9d0 3717       3       org.codehaus.plexus.util.xml.Xpp3Dom::mergeIntoXpp3Dom (518 bytes)
Event: 3.417 Thread 0x000002b6dbd1e9d0 nmethod 3717 0x000002b6e5476b90 code [0x000002b6e5477240, 0x000002b6e547b5b8]
Event: 3.417 Thread 0x000002b6dbd1e9d0 3719       3       java.util.HashSet::remove (20 bytes)
Event: 3.417 Thread 0x000002b6dbd1e9d0 nmethod 3719 0x000002b6e547ca90 code [0x000002b6e547cc40, 0x000002b6e547ce88]
Event: 3.418 Thread 0x000002b6dbd1e9d0 3720       3       java.util.TreeSet::size (10 bytes)
Event: 3.418 Thread 0x000002b6dbd1e9d0 nmethod 3720 0x000002b6e547cf90 code [0x000002b6e547d120, 0x000002b6e547d298]
Event: 3.421 Thread 0x000002b6dbd1e9d0 3721       3       java.io.FileInputStream::read (9 bytes)
Event: 3.422 Thread 0x000002b6dbd1e9d0 nmethod 3721 0x000002b6e547d390 code [0x000002b6e547d540, 0x000002b6e547d688]
Event: 3.423 Thread 0x000002b6dbd1e9d0 3722  s!   3       java.io.FileDescriptor::closeAll (163 bytes)
Event: 3.424 Thread 0x000002b6dbd1e9d0 nmethod 3722 0x000002b6e547d790 code [0x000002b6e547da00, 0x000002b6e547e888]
Event: 3.428 Thread 0x000002b6dbd1e9d0 3724       1       org.apache.maven.model.Model::setMailingLists (6 bytes)
Event: 3.428 Thread 0x000002b6dbd1e9d0 nmethod 3724 0x000002b6ec958e90 code [0x000002b6ec959020, 0x000002b6ec959138]
Event: 3.428 Thread 0x000002b6dbd1e9d0 3725   !   3       sun.nio.cs.StreamDecoder::inReady (36 bytes)
Event: 3.428 Thread 0x000002b6dbd1e9d0 nmethod 3725 0x000002b6e547ef10 code [0x000002b6e547f0c0, 0x000002b6e547f4a8]
Event: 3.428 Thread 0x000002b6dbd1e9d0 3728       3       jdk.internal.ref.PhantomCleanable::clear (12 bytes)
Event: 3.428 Thread 0x000002b6dbd1e9d0 nmethod 3728 0x000002b6e547f590 code [0x000002b6e547f740, 0x000002b6e547f958]
Event: 3.428 Thread 0x000002b6dbd1e9d0 3726       1       org.apache.maven.model.Model::setBuild (6 bytes)
Event: 3.428 Thread 0x000002b6dbd1e9d0 nmethod 3726 0x000002b6ec959590 code [0x000002b6ec959720, 0x000002b6ec959838]
Event: 3.428 Thread 0x000002b6dbd1e9d0 3727       1       org.codehaus.plexus.util.xml.pull.MXParser::getInputEncoding (5 bytes)
Event: 3.428 Thread 0x000002b6dbd1e9d0 nmethod 3727 0x000002b6ec959890 code [0x000002b6ec959a20, 0x000002b6ec959af8]

GC Heap History (8 events):
Event: 0.601 GC heap before
{Heap before GC invocations=0 (full 0):
 garbage-first heap   total 61440K, used 13312K [0x00000000c4c00000, 0x0000000100000000)
  region size 1024K, 13 young (13312K), 0 survivors (0K)
 Metaspace       used 3584K, committed 3776K, reserved 1114112K
  class space    used 386K, committed 448K, reserved 1048576K
}
Event: 0.608 GC heap after
{Heap after GC invocations=1 (full 0):
 garbage-first heap   total 61440K, used 3272K [0x00000000c4c00000, 0x0000000100000000)
  region size 1024K, 2 young (2048K), 2 survivors (2048K)
 Metaspace       used 3584K, committed 3776K, reserved 1114112K
  class space    used 386K, committed 448K, reserved 1048576K
}
Event: 0.913 GC heap before
{Heap before GC invocations=1 (full 0):
 garbage-first heap   total 61440K, used 17608K [0x00000000c4c00000, 0x0000000100000000)
  region size 1024K, 16 young (16384K), 2 survivors (2048K)
 Metaspace       used 5790K, committed 5952K, reserved 1114112K
  class space    used 696K, committed 768K, reserved 1048576K
}
Event: 0.917 GC heap after
{Heap after GC invocations=2 (full 0):
 garbage-first heap   total 61440K, used 4044K [0x00000000c4c00000, 0x0000000100000000)
  region size 1024K, 1 young (1024K), 1 survivors (1024K)
 Metaspace       used 5790K, committed 5952K, reserved 1114112K
  class space    used 696K, committed 768K, reserved 1048576K
}
Event: 1.764 GC heap before
{Heap before GC invocations=2 (full 0):
 garbage-first heap   total 61440K, used 39884K [0x00000000c4c00000, 0x0000000100000000)
  region size 1024K, 36 young (36864K), 1 survivors (1024K)
 Metaspace       used 11534K, committed 11648K, reserved 1114112K
  class space    used 1419K, committed 1472K, reserved 1048576K
}
Event: 1.770 GC heap after
{Heap after GC invocations=3 (full 0):
 garbage-first heap   total 61440K, used 6185K [0x00000000c4c00000, 0x0000000100000000)
  region size 1024K, 3 young (3072K), 3 survivors (3072K)
 Metaspace       used 11534K, committed 11648K, reserved 1114112K
  class space    used 1419K, committed 1472K, reserved 1048576K
}
Event: 2.882 GC heap before
{Heap before GC invocations=3 (full 0):
 garbage-first heap   total 61440K, used 39977K [0x00000000c4c00000, 0x0000000100000000)
  region size 1024K, 36 young (36864K), 3 survivors (3072K)
 Metaspace       used 14979K, committed 15168K, reserved 1114112K
  class space    used 1802K, committed 1856K, reserved 1048576K
}
Event: 2.894 GC heap after
{Heap after GC invocations=4 (full 0):
 garbage-first heap   total 61440K, used 10240K [0x00000000c4c00000, 0x0000000100000000)
  region size 1024K, 5 young (5120K), 5 survivors (5120K)
 Metaspace       used 14979K, committed 15168K, reserved 1114112K
  class space    used 1802K, committed 1856K, reserved 1048576K
}

Deoptimization events (20 events):
Event: 3.378 Thread 0x000002b6dbc4fce0 Uncommon trap: trap_request=0xffffffbe fr.pc=0x000002b6ec952a98 relative=0x0000000000000b58
Event: 3.378 Thread 0x000002b6dbc4fce0 Uncommon trap: reason=profile_predicate action=maybe_recompile pc=0x000002b6ec952a98 method=java.util.regex.Pattern$CharPropertyGreedy.match(Ljava/util/regex/Matcher;ILjava/lang/CharSequence;)Z @ 15 c2
Event: 3.378 Thread 0x000002b6dbc4fce0 DEOPT PACKING pc=0x000002b6ec952a98 sp=0x000000f9e74fc2e0
Event: 3.378 Thread 0x000002b6dbc4fce0 DEOPT UNPACKING pc=0x000002b6ec285ba3 sp=0x000000f9e74fc270 mode 2
Event: 3.378 Thread 0x000002b6dbc4fce0 Uncommon trap: trap_request=0xffffffbe fr.pc=0x000002b6ec952a98 relative=0x0000000000000b58
Event: 3.378 Thread 0x000002b6dbc4fce0 Uncommon trap: reason=profile_predicate action=maybe_recompile pc=0x000002b6ec952a98 method=java.util.regex.Pattern$CharPropertyGreedy.match(Ljava/util/regex/Matcher;ILjava/lang/CharSequence;)Z @ 15 c2
Event: 3.378 Thread 0x000002b6dbc4fce0 DEOPT PACKING pc=0x000002b6ec952a98 sp=0x000000f9e74fbef0
Event: 3.378 Thread 0x000002b6dbc4fce0 DEOPT UNPACKING pc=0x000002b6ec285ba3 sp=0x000000f9e74fbe80 mode 2
Event: 3.378 Thread 0x000002b6dbc4fce0 Uncommon trap: trap_request=0xffffffbe fr.pc=0x000002b6ec952a98 relative=0x0000000000000b58
Event: 3.378 Thread 0x000002b6dbc4fce0 Uncommon trap: reason=profile_predicate action=maybe_recompile pc=0x000002b6ec952a98 method=java.util.regex.Pattern$CharPropertyGreedy.match(Ljava/util/regex/Matcher;ILjava/lang/CharSequence;)Z @ 15 c2
Event: 3.378 Thread 0x000002b6dbc4fce0 DEOPT PACKING pc=0x000002b6ec952a98 sp=0x000000f9e74fbef0
Event: 3.378 Thread 0x000002b6dbc4fce0 DEOPT UNPACKING pc=0x000002b6ec285ba3 sp=0x000000f9e74fbe80 mode 2
Event: 3.378 Thread 0x000002b6dbc4fce0 Uncommon trap: trap_request=0xffffffbe fr.pc=0x000002b6ec952a98 relative=0x0000000000000b58
Event: 3.378 Thread 0x000002b6dbc4fce0 Uncommon trap: reason=profile_predicate action=maybe_recompile pc=0x000002b6ec952a98 method=java.util.regex.Pattern$CharPropertyGreedy.match(Ljava/util/regex/Matcher;ILjava/lang/CharSequence;)Z @ 15 c2
Event: 3.378 Thread 0x000002b6dbc4fce0 DEOPT PACKING pc=0x000002b6ec952a98 sp=0x000000f9e74fbcb0
Event: 3.378 Thread 0x000002b6dbc4fce0 DEOPT UNPACKING pc=0x000002b6ec285ba3 sp=0x000000f9e74fbc60 mode 2
Event: 3.389 Thread 0x000002b6dbc4fce0 Uncommon trap: trap_request=0xffffff45 fr.pc=0x000002b6ec93c750 relative=0x0000000000000050
Event: 3.389 Thread 0x000002b6dbc4fce0 Uncommon trap: reason=unstable_if action=reinterpret pc=0x000002b6ec93c750 method=org.codehaus.plexus.util.xml.pull.MXParser.isValidCodePoint(I)Z @ 3 c2
Event: 3.389 Thread 0x000002b6dbc4fce0 DEOPT PACKING pc=0x000002b6ec93c750 sp=0x000000f9e74fc060
Event: 3.389 Thread 0x000002b6dbc4fce0 DEOPT UNPACKING pc=0x000002b6ec285ba3 sp=0x000000f9e74fbff0 mode 2

Classes unloaded (0 events):
No events

Classes redefined (0 events):
No events

Internal exceptions (20 events):
Event: 0.712 Thread 0x000002b6dbc4fce0 Exception <a 'java/lang/NoSuchMethodError'{0x00000000c84e95a8}: 'java.lang.Object java.lang.invoke.DirectMethodHandle$Holder.newInvokeSpecial(java.lang.Object, java.lang.Object, java.lang.Object, java.lang.Object, java.lang.Object)'> (0x00000000c84e95a8) 
thrown [s\open\src\hotspot\share\interpreter\linkResolver.cpp, line 759]
Event: 0.746 Thread 0x000002b6dbc4fce0 Exception <a 'java/lang/NoSuchMethodError'{0x00000000c83f16c8}: 'int java.lang.invoke.DirectMethodHandle$Holder.invokeStaticInit(java.lang.Object, java.lang.Object)'> (0x00000000c83f16c8) 
thrown [s\open\src\hotspot\share\interpreter\linkResolver.cpp, line 759]
Event: 0.758 Thread 0x000002b6dbc4fce0 Exception <a 'java/lang/NoClassDefFoundError'{0x00000000c822a430}: javax/enterprise/inject/Typed> (0x00000000c822a430) 
thrown [s\open\src\hotspot\share\classfile\systemDictionary.cpp, line 245]
Event: 1.601 Thread 0x000002b6dbc4fce0 Exception <a 'java/lang/NoSuchMethodError'{0x00000000c6951198}: 'void java.lang.invoke.DirectMethodHandle$Holder.invokeStaticInit(java.lang.Object, java.lang.Object, java.lang.Object)'> (0x00000000c6951198) 
thrown [s\open\src\hotspot\share\interpreter\linkResolver.cpp, line 759]
Event: 1.608 Thread 0x000002b6dbc4fce0 Exception <a 'java/lang/ExceptionInInitializerError'{0x00000000c697ca80}> (0x00000000c697ca80) 
thrown [s\open\src\hotspot\share\oops\instanceKlass.cpp, line 1216]
Event: 1.636 Thread 0x000002b6dbc4fce0 Implicit null exception at 0x000002b6ec842baf to 0x000002b6ec842d0c
Event: 1.638 Thread 0x000002b6dbc4fce0 Exception <a 'java/lang/NoSuchMethodError'{0x00000000c688de20}: 'java.lang.Object java.lang.invoke.Invokers$Holder.invokeExact_MT(java.lang.Object, int, java.lang.Object)'> (0x00000000c688de20) 
thrown [s\open\src\hotspot\share\interpreter\linkResolver.cpp, line 759]
Event: 1.650 Thread 0x000002b6dbc4fce0 Exception <a 'java/lang/NoSuchMethodError'{0x00000000c68f8d98}: 'int java.lang.invoke.DirectMethodHandle$Holder.invokeSpecial(java.lang.Object, java.lang.Object, java.lang.Object, java.lang.Object)'> (0x00000000c68f8d98) 
thrown [s\open\src\hotspot\share\interpreter\linkResolver.cpp, line 759]
Event: 1.874 Thread 0x000002b6dbc4fce0 Exception <a 'java/lang/NoClassDefFoundError'{0x00000000c83207a8}: com/google/inject/servlet/ServletModuleTargetVisitor> (0x00000000c83207a8) 
thrown [s\open\src\hotspot\share\classfile\systemDictionary.cpp, line 245]
Event: 1.927 Thread 0x000002b6dbc4fce0 Exception <a 'java/lang/NoSuchMethodError'{0x00000000c82b44e8}: 'void java.lang.invoke.DirectMethodHandle$Holder.invokeVirtual(java.lang.Object, java.lang.Object)'> (0x00000000c82b44e8) 
thrown [s\open\src\hotspot\share\interpreter\linkResolver.cpp, line 759]
Event: 1.975 Thread 0x000002b6dbc4fce0 Exception <a 'java/lang/NoSuchMethodError'{0x00000000c812ce70}: 'java.lang.Object java.lang.invoke.DirectMethodHandle$Holder.invokeStaticInit(java.lang.Object, int, int, int, int)'> (0x00000000c812ce70) 
thrown [s\open\src\hotspot\share\interpreter\linkResolver.cpp, line 759]
Event: 2.173 Thread 0x000002b6dbc4fce0 Implicit null exception at 0x000002b6ec7f3472 to 0x000002b6ec7f3ab0
Event: 2.173 Thread 0x000002b6dbc4fce0 Implicit null exception at 0x000002b6ec801f72 to 0x000002b6ec8025c8
Event: 2.264 Thread 0x000002b6dbc4fce0 Exception <a 'java/lang/NoSuchMethodError'{0x00000000c7cccae0}: 'void java.lang.invoke.DirectMethodHandle$Holder.invokeSpecial(java.lang.Object, java.lang.Object, java.lang.Object, java.lang.Object, java.lang.Object)'> (0x00000000c7cccae0) 
thrown [s\open\src\hotspot\share\interpreter\linkResolver.cpp, line 759]
Event: 2.275 Thread 0x000002b6dbc4fce0 Exception <a 'java/lang/NoSuchMethodError'{0x00000000c7cea168}: 'void java.lang.invoke.DirectMethodHandle$Holder.invokeSpecial(java.lang.Object, java.lang.Object, java.lang.Object, java.lang.Object, java.lang.Object, java.lang.Object)'> (0x00000000c7cea168) 
thrown [s\open\src\hotspot\share\interpreter\linkResolver.cpp, line 759]
Event: 2.330 Thread 0x000002b6dbc4fce0 Exception <a 'java/lang/NoSuchMethodError'{0x00000000c7bdd7f8}: 'java.lang.Object java.lang.invoke.DirectMethodHandle$Holder.invokeVirtual(java.lang.Object, java.lang.Object, java.lang.Object)'> (0x00000000c7bdd7f8) 
thrown [s\open\src\hotspot\share\interpreter\linkResolver.cpp, line 759]
Event: 2.984 Thread 0x000002b6dbc4fce0 Implicit null exception at 0x000002b6ec8e6f32 to 0x000002b6ec8e7024
Event: 2.984 Thread 0x000002b6dbc4fce0 Implicit null exception at 0x000002b6ec87716a to 0x000002b6ec877328
Event: 2.984 Thread 0x000002b6dbc4fce0 Implicit null exception at 0x000002b6ec8e9158 to 0x000002b6ec8e91ee
Event: 2.989 Thread 0x000002b6dbc4fce0 Exception <a 'java/lang/NoSuchMethodError'{0x00000000c81b1510}: 'int java.lang.invoke.DirectMethodHandle$Holder.invokeSpecialIFC(java.lang.Object, java.lang.Object, java.lang.Object, java.lang.Object)'> (0x00000000c81b1510) 
thrown [s\open\src\hotspot\share\interpreter\linkResolver.cpp, line 759]

VM Operations (20 events):
Event: 1.846 Executing VM operation: HandshakeAllThreads
Event: 1.846 Executing VM operation: HandshakeAllThreads done
Event: 1.945 Executing VM operation: HandshakeAllThreads
Event: 1.945 Executing VM operation: HandshakeAllThreads done
Event: 1.989 Executing VM operation: HandshakeAllThreads
Event: 1.989 Executing VM operation: HandshakeAllThreads done
Event: 2.078 Executing VM operation: ICBufferFull
Event: 2.078 Executing VM operation: ICBufferFull done
Event: 2.095 Executing VM operation: HandshakeAllThreads
Event: 2.095 Executing VM operation: HandshakeAllThreads done
Event: 2.101 Executing VM operation: HandshakeAllThreads
Event: 2.101 Executing VM operation: HandshakeAllThreads done
Event: 2.653 Executing VM operation: ICBufferFull
Event: 2.653 Executing VM operation: ICBufferFull done
Event: 2.882 Executing VM operation: G1CollectForAllocation
Event: 2.894 Executing VM operation: G1CollectForAllocation done
Event: 3.083 Executing VM operation: HandshakeAllThreads
Event: 3.083 Executing VM operation: HandshakeAllThreads done
Event: 3.085 Executing VM operation: ICBufferFull
Event: 3.085 Executing VM operation: ICBufferFull done

Events (20 events):
Event: 2.368 loading class sun/util/resources/LocaleData$CommonResourceBundleProvider
Event: 2.368 loading class sun/util/resources/LocaleData$LocaleDataResourceBundleProvider
Event: 2.368 loading class java/util/spi/ResourceBundleProvider
Event: 2.369 loading class java/util/spi/ResourceBundleProvider done
Event: 2.369 loading class sun/util/resources/LocaleData$LocaleDataResourceBundleProvider done
Event: 2.369 loading class sun/util/resources/LocaleData$CommonResourceBundleProvider done
Event: 2.369 loading class sun/util/resources/Bundles$2
Event: 2.369 loading class sun/util/resources/Bundles$2 done
Event: 2.501 loading class java/util/stream/Streams$RangeIntSpliterator
Event: 2.501 loading class java/util/stream/Streams$RangeIntSpliterator done
Event: 2.920 loading class java/util/stream/MatchOps$MatchKind
Event: 2.920 loading class java/util/stream/MatchOps$MatchKind done
Event: 2.920 loading class java/util/stream/MatchOps
Event: 2.921 loading class java/util/stream/MatchOps done
Event: 2.921 loading class java/util/stream/MatchOps$MatchOp
Event: 2.921 loading class java/util/stream/MatchOps$MatchOp done
Event: 2.921 loading class java/util/stream/MatchOps$BooleanTerminalSink
Event: 2.921 loading class java/util/stream/MatchOps$BooleanTerminalSink done
Event: 2.921 loading class java/util/stream/MatchOps$1MatchSink
Event: 2.921 loading class java/util/stream/MatchOps$1MatchSink done


Dynamic libraries:
0x00007ff67fd80000 - 0x00007ff67fd90000 	C:\Program Files\Java\jdk-17\bin\java.exe
0x00007ff917630000 - 0x00007ff917847000 	C:\WINDOWS\SYSTEM32\ntdll.dll
0x00007ff9161b0000 - 0x00007ff916274000 	C:\WINDOWS\System32\KERNEL32.DLL
0x00007ff914cd0000 - 0x00007ff915089000 	C:\WINDOWS\System32\KERNELBASE.dll
0x00007ff915230000 - 0x00007ff915341000 	C:\WINDOWS\System32\ucrtbase.dll
0x00007ff901a30000 - 0x00007ff901a4b000 	C:\Program Files\Java\jdk-17\bin\VCRUNTIME140.dll
0x00007ff8e5310000 - 0x00007ff8e5329000 	C:\Program Files\Java\jdk-17\bin\jli.dll
0x00007ff9166f0000 - 0x00007ff9167a2000 	C:\WINDOWS\System32\ADVAPI32.dll
0x00007ff916990000 - 0x00007ff916a37000 	C:\WINDOWS\System32\msvcrt.dll
0x00007ff916280000 - 0x00007ff916327000 	C:\WINDOWS\System32\sechost.dll
0x00007ff914b40000 - 0x00007ff914b68000 	C:\WINDOWS\System32\bcrypt.dll
0x00007ff915940000 - 0x00007ff915a54000 	C:\WINDOWS\System32\RPCRT4.dll
0x00007ff9167c0000 - 0x00007ff91696e000 	C:\WINDOWS\System32\USER32.dll
0x00007ff914be0000 - 0x00007ff914c06000 	C:\WINDOWS\System32\win32u.dll
0x00007ff917570000 - 0x00007ff917599000 	C:\WINDOWS\System32\GDI32.dll
0x00007ff8fe510000 - 0x00007ff8fe7a2000 	C:\WINDOWS\WinSxS\amd64_microsoft.windows.common-controls_6595b64144ccf1df_6.0.22621.4391_none_2715d37f73803e96\COMCTL32.dll
0x00007ff915110000 - 0x00007ff91522b000 	C:\WINDOWS\System32\gdi32full.dll
0x00007ff914aa0000 - 0x00007ff914b3a000 	C:\WINDOWS\System32\msvcp_win.dll
0x00007ff909430000 - 0x00007ff90943a000 	C:\WINDOWS\SYSTEM32\VERSION.dll
0x00007ff916a40000 - 0x00007ff916a71000 	C:\WINDOWS\System32\IMM32.DLL
0x00007ff90d120000 - 0x00007ff90d12c000 	C:\Program Files\Java\jdk-17\bin\vcruntime140_1.dll
0x00007ff8e5280000 - 0x00007ff8e530e000 	C:\Program Files\Java\jdk-17\bin\msvcp140.dll
0x00007ff8b8400000 - 0x00007ff8b8fe0000 	C:\Program Files\Java\jdk-17\bin\server\jvm.dll
0x00007ff9166e0000 - 0x00007ff9166e8000 	C:\WINDOWS\System32\PSAPI.DLL
0x00007ff90aa80000 - 0x00007ff90aab4000 	C:\WINDOWS\SYSTEM32\WINMM.dll
0x00007ff900670000 - 0x00007ff900679000 	C:\WINDOWS\SYSTEM32\WSOCK32.dll
0x00007ff915350000 - 0x00007ff9153c1000 	C:\WINDOWS\System32\ws2_32.DLL
0x00007ff9139e0000 - 0x00007ff9139f8000 	C:\WINDOWS\SYSTEM32\kernel.appcore.dll
0x00007ff8fc690000 - 0x00007ff8fc69a000 	C:\Program Files\Java\jdk-17\bin\jimage.dll
0x00007ff912090000 - 0x00007ff9122c2000 	C:\WINDOWS\SYSTEM32\DBGHELP.DLL
0x00007ff915a60000 - 0x00007ff915def000 	C:\WINDOWS\System32\combase.dll
0x00007ff916600000 - 0x00007ff9166d7000 	C:\WINDOWS\System32\OLEAUT32.dll
0x00007ff8f2b70000 - 0x00007ff8f2ba2000 	C:\WINDOWS\SYSTEM32\dbgcore.DLL
0x00007ff915090000 - 0x00007ff91510b000 	C:\WINDOWS\System32\bcryptPrimitives.dll
0x00007ff8e5250000 - 0x00007ff8e5275000 	C:\Program Files\Java\jdk-17\bin\java.dll
0x00007ff8e4a10000 - 0x00007ff8e4ae7000 	C:\Program Files\Java\jdk-17\bin\jsvml.dll
0x00007ff916be0000 - 0x00007ff917456000 	C:\WINDOWS\System32\SHELL32.dll
0x00007ff912870000 - 0x00007ff913173000 	C:\WINDOWS\SYSTEM32\windows.storage.dll
0x00007ff912730000 - 0x00007ff91286f000 	C:\WINDOWS\SYSTEM32\wintypes.dll
0x00007ff917460000 - 0x00007ff917559000 	C:\WINDOWS\System32\SHCORE.dll
0x00007ff916b80000 - 0x00007ff916bde000 	C:\WINDOWS\System32\shlwapi.dll
0x00007ff914860000 - 0x00007ff91488b000 	C:\WINDOWS\SYSTEM32\profapi.dll
0x00007ff8d6f00000 - 0x00007ff8d6f19000 	C:\Program Files\Java\jdk-17\bin\net.dll
0x00007ff90ddf0000 - 0x00007ff90df26000 	C:\WINDOWS\SYSTEM32\WINHTTP.dll
0x00007ff913e90000 - 0x00007ff913ef9000 	C:\WINDOWS\system32\mswsock.dll
0x00007ff8d2f70000 - 0x00007ff8d2f86000 	C:\Program Files\Java\jdk-17\bin\nio.dll
0x00007ff8d2ed0000 - 0x00007ff8d2ee8000 	C:\Program Files\Java\jdk-17\bin\zip.dll
0x00007ff90a310000 - 0x00007ff90a334000 	C:\apache-maven\apache-maven-3.9.9-bin\apache-maven-3.9.9\lib\jansi-native\Windows\x86_64\jansi.dll
0x00007ff8f10f0000 - 0x00007ff8f1100000 	C:\Program Files\Java\jdk-17\bin\verify.dll

dbghelp: loaded successfully - version: 4.0.5 - missing functions: none
symbol engine: initialized successfully - sym options: 0x614 - pdb path: .;C:\Program Files\Java\jdk-17\bin;C:\WINDOWS\SYSTEM32;C:\WINDOWS\WinSxS\amd64_microsoft.windows.common-controls_6595b64144ccf1df_6.0.22621.4391_none_2715d37f73803e96;C:\Program Files\Java\jdk-17\bin\server;C:\apache-maven\apache-maven-3.9.9-bin\apache-maven-3.9.9\lib\jansi-native\Windows\x86_64

VM Arguments:
jvm_args: -Dclassworlds.conf=C:\apache-maven\apache-maven-3.9.9-bin\apache-maven-3.9.9\bin\m2.conf -Dmaven.home=C:\apache-maven\apache-maven-3.9.9-bin\apache-maven-3.9.9 -Dlibrary.jansi.path=C:\apache-maven\apache-maven-3.9.9-bin\apache-maven-3.9.9\lib\jansi-native -Dmaven.multiModuleProjectDirectory=C:\Users\beluc\Documents\2024\Ing de soft\TFI\API_Soft 
java_command: org.codehaus.plexus.classworlds.launcher.Launcher spring-boot:run
java_class_path (initial): C:\apache-maven\apache-maven-3.9.9-bin\apache-maven-3.9.9\boot\plexus-classworlds-2.8.0.jar
Launcher Type: SUN_STANDARD

[Global flags]
     intx CICompilerCount                          = 3                                         {product} {ergonomic}
     uint ConcGCThreads                            = 1                                         {product} {ergonomic}
     uint G1ConcRefinementThreads                  = 4                                         {product} {ergonomic}
   size_t G1HeapRegionSize                         = 1048576                                   {product} {ergonomic}
    uintx GCDrainStackTargetSize                   = 64                                        {product} {ergonomic}
   size_t InitialHeapSize                          = 62914560                                  {product} {ergonomic}
   size_t MarkStackSize                            = 4194304                                   {product} {ergonomic}
   size_t MaxHeapSize                              = 994050048                                 {product} {ergonomic}
   size_t MaxNewSize                               = 595591168                                 {product} {ergonomic}
   size_t MinHeapDeltaBytes                        = 1048576                                   {product} {ergonomic}
   size_t MinHeapSize                              = 8388608                                   {product} {ergonomic}
    uintx NonNMethodCodeHeapSize                   = 5832780                                {pd product} {ergonomic}
    uintx NonProfiledCodeHeapSize                  = 122912730                              {pd product} {ergonomic}
    uintx ProfiledCodeHeapSize                     = 122912730                              {pd product} {ergonomic}
    uintx ReservedCodeCacheSize                    = 251658240                              {pd product} {ergonomic}
     bool SegmentedCodeCache                       = true                                      {product} {ergonomic}
   size_t SoftMaxHeapSize                          = 994050048                              {manageable} {ergonomic}
     bool UseCompressedClassPointers               = true                           {product lp64_product} {ergonomic}
     bool UseCompressedOops                        = true                           {product lp64_product} {ergonomic}
     bool UseG1GC                                  = true                                      {product} {ergonomic}
     bool UseLargePagesIndividualAllocation        = false                                  {pd product} {ergonomic}

Logging:
Log output configuration:
 #0: stdout all=warning uptime,level,tags
 #1: stderr all=off uptime,level,tags

Environment Variables:
JAVA_HOME=C:\Program Files\Java\jdk-17
PATH=C:\Program Files\Common Files\Oracle\Java\javapath;C:\WINDOWS\system32;C:\WINDOWS;C:\WINDOWS\System32\Wbem;C:\WINDOWS\System32\WindowsPowerShell\v1.0\;C:\WINDOWS\System32\OpenSSH\;C:\Program Files\nodejs\;C:\Program Files\Git\cmd;C:\apache-maven\apache-maven-3.9.9-bin\apache-maven-3.9.9\bin;C:\Program Files\Java\jdk-17\bin;C:\Users\beluc\AppData\Local\Microsoft\WindowsApps;C:\Users\beluc\AppData\Roaming\npm;C:\Users\beluc\AppData\Local\Programs\Microsoft VS Code\bin;C:\Users\beluc\AppData\Local\GitHubDesktop\bin;C:\Program Files\MySQL\MySQL Server 9.0\bin;
USERNAME=beluc
OS=Windows_NT
PROCESSOR_IDENTIFIER=Intel64 Family 6 Model 140 Stepping 1, GenuineIntel



---------------  S Y S T E M  ---------------

OS:
 Windows 11 , 64 bit Build 22621 (10.0.22621.4391)
OS uptime: 5 days 19:28 hours

CPU: total 4 (initial active 4) (2 cores per cpu, 2 threads per core) family 6 model 140 stepping 1 microcode 0x86, cx8, cmov, fxsr, ht, mmx, 3dnowpref, sse, sse2, sse3, ssse3, sse4.1, sse4.2, popcnt, lzcnt, tsc, tscinvbit, avx, avx2, aes, erms, clmul, bmi1, bmi2, adx, avx512f, avx512dq, avx512cd, avx512bw, avx512vl, sha, fma, vzeroupper, avx512_vpopcntdq, avx512_vpclmulqdq, avx512_vaes, avx512_vnni, clflush, clflushopt, clwb, avx512_vbmi2, avx512_vbmi

Memory: 4k page, system-wide physical 3790M (222M free)
TotalPageFile size 16078M (AvailPageFile size 4M)
current process WorkingSet (physical memory assigned to process): 126M, peak: 127M
current process commit charge ("private bytes"): 174M, peak: 175M

vm_info: Java HotSpot(TM) 64-Bit Server VM (17.0.12+8-LTS-286) for windows-amd64 JRE (17.0.12+8-LTS-286), built on Jun  5 2024 06:46:59 by "mach5one" with MS VC++ 17.6 (VS2022)

END.
