JavaThread "C2 CompilerThread0" daemon [_thread_in_native, id=13108, stack(0x000000d0f9900000,0x000000d0f9a00000)]


Current CompileTask:
C2:  14222 9523       4       java.nio.HeapCharBuffer::<init> (23 bytes)

Stack: [0x000000d0f9900000,0x000000d0f9a00000]
Native frames: (J=compiled Java code, j=interpreted, Vv=VM code, C=native code)
V  [jvm.dll+0x67a04a]
V  [jvm.dll+0x7da4ed]
V  [jvm.dll+0x7dbe33]
V  [jvm.dll+0x7dc4a3]
V  [jvm.dll+0x24508f]
V  [jvm.dll+0xab773]
V  [jvm.dll+0xabd3c]
V  [jvm.dll+0x361bee]
V  [jvm.dll+0x1ba45a]
V  [jvm.dll+0x216997]
V  [jvm.dll+0x215c6f]
V  [jvm.dll+0x1a2960]
V  [jvm.dll+0x22610b]
V  [jvm.dll+0x2242ab]
V  [jvm.dll+0x79075c]
V  [jvm.dll+0x78abea]
V  [jvm.dll+0x678f35]
C  [ucrtbase.dll+0x29333]
C  [KERNEL32.DLL+0x1259d]
C  [ntdll.dll+0x5af38]


---------------  P R O C E S S  ---------------

Threads class SMR info:
_java_thread_list=0x00000233f5916950, length=20, elements={
0x00000233d5550fb0, 0x00000233d55fc400, 0x00000233d55fefd0, 0x00000233d5610ed0,
0x00000233d56139a0, 0x00000233d5616370, 0x00000233d5616d30, 0x00000233d5617ad0,
0x00000233d561a590, 0x00000233d561cfa0, 0x00000233f0748010, 0x00000233f0748d40,
0x00000233f5a45570, 0x00000233f5ec6ca0, 0x00000233f5ec71b0, 0x00000233f65b8ff0,
0x00000233f65b9500, 0x00000233f65bbd80, 0x00000233f65b9a10, 0x00000233f5faad70
}

Java Threads: ( => current thread )
  0x00000233d5550fb0 JavaThread "main" [_thread_in_native, id=11788, stack(0x000000d0f8c00000,0x000000d0f8d00000)]
  0x00000233d55fc400 JavaThread "Reference Handler" daemon [_thread_blocked, id=3648, stack(0x000000d0f9300000,0x000000d0f9400000)]
  0x00000233d55fefd0 JavaThread "Finalizer" daemon [_thread_blocked, id=13464, stack(0x000000d0f9400000,0x000000d0f9500000)]
  0x00000233d5610ed0 JavaThread "Signal Dispatcher" daemon [_thread_blocked, id=1732, stack(0x000000d0f9500000,0x000000d0f9600000)]
  0x00000233d56139a0 JavaThread "Attach Listener" daemon [_thread_blocked, id=6528, stack(0x000000d0f9600000,0x000000d0f9700000)]
  0x00000233d5616370 JavaThread "Service Thread" daemon [_thread_blocked, id=9660, stack(0x000000d0f9700000,0x000000d0f9800000)]
  0x00000233d5616d30 JavaThread "Monitor Deflation Thread" daemon [_thread_blocked, id=10732, stack(0x000000d0f9800000,0x000000d0f9900000)]
=>0x00000233d5617ad0 JavaThread "C2 CompilerThread0" daemon [_thread_in_native, id=13108, stack(0x000000d0f9900000,0x000000d0f9a00000)]
  0x00000233d561a590 JavaThread "C1 CompilerThread0" daemon [_thread_blocked, id=13740, stack(0x000000d0f9a00000,0x000000d0f9b00000)]
  0x00000233d561cfa0 JavaThread "Sweeper thread" daemon [_thread_blocked, id=14288, stack(0x000000d0f9b00000,0x000000d0f9c00000)]
  0x00000233f0748010 JavaThread "Notification Thread" daemon [_thread_blocked, id=13904, stack(0x000000d0f9c00000,0x000000d0f9d00000)]
  0x00000233f0748d40 JavaThread "Common-Cleaner" daemon [_thread_blocked, id=2132, stack(0x000000d0f9e00000,0x000000d0f9f00000)]
  0x00000233f5a45570 JavaThread "Thread-1" daemon [_thread_blocked, id=13212, stack(0x000000d0fa200000,0x000000d0fa300000)]
  0x00000233f5ec6ca0 JavaThread "timeout-check-timer" daemon [_thread_blocked, id=11792, stack(0x000000d0fa600000,0x000000d0fa700000)]
  0x00000233f5ec71b0 JavaThread "ping-timer-10s" daemon [_thread_blocked, id=2492, stack(0x000000d0fa700000,0x000000d0fa800000)]
  0x00000233f65b8ff0 JavaThread "ThreadedStreamConsumer" daemon [_thread_blocked, id=13100, stack(0x000000d0fa800000,0x000000d0fa900000)]
  0x00000233f65b9500 JavaThread "fork-1-err-thread" daemon [_thread_in_native, id=3728, stack(0x000000d0fa900000,0x000000d0faa00000)]
  0x00000233f65bbd80 JavaThread "commands-fork-1" daemon [_thread_blocked, id=13348, stack(0x000000d0faa00000,0x000000d0fab00000)]
  0x00000233f65b9a10 JavaThread "fork-1-event-thread" daemon [_thread_in_native, id=11576, stack(0x000000d0fab00000,0x000000d0fac00000)]
  0x00000233f5faad70 JavaThread "C2 CompilerThread1" daemon [_thread_blocked, id=9728, stack(0x000000d0fa500000,0x000000d0fa600000)]

Other Threads:
  0x00000233d55f6950 VMThread "VM Thread" [stack: 0x000000d0f9200000,0x000000d0f9300000] [id=1088]
  0x00000233f0748900 WatcherThread [stack: 0x000000d0f9d00000,0x000000d0f9e00000] [id=568]
  0x00000233d558b1b0 GCTaskThread "GC Thread#0" [stack: 0x000000d0f8d00000,0x000000d0f8e00000] [id=9296]
  0x00000233f09ba260 GCTaskThread "GC Thread#1" [stack: 0x000000d0f9f00000,0x000000d0fa000000] [id=3164]
  0x00000233f5538c30 GCTaskThread "GC Thread#2" [stack: 0x000000d0fa000000,0x000000d0fa100000] [id=9552]
  0x00000233f53dd860 GCTaskThread "GC Thread#3" [stack: 0x000000d0fa100000,0x000000d0fa200000] [id=9312]
  0x00000233d5594790 ConcurrentGCThread "G1 Main Marker" [stack: 0x000000d0f8e00000,0x000000d0f8f00000] [id=12580]
  0x00000233d55951a0 ConcurrentGCThread "G1 Conc#0" [stack: 0x000000d0f8f00000,0x000000d0f9000000] [id=9748]
  0x00000233d55d65a0 ConcurrentGCThread "G1 Refine#0" [stack: 0x000000d0f9000000,0x000000d0f9100000] [id=6848]
  0x00000233f5ca2270 ConcurrentGCThread "G1 Refine#1" [stack: 0x000000d0fa300000,0x000000d0fa400000] [id=6044]
  0x00000233f5f6dac0 ConcurrentGCThread "G1 Refine#2" [stack: 0x000000d0fa400000,0x000000d0fa500000] [id=9972]
  0x00000233d55d6fd0 ConcurrentGCThread "G1 Service" [stack: 0x000000d0f9100000,0x000000d0f9200000] [id=5856]

Threads with active compile tasks:
C2 CompilerThread0    14242 9523       4       java.nio.HeapCharBuffer::<init> (23 bytes)

VM state: not at safepoint (normal execution)

VM Mutex/Monitor currently owned by a thread: None

Heap address: 0x00000000c4c00000, size: 948 MB, Compressed Oops mode: 32-bit

CDS archive(s) mapped at: [0x0000023380000000-0x0000023380bd0000-0x0000023380bd0000), size 12386304, SharedBaseAddress: 0x0000023380000000, ArchiveRelocationMode: 1.
Compressed class space mapped at: 0x0000023381000000-0x00000233c1000000, reserved size: 1073741824
Narrow klass base: 0x0000023380000000, Narrow klass shift: 0, Narrow klass range: 0x100000000

GC Precious Log:
 CPUs: 4 total, 4 available
 Memory: 3790M
 Large Page Support: Disabled
 NUMA Support: Disabled
 Compressed Oops: Enabled (32-bit)
 Heap Region Size: 1M
 Heap Min Capacity: 8M
 Heap Initial Capacity: 60M
 Heap Max Capacity: 948M
 Pre-touch: Disabled
 Parallel Workers: 4
 Concurrent Workers: 1
 Concurrent Refinement Workers: 4
 Periodic GC: Disabled

Heap:
 garbage-first heap   total 172032K, used 126771K [0x00000000c4c00000, 0x0000000100000000)
  region size 1024K, 50 young (51200K), 9 survivors (9216K)
 Metaspace       used 36195K, committed 36608K, reserved 1114112K
  class space    used 4046K, committed 4224K, reserved 1048576K

Heap Regions: E=young(eden), S=young(survivor), O=old, HS=humongous(starts), HC=humongous(continues), CS=collection set, F=free, OA=open archive, CA=closed archive, TAMS=top-at-mark-start (previous, next)
|   0|0x00000000c4c00000, 0x00000000c4d00000, 0x00000000c4d00000|100%| O|  |TAMS 0x00000000c4d00000, 0x00000000c4c00000| Untracked 
|   1|0x00000000c4d00000, 0x00000000c4e00000, 0x00000000c4e00000|100%| O|  |TAMS 0x00000000c4e00000, 0x00000000c4d00000| Untracked 
|   2|0x00000000c4e00000, 0x00000000c4f00000, 0x00000000c4f00000|100%| O|  |TAMS 0x00000000c4f00000, 0x00000000c4e00000| Untracked 
|   3|0x00000000c4f00000, 0x00000000c5000000, 0x00000000c5000000|100%| O|  |TAMS 0x00000000c5000000, 0x00000000c4f00000| Untracked 
|   4|0x00000000c5000000, 0x00000000c5100000, 0x00000000c5100000|100%| O|  |TAMS 0x00000000c5100000, 0x00000000c5000000| Untracked 
|   5|0x00000000c5100000, 0x00000000c5200000, 0x00000000c5200000|100%| O|  |TAMS 0x00000000c5200000, 0x00000000c5100000| Untracked 
|   6|0x00000000c5200000, 0x00000000c5300000, 0x00000000c5300000|100%| O|  |TAMS 0x00000000c5300000, 0x00000000c5200000| Untracked 
|   7|0x00000000c5300000, 0x00000000c5400000, 0x00000000c5400000|100%| O|  |TAMS 0x00000000c5400000, 0x00000000c5300000| Untracked 
|   8|0x00000000c5400000, 0x00000000c5500000, 0x00000000c5500000|100%| O|  |TAMS 0x00000000c5500000, 0x00000000c5400000| Untracked 
|   9|0x00000000c5500000, 0x00000000c5600000, 0x00000000c5600000|100%| O|  |TAMS 0x00000000c5600000, 0x00000000c5500000| Untracked 
|  10|0x00000000c5600000, 0x00000000c5700000, 0x00000000c5700000|100%| O|  |TAMS 0x00000000c5700000, 0x00000000c5600000| Untracked 
|  11|0x00000000c5700000, 0x00000000c5800000, 0x00000000c5800000|100%| O|  |TAMS 0x00000000c5800000, 0x00000000c5700000| Untracked 
|  12|0x00000000c5800000, 0x00000000c5900000, 0x00000000c5900000|100%| O|  |TAMS 0x00000000c5900000, 0x00000000c5800000| Untracked 
|  13|0x00000000c5900000, 0x00000000c5a00000, 0x00000000c5a00000|100%| O|  |TAMS 0x00000000c5a00000, 0x00000000c5900000| Untracked 
|  14|0x00000000c5a00000, 0x00000000c5b00000, 0x00000000c5b00000|100%| O|  |TAMS 0x00000000c5b00000, 0x00000000c5a00000| Untracked 
|  15|0x00000000c5b00000, 0x00000000c5c00000, 0x00000000c5c00000|100%|HS|  |TAMS 0x00000000c5c00000, 0x00000000c5b00000| Complete 
|  16|0x00000000c5c00000, 0x00000000c5d00000, 0x00000000c5d00000|100%|HC|  |TAMS 0x00000000c5d00000, 0x00000000c5c00000| Complete 
|  17|0x00000000c5d00000, 0x00000000c5e00000, 0x00000000c5e00000|100%| O|  |TAMS 0x00000000c5e00000, 0x00000000c5d00000| Untracked 
|  18|0x00000000c5e00000, 0x00000000c5f00000, 0x00000000c5f00000|100%| O|  |TAMS 0x00000000c5f00000, 0x00000000c5e00000| Untracked 
|  19|0x00000000c5f00000, 0x00000000c6000000, 0x00000000c6000000|100%|HS|  |TAMS 0x00000000c5f00000, 0x00000000c5f00000| Complete 
|  20|0x00000000c6000000, 0x00000000c6100000, 0x00000000c6100000|100%|HS|  |TAMS 0x00000000c6100000, 0x00000000c6000000| Complete 
|  21|0x00000000c6100000, 0x00000000c6200000, 0x00000000c6200000|100%| O|  |TAMS 0x00000000c6200000, 0x00000000c6100000| Untracked 
|  22|0x00000000c6200000, 0x00000000c6300000, 0x00000000c6300000|100%| O|  |TAMS 0x00000000c6300000, 0x00000000c6200000| Untracked 
|  23|0x00000000c6300000, 0x00000000c6400000, 0x00000000c6400000|100%| O|  |TAMS 0x00000000c6400000, 0x00000000c6300000| Untracked 
|  24|0x00000000c6400000, 0x00000000c6500000, 0x00000000c6500000|100%| O|  |TAMS 0x00000000c6500000, 0x00000000c6400000| Untracked 
|  25|0x00000000c6500000, 0x00000000c6600000, 0x00000000c6600000|100%| O|  |TAMS 0x00000000c6600000, 0x00000000c6500000| Untracked 
|  26|0x00000000c6600000, 0x00000000c6700000, 0x00000000c6700000|100%| O|  |TAMS 0x00000000c6700000, 0x00000000c6600000| Untracked 
|  27|0x00000000c6700000, 0x00000000c6800000, 0x00000000c6800000|100%| O|  |TAMS 0x00000000c6800000, 0x00000000c6700000| Untracked 
|  28|0x00000000c6800000, 0x00000000c6900000, 0x00000000c6900000|100%| O|  |TAMS 0x00000000c6900000, 0x00000000c6800000| Untracked 
|  29|0x00000000c6900000, 0x00000000c6a00000, 0x00000000c6a00000|100%| O|  |TAMS 0x00000000c6a00000, 0x00000000c6900000| Untracked 
|  30|0x00000000c6a00000, 0x00000000c6b00000, 0x00000000c6b00000|100%| O|  |TAMS 0x00000000c6b00000, 0x00000000c6a00000| Untracked 
|  31|0x00000000c6b00000, 0x00000000c6c00000, 0x00000000c6c00000|100%| O|  |TAMS 0x00000000c6c00000, 0x00000000c6b00000| Untracked 
|  32|0x00000000c6c00000, 0x00000000c6d00000, 0x00000000c6d00000|100%| O|  |TAMS 0x00000000c6d00000, 0x00000000c6c00000| Untracked 
|  33|0x00000000c6d00000, 0x00000000c6e00000, 0x00000000c6e00000|100%| O|  |TAMS 0x00000000c6e00000, 0x00000000c6d00000| Untracked 
|  34|0x00000000c6e00000, 0x00000000c6f00000, 0x00000000c6f00000|100%| O|  |TAMS 0x00000000c6f00000, 0x00000000c6e00000| Untracked 
|  35|0x00000000c6f00000, 0x00000000c7000000, 0x00000000c7000000|100%| O|  |TAMS 0x00000000c7000000, 0x00000000c6f00000| Untracked 
|  36|0x00000000c7000000, 0x00000000c7100000, 0x00000000c7100000|100%| O|  |TAMS 0x00000000c7100000, 0x00000000c7000000| Untracked 
|  37|0x00000000c7100000, 0x00000000c7200000, 0x00000000c7200000|100%| O|  |TAMS 0x00000000c7200000, 0x00000000c7100000| Untracked 
|  38|0x00000000c7200000, 0x00000000c7300000, 0x00000000c7300000|100%| O|  |TAMS 0x00000000c7300000, 0x00000000c7200000| Untracked 
|  39|0x00000000c7300000, 0x00000000c7400000, 0x00000000c7400000|100%| O|  |TAMS 0x00000000c7400000, 0x00000000c7300000| Untracked 
|  40|0x00000000c7400000, 0x00000000c7500000, 0x00000000c7500000|100%| O|  |TAMS 0x00000000c7500000, 0x00000000c7400000| Untracked 
|  41|0x00000000c7500000, 0x00000000c7600000, 0x00000000c7600000|100%| O|  |TAMS 0x00000000c7500000, 0x00000000c7500000| Untracked 
|  42|0x00000000c7600000, 0x00000000c7700000, 0x00000000c7700000|100%| O|  |TAMS 0x00000000c7700000, 0x00000000c7600000| Untracked 
|  43|0x00000000c7700000, 0x00000000c7800000, 0x00000000c7800000|100%| O|  |TAMS 0x00000000c7800000, 0x00000000c7700000| Untracked 
|  44|0x00000000c7800000, 0x00000000c7900000, 0x00000000c7900000|100%| O|  |TAMS 0x00000000c7900000, 0x00000000c7800000| Untracked 
|  45|0x00000000c7900000, 0x00000000c7a00000, 0x00000000c7a00000|100%| O|  |TAMS 0x00000000c7a00000, 0x00000000c7900000| Untracked 
|  46|0x00000000c7a00000, 0x00000000c7b00000, 0x00000000c7b00000|100%| O|  |TAMS 0x00000000c7b00000, 0x00000000c7a00000| Untracked 
|  47|0x00000000c7b00000, 0x00000000c7c00000, 0x00000000c7c00000|100%| O|  |TAMS 0x00000000c7bf1c00, 0x00000000c7b00000| Untracked 
|  48|0x00000000c7c00000, 0x00000000c7d00000, 0x00000000c7d00000|100%|HS|  |TAMS 0x00000000c7c00000, 0x00000000c7c00000| Complete 
|  49|0x00000000c7d00000, 0x00000000c7e00000, 0x00000000c7e00000|100%|HC|  |TAMS 0x00000000c7d00000, 0x00000000c7d00000| Complete 
|  50|0x00000000c7e00000, 0x00000000c7f00000, 0x00000000c7f00000|100%|HS|  |TAMS 0x00000000c7e00000, 0x00000000c7e00000| Complete 
|  51|0x00000000c7f00000, 0x00000000c8000000, 0x00000000c8000000|100%|HC|  |TAMS 0x00000000c7f00000, 0x00000000c7f00000| Complete 
|  52|0x00000000c8000000, 0x00000000c8100000, 0x00000000c8100000|100%|HS|  |TAMS 0x00000000c8000000, 0x00000000c8000000| Complete 
|  53|0x00000000c8100000, 0x00000000c8200000, 0x00000000c8200000|100%|HS|  |TAMS 0x00000000c8100000, 0x00000000c8100000| Complete 
|  54|0x00000000c8200000, 0x00000000c8300000, 0x00000000c8300000|100%|HS|  |TAMS 0x00000000c8200000, 0x00000000c8200000| Complete 
|  55|0x00000000c8300000, 0x00000000c8400000, 0x00000000c8400000|100%| O|  |TAMS 0x00000000c8300000, 0x00000000c8300000| Untracked 
|  56|0x00000000c8400000, 0x00000000c8500000, 0x00000000c8500000|100%| O|  |TAMS 0x00000000c8400000, 0x00000000c8400000| Untracked 
|  57|0x00000000c8500000, 0x00000000c8600000, 0x00000000c8600000|100%| O|  |TAMS 0x00000000c8500000, 0x00000000c8500000| Untracked 
|  58|0x00000000c8600000, 0x00000000c8700000, 0x00000000c8700000|100%| O|  |TAMS 0x00000000c8600000, 0x00000000c8600000| Untracked 
|  59|0x00000000c8700000, 0x00000000c8800000, 0x00000000c8800000|100%| O|  |TAMS 0x00000000c8700000, 0x00000000c8700000| Untracked 
|  60|0x00000000c8800000, 0x00000000c8900000, 0x00000000c8900000|100%| O|  |TAMS 0x00000000c8800000, 0x00000000c8800000| Untracked 
|  61|0x00000000c8900000, 0x00000000c8a00000, 0x00000000c8a00000|100%| O|  |TAMS 0x00000000c8900000, 0x00000000c8900000| Untracked 
|  62|0x00000000c8a00000, 0x00000000c8b00000, 0x00000000c8b00000|100%| O|  |TAMS 0x00000000c8a00000, 0x00000000c8a00000| Untracked 
|  63|0x00000000c8b00000, 0x00000000c8c00000, 0x00000000c8c00000|100%| O|  |TAMS 0x00000000c8b00000, 0x00000000c8b00000| Untracked 
|  64|0x00000000c8c00000, 0x00000000c8d00000, 0x00000000c8d00000|100%| O|  |TAMS 0x00000000c8c00000, 0x00000000c8c00000| Untracked 
|  65|0x00000000c8d00000, 0x00000000c8e00000, 0x00000000c8e00000|100%| O|  |TAMS 0x00000000c8d00000, 0x00000000c8d00000| Untracked 
|  66|0x00000000c8e00000, 0x00000000c8f00000, 0x00000000c8f00000|100%| O|  |TAMS 0x00000000c8e00000, 0x00000000c8e00000| Untracked 
|  67|0x00000000c8f00000, 0x00000000c8f00000, 0x00000000c9000000|  0%| F|  |TAMS 0x00000000c8f00000, 0x00000000c8f00000| Untracked 
|  68|0x00000000c9000000, 0x00000000c9000000, 0x00000000c9100000|  0%| F|  |TAMS 0x00000000c9000000, 0x00000000c9000000| Untracked 
|  69|0x00000000c9100000, 0x00000000c9100000, 0x00000000c9200000|  0%| F|  |TAMS 0x00000000c9100000, 0x00000000c9100000| Untracked 
|  70|0x00000000c9200000, 0x00000000c9200000, 0x00000000c9300000|  0%| F|  |TAMS 0x00000000c9200000, 0x00000000c9200000| Untracked 
|  71|0x00000000c9300000, 0x00000000c9300000, 0x00000000c9400000|  0%| F|  |TAMS 0x00000000c9300000, 0x00000000c9300000| Untracked 
|  72|0x00000000c9400000, 0x00000000c9400000, 0x00000000c9500000|  0%| F|  |TAMS 0x00000000c9400000, 0x00000000c9400000| Untracked 
|  73|0x00000000c9500000, 0x00000000c9500000, 0x00000000c9600000|  0%| F|  |TAMS 0x00000000c9500000, 0x00000000c9500000| Untracked 
|  74|0x00000000c9600000, 0x00000000c9600000, 0x00000000c9700000|  0%| F|  |TAMS 0x00000000c9600000, 0x00000000c9600000| Untracked 
|  75|0x00000000c9700000, 0x00000000c9700000, 0x00000000c9800000|  0%| F|  |TAMS 0x00000000c9700000, 0x00000000c9700000| Untracked 
|  76|0x00000000c9800000, 0x00000000c9800000, 0x00000000c9900000|  0%| F|  |TAMS 0x00000000c9800000, 0x00000000c9800000| Untracked 
|  77|0x00000000c9900000, 0x00000000c9900000, 0x00000000c9a00000|  0%| F|  |TAMS 0x00000000c9900000, 0x00000000c9900000| Untracked 
|  78|0x00000000c9a00000, 0x00000000c9b00000, 0x00000000c9b00000|100%| O|  |TAMS 0x00000000c9a00000, 0x00000000c9a00000| Untracked 
|  79|0x00000000c9b00000, 0x00000000c9c00000, 0x00000000c9c00000|100%| O|  |TAMS 0x00000000c9b00000, 0x00000000c9b00000| Untracked 
|  80|0x00000000c9c00000, 0x00000000c9d00000, 0x00000000c9d00000|100%| O|  |TAMS 0x00000000c9c00000, 0x00000000c9c00000| Untracked 
|  81|0x00000000c9d00000, 0x00000000c9e00000, 0x00000000c9e00000|100%| O|  |TAMS 0x00000000c9d00000, 0x00000000c9d00000| Untracked 
|  82|0x00000000c9e00000, 0x00000000c9f00000, 0x00000000c9f00000|100%| O|  |TAMS 0x00000000c9e00000, 0x00000000c9e00000| Untracked 
|  83|0x00000000c9f00000, 0x00000000c9fcce00, 0x00000000ca000000| 80%| O|  |TAMS 0x00000000c9f00000, 0x00000000c9f00000| Untracked 
|  84|0x00000000ca000000, 0x00000000ca000000, 0x00000000ca100000|  0%| F|  |TAMS 0x00000000ca000000, 0x00000000ca000000| Untracked 
|  85|0x00000000ca100000, 0x00000000ca100000, 0x00000000ca200000|  0%| F|  |TAMS 0x00000000ca100000, 0x00000000ca100000| Untracked 
|  86|0x00000000ca200000, 0x00000000ca200000, 0x00000000ca300000|  0%| F|  |TAMS 0x00000000ca200000, 0x00000000ca200000| Untracked 
|  87|0x00000000ca300000, 0x00000000ca300000, 0x00000000ca400000|  0%| F|  |TAMS 0x00000000ca300000, 0x00000000ca300000| Untracked 
|  88|0x00000000ca400000, 0x00000000ca400000, 0x00000000ca500000|  0%| F|  |TAMS 0x00000000ca400000, 0x00000000ca400000| Untracked 
|  89|0x00000000ca500000, 0x00000000ca500000, 0x00000000ca600000|  0%| F|  |TAMS 0x00000000ca500000, 0x00000000ca500000| Untracked 
|  90|0x00000000ca600000, 0x00000000ca600000, 0x00000000ca700000|  0%| F|  |TAMS 0x00000000ca600000, 0x00000000ca600000| Untracked 
|  91|0x00000000ca700000, 0x00000000ca700000, 0x00000000ca800000|  0%| F|  |TAMS 0x00000000ca700000, 0x00000000ca700000| Untracked 
|  92|0x00000000ca800000, 0x00000000ca800000, 0x00000000ca900000|  0%| F|  |TAMS 0x00000000ca800000, 0x00000000ca800000| Untracked 
|  93|0x00000000ca900000, 0x00000000ca900000, 0x00000000caa00000|  0%| F|  |TAMS 0x00000000ca900000, 0x00000000ca900000| Untracked 
|  94|0x00000000caa00000, 0x00000000caa00000, 0x00000000cab00000|  0%| F|  |TAMS 0x00000000caa00000, 0x00000000caa00000| Untracked 
|  95|0x00000000cab00000, 0x00000000cab00000, 0x00000000cac00000|  0%| F|  |TAMS 0x00000000cab00000, 0x00000000cab00000| Untracked 
|  96|0x00000000cac00000, 0x00000000cac00000, 0x00000000cad00000|  0%| F|  |TAMS 0x00000000cac00000, 0x00000000cac00000| Untracked 
|  97|0x00000000cad00000, 0x00000000cad00000, 0x00000000cae00000|  0%| F|  |TAMS 0x00000000cad00000, 0x00000000cad00000| Untracked 
|  98|0x00000000cae00000, 0x00000000cae00000, 0x00000000caf00000|  0%| F|  |TAMS 0x00000000cae00000, 0x00000000cae00000| Untracked 
|  99|0x00000000caf00000, 0x00000000cb000000, 0x00000000cb000000|100%| S|CS|TAMS 0x00000000caf00000, 0x00000000caf00000| Complete 
| 100|0x00000000cb000000, 0x00000000cb100000, 0x00000000cb100000|100%| S|CS|TAMS 0x00000000cb000000, 0x00000000cb000000| Complete 
| 101|0x00000000cb100000, 0x00000000cb200000, 0x00000000cb200000|100%| S|CS|TAMS 0x00000000cb100000, 0x00000000cb100000| Complete 
| 102|0x00000000cb200000, 0x00000000cb300000, 0x00000000cb300000|100%| S|CS|TAMS 0x00000000cb200000, 0x00000000cb200000| Complete 
| 103|0x00000000cb300000, 0x00000000cb400000, 0x00000000cb400000|100%| S|CS|TAMS 0x00000000cb300000, 0x00000000cb300000| Complete 
| 104|0x00000000cb400000, 0x00000000cb500000, 0x00000000cb500000|100%| S|CS|TAMS 0x00000000cb400000, 0x00000000cb400000| Complete 
| 105|0x00000000cb500000, 0x00000000cb600000, 0x00000000cb600000|100%| S|CS|TAMS 0x00000000cb500000, 0x00000000cb500000| Complete 
| 106|0x00000000cb600000, 0x00000000cb700000, 0x00000000cb700000|100%| S|CS|TAMS 0x00000000cb600000, 0x00000000cb600000| Complete 
| 107|0x00000000cb700000, 0x00000000cb800000, 0x00000000cb800000|100%| S|CS|TAMS 0x00000000cb700000, 0x00000000cb700000| Complete 
| 108|0x00000000cb800000, 0x00000000cb800000, 0x00000000cb900000|  0%| F|  |TAMS 0x00000000cb800000, 0x00000000cb800000| Untracked 
| 109|0x00000000cb900000, 0x00000000cb900000, 0x00000000cba00000|  0%| F|  |TAMS 0x00000000cb900000, 0x00000000cb900000| Untracked 
| 110|0x00000000cba00000, 0x00000000cba00000, 0x00000000cbb00000|  0%| F|  |TAMS 0x00000000cba00000, 0x00000000cba00000| Untracked 
| 111|0x00000000cbb00000, 0x00000000cbb00000, 0x00000000cbc00000|  0%| F|  |TAMS 0x00000000cbb00000, 0x00000000cbb00000| Untracked 
| 112|0x00000000cbc00000, 0x00000000cbc00000, 0x00000000cbd00000|  0%| F|  |TAMS 0x00000000cbc00000, 0x00000000cbc00000| Untracked 
| 113|0x00000000cbd00000, 0x00000000cbd00000, 0x00000000cbe00000|  0%| F|  |TAMS 0x00000000cbd00000, 0x00000000cbd00000| Untracked 
| 114|0x00000000cbe00000, 0x00000000cbe00000, 0x00000000cbf00000|  0%| F|  |TAMS 0x00000000cbe00000, 0x00000000cbe00000| Untracked 
| 115|0x00000000cbf00000, 0x00000000cbf00000, 0x00000000cc000000|  0%| F|  |TAMS 0x00000000cbf00000, 0x00000000cbf00000| Untracked 
| 116|0x00000000cc000000, 0x00000000cc000000, 0x00000000cc100000|  0%| F|  |TAMS 0x00000000cc000000, 0x00000000cc000000| Untracked 
| 117|0x00000000cc100000, 0x00000000cc100000, 0x00000000cc200000|  0%| F|  |TAMS 0x00000000cc100000, 0x00000000cc100000| Untracked 
| 118|0x00000000cc200000, 0x00000000cc200000, 0x00000000cc300000|  0%| F|  |TAMS 0x00000000cc200000, 0x00000000cc200000| Untracked 
| 119|0x00000000cc300000, 0x00000000cc300000, 0x00000000cc400000|  0%| F|  |TAMS 0x00000000cc300000, 0x00000000cc300000| Untracked 
| 120|0x00000000cc400000, 0x00000000cc400000, 0x00000000cc500000|  0%| F|  |TAMS 0x00000000cc400000, 0x00000000cc400000| Untracked 
| 121|0x00000000cc500000, 0x00000000cc500000, 0x00000000cc600000|  0%| F|  |TAMS 0x00000000cc500000, 0x00000000cc500000| Untracked 
| 122|0x00000000cc600000, 0x00000000cc600000, 0x00000000cc700000|  0%| F|  |TAMS 0x00000000cc600000, 0x00000000cc600000| Untracked 
| 123|0x00000000cc700000, 0x00000000cc700000, 0x00000000cc800000|  0%| F|  |TAMS 0x00000000cc700000, 0x00000000cc700000| Untracked 
| 124|0x00000000cc800000, 0x00000000cc800000, 0x00000000cc900000|  0%| F|  |TAMS 0x00000000cc800000, 0x00000000cc800000| Untracked 
| 125|0x00000000cc900000, 0x00000000cc9f1208, 0x00000000cca00000| 94%| E|  |TAMS 0x00000000cc900000, 0x00000000cc900000| Complete 
| 126|0x00000000cca00000, 0x00000000ccb00000, 0x00000000ccb00000|100%| E|CS|TAMS 0x00000000cca00000, 0x00000000cca00000| Complete 
| 127|0x00000000ccb00000, 0x00000000ccc00000, 0x00000000ccc00000|100%| E|CS|TAMS 0x00000000ccb00000, 0x00000000ccb00000| Complete 
| 128|0x00000000ccc00000, 0x00000000ccd00000, 0x00000000ccd00000|100%| E|CS|TAMS 0x00000000ccc00000, 0x00000000ccc00000| Complete 
| 129|0x00000000ccd00000, 0x00000000cce00000, 0x00000000cce00000|100%| E|CS|TAMS 0x00000000ccd00000, 0x00000000ccd00000| Complete 
| 130|0x00000000cce00000, 0x00000000ccf00000, 0x00000000ccf00000|100%| E|CS|TAMS 0x00000000cce00000, 0x00000000cce00000| Complete 
| 131|0x00000000ccf00000, 0x00000000cd000000, 0x00000000cd000000|100%| E|CS|TAMS 0x00000000ccf00000, 0x00000000ccf00000| Complete 
| 132|0x00000000cd000000, 0x00000000cd100000, 0x00000000cd100000|100%| E|CS|TAMS 0x00000000cd000000, 0x00000000cd000000| Complete 
| 133|0x00000000cd100000, 0x00000000cd200000, 0x00000000cd200000|100%| E|CS|TAMS 0x00000000cd100000, 0x00000000cd100000| Complete 
| 134|0x00000000cd200000, 0x00000000cd300000, 0x00000000cd300000|100%| E|CS|TAMS 0x00000000cd200000, 0x00000000cd200000| Complete 
| 135|0x00000000cd300000, 0x00000000cd400000, 0x00000000cd400000|100%| E|CS|TAMS 0x00000000cd300000, 0x00000000cd300000| Complete 
| 136|0x00000000cd400000, 0x00000000cd500000, 0x00000000cd500000|100%| E|CS|TAMS 0x00000000cd400000, 0x00000000cd400000| Complete 
| 137|0x00000000cd500000, 0x00000000cd600000, 0x00000000cd600000|100%| E|CS|TAMS 0x00000000cd500000, 0x00000000cd500000| Complete 
| 138|0x00000000cd600000, 0x00000000cd700000, 0x00000000cd700000|100%| E|CS|TAMS 0x00000000cd600000, 0x00000000cd600000| Complete 
| 139|0x00000000cd700000, 0x00000000cd800000, 0x00000000cd800000|100%| E|CS|TAMS 0x00000000cd700000, 0x00000000cd700000| Complete 
| 140|0x00000000cd800000, 0x00000000cd900000, 0x00000000cd900000|100%| E|CS|TAMS 0x00000000cd800000, 0x00000000cd800000| Complete 
| 141|0x00000000cd900000, 0x00000000cda00000, 0x00000000cda00000|100%| E|CS|TAMS 0x00000000cd900000, 0x00000000cd900000| Complete 
| 142|0x00000000cda00000, 0x00000000cdb00000, 0x00000000cdb00000|100%| E|CS|TAMS 0x00000000cda00000, 0x00000000cda00000| Complete 
| 143|0x00000000cdb00000, 0x00000000cdc00000, 0x00000000cdc00000|100%| E|CS|TAMS 0x00000000cdb00000, 0x00000000cdb00000| Complete 
| 144|0x00000000cdc00000, 0x00000000cdd00000, 0x00000000cdd00000|100%| E|CS|TAMS 0x00000000cdc00000, 0x00000000cdc00000| Complete 
| 145|0x00000000cdd00000, 0x00000000cde00000, 0x00000000cde00000|100%| E|CS|TAMS 0x00000000cdd00000, 0x00000000cdd00000| Complete 
| 146|0x00000000cde00000, 0x00000000cdf00000, 0x00000000cdf00000|100%| E|CS|TAMS 0x00000000cde00000, 0x00000000cde00000| Complete 
| 147|0x00000000cdf00000, 0x00000000ce000000, 0x00000000ce000000|100%| E|CS|TAMS 0x00000000cdf00000, 0x00000000cdf00000| Complete 
| 148|0x00000000ce000000, 0x00000000ce100000, 0x00000000ce100000|100%| E|CS|TAMS 0x00000000ce000000, 0x00000000ce000000| Complete 
| 149|0x00000000ce100000, 0x00000000ce200000, 0x00000000ce200000|100%| E|CS|TAMS 0x00000000ce100000, 0x00000000ce100000| Complete 
| 150|0x00000000ce200000, 0x00000000ce300000, 0x00000000ce300000|100%| E|CS|TAMS 0x00000000ce200000, 0x00000000ce200000| Complete 
| 151|0x00000000ce300000, 0x00000000ce400000, 0x00000000ce400000|100%| E|CS|TAMS 0x00000000ce300000, 0x00000000ce300000| Complete 
| 152|0x00000000ce400000, 0x00000000ce500000, 0x00000000ce500000|100%| E|CS|TAMS 0x00000000ce400000, 0x00000000ce400000| Complete 
| 153|0x00000000ce500000, 0x00000000ce600000, 0x00000000ce600000|100%| E|CS|TAMS 0x00000000ce500000, 0x00000000ce500000| Complete 
| 154|0x00000000ce600000, 0x00000000ce700000, 0x00000000ce700000|100%| E|CS|TAMS 0x00000000ce600000, 0x00000000ce600000| Complete 
| 155|0x00000000ce700000, 0x00000000ce800000, 0x00000000ce800000|100%| E|CS|TAMS 0x00000000ce700000, 0x00000000ce700000| Complete 
| 156|0x00000000ce800000, 0x00000000ce900000, 0x00000000ce900000|100%| E|CS|TAMS 0x00000000ce800000, 0x00000000ce800000| Complete 
| 157|0x00000000ce900000, 0x00000000cea00000, 0x00000000cea00000|100%| E|CS|TAMS 0x00000000ce900000, 0x00000000ce900000| Complete 
| 158|0x00000000cea00000, 0x00000000ceb00000, 0x00000000ceb00000|100%| E|CS|TAMS 0x00000000cea00000, 0x00000000cea00000| Complete 
| 159|0x00000000ceb00000, 0x00000000cec00000, 0x00000000cec00000|100%| E|CS|TAMS 0x00000000ceb00000, 0x00000000ceb00000| Complete 
| 160|0x00000000cec00000, 0x00000000ced00000, 0x00000000ced00000|100%| E|CS|TAMS 0x00000000cec00000, 0x00000000cec00000| Complete 
| 161|0x00000000ced00000, 0x00000000cee00000, 0x00000000cee00000|100%| E|CS|TAMS 0x00000000ced00000, 0x00000000ced00000| Complete 
| 162|0x00000000cee00000, 0x00000000cef00000, 0x00000000cef00000|100%| E|CS|TAMS 0x00000000cee00000, 0x00000000cee00000| Complete 
| 163|0x00000000cef00000, 0x00000000cf000000, 0x00000000cf000000|100%| E|CS|TAMS 0x00000000cef00000, 0x00000000cef00000| Complete 
| 164|0x00000000cf000000, 0x00000000cf100000, 0x00000000cf100000|100%| E|CS|TAMS 0x00000000cf000000, 0x00000000cf000000| Complete 
| 165|0x00000000cf100000, 0x00000000cf200000, 0x00000000cf200000|100%| E|CS|TAMS 0x00000000cf100000, 0x00000000cf100000| Complete 
| 946|0x00000000ffe00000, 0x00000000fff00000, 0x00000000fff00000|100%| O|  |TAMS 0x00000000fff00000, 0x00000000ffe00000| Untracked 
| 947|0x00000000fff00000, 0x0000000100000000, 0x0000000100000000|100%| O|  |TAMS 0x0000000100000000, 0x00000000fff00000| Untracked 

Card table byte_map: [0x00000233ebe10000,0x00000233ebff0000] _byte_map_base: 0x00000233eb7ea000

Marking Bits (Prev, Next): (CMBitMap*) 0x00000233d558b810, (CMBitMap*) 0x00000233d558b7d0
 Prev Bits: [0x00000233ed0a0000, 0x00000233edf70000)
 Next Bits: [0x00000233ec1d0000, 0x00000233ed0a0000)

Polling page: 0x00000233d34b0000

Metaspace:

Usage:
  Non-class:     31.40 MB used.
      Class:      3.95 MB used.
       Both:     35.35 MB used.

Virtual space:
  Non-class space:       64.00 MB reserved,      31.62 MB ( 49%) committed,  1 nodes.
      Class space:        1.00 GB reserved,       4.12 MB ( <1%) committed,  1 nodes.
             Both:        1.06 GB reserved,      35.75 MB (  3%) committed. 

Chunk freelists:
   Non-Class:  15.81 MB
       Class:  11.92 MB
        Both:  27.73 MB

MaxMetaspaceSize: unlimited
CompressedClassSpaceSize: 1.00 GB
Initial GC threshold: 21.00 MB
Current GC threshold: 47.81 MB
CDS: on
MetaspaceReclaimPolicy: balanced
 - commit_granule_bytes: 65536.
 - commit_granule_words: 8192.
 - virtual_space_node_default_size: 8388608.
 - enlarge_chunks_in_place: 1.
 - new_chunks_are_fully_committed: 0.
 - uncommit_free_chunks: 1.
 - use_allocation_guard: 0.
 - handle_deallocations: 1.


Internal statistics:

num_allocs_failed_limit: 6.
num_arena_births: 296.
num_arena_deaths: 0.
num_vsnodes_births: 2.
num_vsnodes_deaths: 0.
num_space_committed: 572.
num_space_uncommitted: 0.
num_chunks_returned_to_freelist: 6.
num_chunks_taken_from_freelist: 1644.
num_chunk_merges: 6.
num_chunk_splits: 1128.
num_chunks_enlarged: 864.
num_inconsistent_stats: 0.

CodeHeap 'non-profiled nmethods': size=120000Kb used=3768Kb max_used=4094Kb free=116231Kb
 bounds [0x00000233e48e0000, 0x00000233e4ce0000, 0x00000233ebe10000]
CodeHeap 'profiled nmethods': size=120000Kb used=15882Kb max_used=18497Kb free=104117Kb
 bounds [0x00000233dce10000, 0x00000233de030000, 0x00000233e4340000]
CodeHeap 'non-nmethods': size=5760Kb used=1262Kb max_used=1299Kb free=4497Kb
 bounds [0x00000233e4340000, 0x00000233e45b0000, 0x00000233e48e0000]
 total_blobs=8145 nmethods=7582 adapters=475
 compilation: enabled
              stopped_count=0, restarted_count=0
 full_count=0

Compilation events (20 events):
Event: 14.211 Thread 0x00000233d561a590 nmethod 9515 0x00000233e4931390 code [0x00000233e4931520, 0x00000233e49315f8]
Event: 14.211 Thread 0x00000233d5617ad0 9516       4       java.nio.CharBuffer::<init> (24 bytes)
Event: 14.212 Thread 0x00000233d561a590 9518       1       org.apache.maven.surefire.api.stream.AbstractStreamDecoder$BufferedStream::getPositionByteBuffer (5 bytes)
Event: 14.212 Thread 0x00000233d561a590 nmethod 9518 0x00000233e4acd810 code [0x00000233e4acd9a0, 0x00000233e4acda78]
Event: 14.212 Thread 0x00000233d561a590 9519       1       org.apache.maven.surefire.api.stream.AbstractStreamDecoder$MalformedFrameException::readTo (5 bytes)
Event: 14.212 Thread 0x00000233d561a590 nmethod 9519 0x00000233e4acd490 code [0x00000233e4acd620, 0x00000233e4acd6f8]
Event: 14.213 Thread 0x00000233d561a590 9520  s    1       java.lang.StringBuffer::length (5 bytes)
Event: 14.213 Thread 0x00000233d561a590 nmethod 9520 0x00000233e49adc10 code [0x00000233e49adda0, 0x00000233e49adf18]
Event: 14.213 Thread 0x00000233d561a590 9521       3       java.util.Calendar::internalGet (7 bytes)
Event: 14.214 Thread 0x00000233d561a590 nmethod 9521 0x00000233dd040a90 code [0x00000233dd040c20, 0x00000233dd040d58]
Event: 14.214 Thread 0x00000233f5faad70 9525       4       java.nio.CharBuffer::arrayOffset (35 bytes)
Event: 14.215 Thread 0x00000233f5faad70 nmethod 9525 0x00000233e49ad890 code [0x00000233e49ada00, 0x00000233e49adab8]
Event: 14.215 Thread 0x00000233f5faad70 9517       4       java.nio.CharBuffer::limit (6 bytes)
Event: 14.215 Thread 0x00000233d5617ad0 nmethod 9516 0x00000233e4949890 code [0x00000233e4949a20, 0x00000233e4949dd8]
Event: 14.215 Thread 0x00000233d5617ad0 9523       4       java.nio.HeapCharBuffer::<init> (23 bytes)
Event: 14.216 Thread 0x00000233f5faad70 nmethod 9517 0x00000233e4b11d90 code [0x00000233e4b11f00, 0x00000233e4b11ff8]
Event: 14.216 Thread 0x00000233f5faad70 9524   !   4       java.nio.CharBuffer::wrap (21 bytes)
Event: 14.217 Thread 0x00000233d561a590 9526       3       org.apache.maven.surefire.stream.EventDecoder::getEncodedMagicNumber (4 bytes)
Event: 14.217 Thread 0x00000233d561a590 nmethod 9526 0x00000233dd043590 code [0x00000233dd043720, 0x00000233dd043838]
Event: 14.217 Thread 0x00000233d561a590 9527   !   3       org.apache.maven.surefire.stream.EventDecoder::decode (399 bytes)

GC Heap History (20 events):
Event: 5.426 GC heap before
{Heap before GC invocations=9 (full 0):
 garbage-first heap   total 73728K, used 56923K [0x00000000c4c00000, 0x0000000100000000)
  region size 1024K, 35 young (35840K), 6 survivors (6144K)
 Metaspace       used 25684K, committed 26048K, reserved 1114112K
  class space    used 2961K, committed 3136K, reserved 1048576K
}
Event: 5.441 GC heap after
{Heap after GC invocations=10 (full 0):
 garbage-first heap   total 75776K, used 39334K [0x00000000c4c00000, 0x0000000100000000)
  region size 1024K, 5 young (5120K), 5 survivors (5120K)
 Metaspace       used 25684K, committed 26048K, reserved 1114112K
  class space    used 2961K, committed 3136K, reserved 1048576K
}
Event: 5.726 GC heap before
{Heap before GC invocations=11 (full 0):
 garbage-first heap   total 75776K, used 53670K [0x00000000c4c00000, 0x0000000100000000)
  region size 1024K, 21 young (21504K), 5 survivors (5120K)
 Metaspace       used 25923K, committed 26240K, reserved 1114112K
  class space    used 2990K, committed 3136K, reserved 1048576K
}
Event: 5.735 GC heap after
{Heap after GC invocations=12 (full 0):
 garbage-first heap   total 75776K, used 43008K [0x00000000c4c00000, 0x0000000100000000)
  region size 1024K, 3 young (3072K), 3 survivors (3072K)
 Metaspace       used 25923K, committed 26240K, reserved 1114112K
  class space    used 2990K, committed 3136K, reserved 1048576K
}
Event: 5.857 GC heap before
{Heap before GC invocations=12 (full 0):
 garbage-first heap   total 75776K, used 56320K [0x00000000c4c00000, 0x0000000100000000)
  region size 1024K, 16 young (16384K), 3 survivors (3072K)
 Metaspace       used 26423K, committed 26688K, reserved 1114112K
  class space    used 3034K, committed 3136K, reserved 1048576K
}
Event: 5.865 GC heap after
{Heap after GC invocations=13 (full 0):
 garbage-first heap   total 75776K, used 46080K [0x00000000c4c00000, 0x0000000100000000)
  region size 1024K, 2 young (2048K), 2 survivors (2048K)
 Metaspace       used 26423K, committed 26688K, reserved 1114112K
  class space    used 3034K, committed 3136K, reserved 1048576K
}
Event: 5.962 GC heap before
{Heap before GC invocations=14 (full 0):
 garbage-first heap   total 92160K, used 59392K [0x00000000c4c00000, 0x0000000100000000)
  region size 1024K, 14 young (14336K), 2 survivors (2048K)
 Metaspace       used 26595K, committed 26944K, reserved 1114112K
  class space    used 3038K, committed 3200K, reserved 1048576K
}
Event: 5.970 GC heap after
{Heap after GC invocations=15 (full 0):
 garbage-first heap   total 92160K, used 49152K [0x00000000c4c00000, 0x0000000100000000)
  region size 1024K, 2 young (2048K), 2 survivors (2048K)
 Metaspace       used 26595K, committed 26944K, reserved 1114112K
  class space    used 3038K, committed 3200K, reserved 1048576K
}
Event: 6.324 GC heap before
{Heap before GC invocations=15 (full 0):
 garbage-first heap   total 92160K, used 68608K [0x00000000c4c00000, 0x0000000100000000)
  region size 1024K, 22 young (22528K), 2 survivors (2048K)
 Metaspace       used 27702K, committed 28032K, reserved 1114112K
  class space    used 3159K, committed 3264K, reserved 1048576K
}
Event: 6.332 GC heap after
{Heap after GC invocations=16 (full 0):
 garbage-first heap   total 92160K, used 51254K [0x00000000c4c00000, 0x0000000100000000)
  region size 1024K, 2 young (2048K), 2 survivors (2048K)
 Metaspace       used 27702K, committed 28032K, reserved 1114112K
  class space    used 3159K, committed 3264K, reserved 1048576K
}
Event: 6.704 GC heap before
{Heap before GC invocations=17 (full 0):
 garbage-first heap   total 92160K, used 69686K [0x00000000c4c00000, 0x0000000100000000)
  region size 1024K, 21 young (21504K), 2 survivors (2048K)
 Metaspace       used 28600K, committed 28928K, reserved 1114112K
  class space    used 3246K, committed 3392K, reserved 1048576K
}
Event: 6.710 GC heap after
{Heap after GC invocations=18 (full 0):
 garbage-first heap   total 92160K, used 51671K [0x00000000c4c00000, 0x0000000100000000)
  region size 1024K, 1 young (1024K), 1 survivors (1024K)
 Metaspace       used 28600K, committed 28928K, reserved 1114112K
  class space    used 3246K, committed 3392K, reserved 1048576K
}
Event: 6.862 GC heap before
{Heap before GC invocations=18 (full 0):
 garbage-first heap   total 92160K, used 72151K [0x00000000c4c00000, 0x0000000100000000)
  region size 1024K, 22 young (22528K), 1 survivors (1024K)
 Metaspace       used 28960K, committed 29312K, reserved 1114112K
  class space    used 3291K, committed 3456K, reserved 1048576K
}
Event: 6.864 GC heap after
{Heap after GC invocations=19 (full 0):
 garbage-first heap   total 172032K, used 51701K [0x00000000c4c00000, 0x0000000100000000)
  region size 1024K, 1 young (1024K), 1 survivors (1024K)
 Metaspace       used 28960K, committed 29312K, reserved 1114112K
  class space    used 3291K, committed 3456K, reserved 1048576K
}
Event: 7.761 GC heap before
{Heap before GC invocations=20 (full 0):
 garbage-first heap   total 172032K, used 128501K [0x00000000c4c00000, 0x0000000100000000)
  region size 1024K, 76 young (77824K), 1 survivors (1024K)
 Metaspace       used 29369K, committed 29696K, reserved 1114112K
  class space    used 3308K, committed 3456K, reserved 1048576K
}
Event: 7.765 GC heap after
{Heap after GC invocations=21 (full 0):
 garbage-first heap   total 172032K, used 52671K [0x00000000c4c00000, 0x0000000100000000)
  region size 1024K, 2 young (2048K), 2 survivors (2048K)
 Metaspace       used 29369K, committed 29696K, reserved 1114112K
  class space    used 3308K, committed 3456K, reserved 1048576K
}
Event: 10.808 GC heap before
{Heap before GC invocations=21 (full 0):
 garbage-first heap   total 172032K, used 147903K [0x00000000c4c00000, 0x0000000100000000)
  region size 1024K, 88 young (90112K), 2 survivors (2048K)
 Metaspace       used 31695K, committed 32064K, reserved 1114112K
  class space    used 3553K, committed 3712K, reserved 1048576K
}
Event: 10.832 GC heap after
{Heap after GC invocations=22 (full 0):
 garbage-first heap   total 172032K, used 71997K [0x00000000c4c00000, 0x0000000100000000)
  region size 1024K, 11 young (11264K), 11 survivors (11264K)
 Metaspace       used 31695K, committed 32064K, reserved 1114112K
  class space    used 3553K, committed 3712K, reserved 1048576K
}
Event: 12.231 GC heap before
{Heap before GC invocations=22 (full 0):
 garbage-first heap   total 172032K, used 131389K [0x00000000c4c00000, 0x0000000100000000)
  region size 1024K, 69 young (70656K), 11 survivors (11264K)
 Metaspace       used 32848K, committed 33216K, reserved 1114112K
  class space    used 3688K, committed 3840K, reserved 1048576K
}
Event: 12.259 GC heap after
{Heap after GC invocations=23 (full 0):
 garbage-first heap   total 172032K, used 85811K [0x00000000c4c00000, 0x0000000100000000)
  region size 1024K, 9 young (9216K), 9 survivors (9216K)
 Metaspace       used 32848K, committed 33216K, reserved 1114112K
  class space    used 3688K, committed 3840K, reserved 1048576K
}

Deoptimization events (20 events):
Event: 13.825 Thread 0x00000233f65b9500 Uncommon trap: trap_request=0xffffff45 fr.pc=0x00000233e49dec28 relative=0x0000000000000128
Event: 13.825 Thread 0x00000233f65b9500 Uncommon trap: reason=unstable_if action=reinterpret pc=0x00000233e49dec28 method=java.lang.String.getBytes([BIIBI)V @ 6 c2
Event: 13.825 Thread 0x00000233f65b9500 DEOPT PACKING pc=0x00000233e49dec28 sp=0x000000d0fa9feca0
Event: 13.825 Thread 0x00000233f65b9500 DEOPT UNPACKING pc=0x00000233e4395ba3 sp=0x000000d0fa9fec68 mode 2
Event: 13.825 Thread 0x00000233f65b9500 Uncommon trap: trap_request=0xffffff45 fr.pc=0x00000233e49601bc relative=0x000000000000041c
Event: 13.825 Thread 0x00000233f65b9500 Uncommon trap: reason=unstable_if action=reinterpret pc=0x00000233e49601bc method=java.lang.StringBuilder.toString()Ljava/lang/String; @ 4 c2
Event: 13.825 Thread 0x00000233f65b9500 DEOPT PACKING pc=0x00000233e49601bc sp=0x000000d0fa9fee90
Event: 13.825 Thread 0x00000233f65b9500 DEOPT UNPACKING pc=0x00000233e4395ba3 sp=0x000000d0fa9fee70 mode 2
Event: 13.825 Thread 0x00000233f65b9500 Uncommon trap: trap_request=0xffffff76 fr.pc=0x00000233e4c142e4 relative=0x0000000000002964
Event: 13.825 Thread 0x00000233f65b9500 Uncommon trap: reason=predicate action=maybe_recompile pc=0x00000233e4c142e4 method=java.util.regex.Pattern.compile()V @ 78 c2
Event: 13.825 Thread 0x00000233f65b9500 DEOPT PACKING pc=0x00000233e4c142e4 sp=0x000000d0fa9feed0
Event: 13.825 Thread 0x00000233f65b9500 DEOPT UNPACKING pc=0x00000233e4395ba3 sp=0x000000d0fa9feec0 mode 2
Event: 13.825 Thread 0x00000233f65b9500 Uncommon trap: trap_request=0xffffff45 fr.pc=0x00000233e4a46d00 relative=0x0000000000000080
Event: 13.825 Thread 0x00000233f65b9500 Uncommon trap: reason=unstable_if action=reinterpret pc=0x00000233e4a46d00 method=java.lang.String.codePointAt(I)I @ 4 c2
Event: 13.825 Thread 0x00000233f65b9500 DEOPT PACKING pc=0x00000233e4a46d00 sp=0x000000d0fa9feea0
Event: 13.825 Thread 0x00000233f65b9500 DEOPT UNPACKING pc=0x00000233e4395ba3 sp=0x000000d0fa9fee48 mode 2
Event: 13.825 Thread 0x00000233f65b9500 Uncommon trap: trap_request=0xffffffc6 fr.pc=0x00000233e4a499ec relative=0x000000000000024c
Event: 13.825 Thread 0x00000233f65b9500 Uncommon trap: reason=bimorphic_or_optimized_type_check action=maybe_recompile pc=0x00000233e4a499ec method=java.util.regex.Matcher.getTextLength()I @ 4 c2
Event: 13.825 Thread 0x00000233f65b9500 DEOPT PACKING pc=0x00000233e4a499ec sp=0x000000d0fa9feef0
Event: 13.825 Thread 0x00000233f65b9500 DEOPT UNPACKING pc=0x00000233e4395ba3 sp=0x000000d0fa9fee20 mode 2

Classes unloaded (0 events):
No events

Classes redefined (0 events):
No events

Internal exceptions (20 events):
Event: 12.339 Thread 0x00000233d5550fb0 Exception <a 'sun/nio/fs/WindowsException'{0x00000000cee955b0}> (0x00000000cee955b0) 
thrown [s\open\src\hotspot\share\prims\jni.cpp, line 516]
Event: 12.346 Thread 0x00000233d5550fb0 Exception <a 'sun/nio/fs/WindowsException'{0x00000000ced702c0}> (0x00000000ced702c0) 
thrown [s\open\src\hotspot\share\prims\jni.cpp, line 516]
Event: 12.349 Thread 0x00000233d5550fb0 Exception <a 'sun/nio/fs/WindowsException'{0x00000000ced76a30}> (0x00000000ced76a30) 
thrown [s\open\src\hotspot\share\prims\jni.cpp, line 516]
Event: 12.351 Thread 0x00000233d5550fb0 Exception <a 'sun/nio/fs/WindowsException'{0x00000000ceda0ea0}> (0x00000000ceda0ea0) 
thrown [s\open\src\hotspot\share\prims\jni.cpp, line 516]
Event: 12.351 Thread 0x00000233d5550fb0 Exception <a 'sun/nio/fs/WindowsException'{0x00000000ceda15f0}> (0x00000000ceda15f0) 
thrown [s\open\src\hotspot\share\prims\jni.cpp, line 516]
Event: 12.351 Thread 0x00000233d5550fb0 Exception <a 'sun/nio/fs/WindowsException'{0x00000000ceda1bb0}> (0x00000000ceda1bb0) 
thrown [s\open\src\hotspot\share\prims\jni.cpp, line 516]
Event: 12.352 Thread 0x00000233d5550fb0 Exception <a 'sun/nio/fs/WindowsException'{0x00000000ceda22f8}> (0x00000000ceda22f8) 
thrown [s\open\src\hotspot\share\prims\jni.cpp, line 516]
Event: 12.352 Thread 0x00000233d5550fb0 Exception <a 'sun/nio/fs/WindowsException'{0x00000000ceda2638}> (0x00000000ceda2638) 
thrown [s\open\src\hotspot\share\prims\jni.cpp, line 516]
Event: 12.352 Thread 0x00000233d5550fb0 Exception <a 'sun/nio/fs/WindowsException'{0x00000000ceda32e8}> (0x00000000ceda32e8) 
thrown [s\open\src\hotspot\share\prims\jni.cpp, line 516]
Event: 12.352 Thread 0x00000233d5550fb0 Exception <a 'sun/nio/fs/WindowsException'{0x00000000ceda35e8}> (0x00000000ceda35e8) 
thrown [s\open\src\hotspot\share\prims\jni.cpp, line 516]
Event: 12.352 Thread 0x00000233d5550fb0 Exception <a 'sun/nio/fs/WindowsException'{0x00000000ceda4290}> (0x00000000ceda4290) 
thrown [s\open\src\hotspot\share\prims\jni.cpp, line 516]
Event: 12.834 Thread 0x00000233f5ec71b0 Implicit null exception at 0x00000233e4aa7c12 to 0x00000233e4aa7e34
Event: 12.843 Thread 0x00000233f5ec71b0 Exception <a 'java/lang/NoSuchMethodError'{0x00000000cd90eb40}: 'java.lang.Object java.lang.invoke.DirectMethodHandle$Holder.invokeStatic(java.lang.Object, java.lang.Object, long, java.lang.Object)'> (0x00000000cd90eb40) 
thrown [s\open\src\hotspot\share\interpreter\linkResolver.cpp, line 759]
Event: 12.844 Thread 0x00000233f5ec71b0 Exception <a 'java/lang/NoSuchMethodError'{0x00000000cd912318}: 'java.lang.Object java.lang.invoke.DirectMethodHandle$Holder.invokeStaticInit(java.lang.Object, java.lang.Object, long, java.lang.Object)'> (0x00000000cd912318) 
thrown [s\open\src\hotspot\share\interpreter\linkResolver.cpp, line 759]
Event: 12.845 Thread 0x00000233f5ec71b0 Exception <a 'java/lang/NoSuchMethodError'{0x00000000cd918960}: 'java.lang.Object java.lang.invoke.DirectMethodHandle$Holder.newInvokeSpecial(java.lang.Object, java.lang.Object, long)'> (0x00000000cd918960) 
thrown [s\open\src\hotspot\share\interpreter\linkResolver.cpp, line 759]
Event: 12.845 Thread 0x00000233f5ec71b0 Exception <a 'java/lang/NoSuchMethodError'{0x00000000cd91c4d0}: 'java.lang.Object java.lang.invoke.Invokers$Holder.linkToTargetMethod(java.lang.Object, long, java.lang.Object)'> (0x00000000cd91c4d0) 
thrown [s\open\src\hotspot\share\interpreter\linkResolver.cpp, line 759]
Event: 13.346 Thread 0x00000233d5550fb0 Exception <a 'java/lang/NoSuchMethodError'{0x00000000cd73c030}: 'java.lang.Object java.lang.invoke.DirectMethodHandle$Holder.invokeStaticInit(java.lang.Object, java.lang.Object, int, int, int, int)'> (0x00000000cd73c030) 
thrown [s\open\src\hotspot\share\interpreter\linkResolver.cpp, line 759]
Event: 13.792 Thread 0x00000233d5550fb0 Exception <a 'java/lang/NoSuchMethodError'{0x00000000ccc6a0e0}: 'void java.lang.invoke.DirectMethodHandle$Holder.invokeStatic(java.lang.Object, long)'> (0x00000000ccc6a0e0) 
thrown [s\open\src\hotspot\share\interpreter\linkResolver.cpp, line 759]
Event: 13.793 Thread 0x00000233d5550fb0 Exception <a 'java/lang/NoSuchMethodError'{0x00000000ccc6f638}: 'java.lang.Object java.lang.invoke.DirectMethodHandle$Holder.newInvokeSpecial(java.lang.Object, long)'> (0x00000000ccc6f638) 
thrown [s\open\src\hotspot\share\interpreter\linkResolver.cpp, line 759]
Event: 14.217 Thread 0x00000233f65b9a10 Exception <a 'java/io/IOException'{0x00000000cc9ccb00}> (0x00000000cc9ccb00) 
thrown [s\open\src\hotspot\share\prims\jni.cpp, line 516]

VM Operations (20 events):
Event: 13.619 Executing VM operation: HandshakeAllThreads
Event: 13.619 Executing VM operation: HandshakeAllThreads done
Event: 13.626 Executing VM operation: HandshakeAllThreads
Event: 13.626 Executing VM operation: HandshakeAllThreads done
Event: 13.639 Executing VM operation: HandshakeAllThreads
Event: 13.639 Executing VM operation: HandshakeAllThreads done
Event: 13.640 Executing VM operation: HandshakeAllThreads
Event: 13.641 Executing VM operation: HandshakeAllThreads done
Event: 13.641 Executing VM operation: HandshakeAllThreads
Event: 13.641 Executing VM operation: HandshakeAllThreads done
Event: 13.661 Executing VM operation: HandshakeAllThreads
Event: 13.662 Executing VM operation: HandshakeAllThreads done
Event: 13.680 Executing VM operation: HandshakeAllThreads
Event: 13.681 Executing VM operation: HandshakeAllThreads done
Event: 13.698 Executing VM operation: HandshakeAllThreads
Event: 13.698 Executing VM operation: HandshakeAllThreads done
Event: 13.795 Executing VM operation: HandshakeAllThreads
Event: 13.795 Executing VM operation: HandshakeAllThreads done
Event: 13.800 Executing VM operation: HandshakeAllThreads
Event: 13.800 Executing VM operation: HandshakeAllThreads done

Events (20 events):
Event: 13.794 loading class java/lang/Process$PipeInputStream done
Event: 13.795 loading class jdk/internal/event/ProcessStartEvent
Event: 13.796 loading class jdk/internal/event/ProcessStartEvent done
Event: 13.797 loading class java/nio/channels/ClosedChannelException
Event: 13.797 loading class java/nio/channels/ClosedChannelException done
Event: 13.800 loading class java/nio/channels/NonReadableChannelException
Event: 13.801 loading class java/nio/channels/NonReadableChannelException done
Event: 13.801 loading class java/nio/channels/NonWritableChannelException
Event: 13.802 loading class java/nio/channels/NonWritableChannelException done
Event: 13.816 Thread 0x00000233f65b9500 Thread added: 0x00000233f65b9500
Event: 13.816 Thread 0x00000233f65bbd80 Thread added: 0x00000233f65bbd80
Event: 13.818 loading class java/util/Scanner
Event: 13.822 loading class java/util/Scanner done
Event: 13.823 loading class java/util/Scanner$PatternLRUCache
Event: 13.823 loading class java/util/Scanner$PatternLRUCache done
Event: 13.827 Thread 0x00000233f65b9a10 Thread added: 0x00000233f65b9a10
Event: 14.209 Thread 0x00000233f75017b0 Thread exited: 0x00000233f75017b0
Event: 14.209 loading class java/util/concurrent/atomic/Striped64$1
Event: 14.210 loading class java/util/concurrent/atomic/Striped64$1 done
Event: 14.214 Thread 0x00000233f5faad70 Thread added: 0x00000233f5faad70


Dynamic libraries:
0x00007ff6521b0000 - 0x00007ff6521c0000 	C:\Program Files\Java\jdk-17\bin\java.exe
0x00007ffbb92d0000 - 0x00007ffbb94e7000 	C:\WINDOWS\SYSTEM32\ntdll.dll
0x00007ffbb8870000 - 0x00007ffbb8934000 	C:\WINDOWS\System32\KERNEL32.DLL
0x00007ffbb69b0000 - 0x00007ffbb6d69000 	C:\WINDOWS\System32\KERNELBASE.dll
0x00007ffbb6890000 - 0x00007ffbb69a1000 	C:\WINDOWS\System32\ucrtbase.dll
0x00007ffba29a0000 - 0x00007ffba29bb000 	C:\Program Files\Java\jdk-17\bin\VCRUNTIME140.dll
0x00007ffba33a0000 - 0x00007ffba33b9000 	C:\Program Files\Java\jdk-17\bin\jli.dll
0x00007ffbb74c0000 - 0x00007ffbb7572000 	C:\WINDOWS\System32\ADVAPI32.dll
0x00007ffbb6ff0000 - 0x00007ffbb7097000 	C:\WINDOWS\System32\msvcrt.dll
0x00007ffbb8d40000 - 0x00007ffbb8de7000 	C:\WINDOWS\System32\sechost.dll
0x00007ffbb66f0000 - 0x00007ffbb6718000 	C:\WINDOWS\System32\bcrypt.dll
0x00007ffbb8e80000 - 0x00007ffbb8f94000 	C:\WINDOWS\System32\RPCRT4.dll
0x00007ffbb8940000 - 0x00007ffbb8aee000 	C:\WINDOWS\System32\USER32.dll
0x00007ffbb6e90000 - 0x00007ffbb6eb6000 	C:\WINDOWS\System32\win32u.dll
0x00007ffbb9260000 - 0x00007ffbb9289000 	C:\WINDOWS\System32\GDI32.dll
0x00007ffb9f100000 - 0x00007ffb9f392000 	C:\WINDOWS\WinSxS\amd64_microsoft.windows.common-controls_6595b64144ccf1df_6.0.22621.4391_none_2715d37f73803e96\COMCTL32.dll
0x00007ffbb6d70000 - 0x00007ffbb6e8b000 	C:\WINDOWS\System32\gdi32full.dll
0x00007ffbb65d0000 - 0x00007ffbb666a000 	C:\WINDOWS\System32\msvcp_win.dll
0x00007ffbaae80000 - 0x00007ffbaae8a000 	C:\WINDOWS\SYSTEM32\VERSION.dll
0x00007ffbb7710000 - 0x00007ffbb7741000 	C:\WINDOWS\System32\IMM32.DLL
0x00007ffbac570000 - 0x00007ffbac57c000 	C:\Program Files\Java\jdk-17\bin\vcruntime140_1.dll
0x00007ffb63590000 - 0x00007ffb6361e000 	C:\Program Files\Java\jdk-17\bin\msvcp140.dll
0x00007ffb62830000 - 0x00007ffb63410000 	C:\Program Files\Java\jdk-17\bin\server\jvm.dll
0x00007ffbb9240000 - 0x00007ffbb9248000 	C:\WINDOWS\System32\PSAPI.DLL
0x00007ffbac500000 - 0x00007ffbac534000 	C:\WINDOWS\SYSTEM32\WINMM.dll
0x00007ffba25e0000 - 0x00007ffba25e9000 	C:\WINDOWS\SYSTEM32\WSOCK32.dll
0x00007ffbb8b60000 - 0x00007ffbb8bd1000 	C:\WINDOWS\System32\WS2_32.dll
0x00007ffbb5680000 - 0x00007ffbb5698000 	C:\WINDOWS\SYSTEM32\kernel.appcore.dll
0x00007ffba3430000 - 0x00007ffba343a000 	C:\Program Files\Java\jdk-17\bin\jimage.dll
0x00007ffbb3f20000 - 0x00007ffbb4152000 	C:\WINDOWS\SYSTEM32\DBGHELP.DLL
0x00007ffbb84d0000 - 0x00007ffbb885f000 	C:\WINDOWS\System32\combase.dll
0x00007ffbb7580000 - 0x00007ffbb7657000 	C:\WINDOWS\System32\OLEAUT32.dll
0x00007ffb95330000 - 0x00007ffb95362000 	C:\WINDOWS\SYSTEM32\dbgcore.DLL
0x00007ffbb6670000 - 0x00007ffbb66eb000 	C:\WINDOWS\System32\bcryptPrimitives.dll
0x00007ffb63560000 - 0x00007ffb63585000 	C:\Program Files\Java\jdk-17\bin\java.dll
0x00007ffb2a4e0000 - 0x00007ffb2a5b7000 	C:\Program Files\Java\jdk-17\bin\jsvml.dll
0x00007ffbb7c50000 - 0x00007ffbb84c6000 	C:\WINDOWS\System32\SHELL32.dll
0x00007ffbb4510000 - 0x00007ffbb4e13000 	C:\WINDOWS\SYSTEM32\windows.storage.dll
0x00007ffbb43d0000 - 0x00007ffbb450f000 	C:\WINDOWS\SYSTEM32\wintypes.dll
0x00007ffbb71c0000 - 0x00007ffbb72b9000 	C:\WINDOWS\System32\SHCORE.dll
0x00007ffbb8af0000 - 0x00007ffbb8b4e000 	C:\WINDOWS\System32\shlwapi.dll
0x00007ffbb6500000 - 0x00007ffbb652b000 	C:\WINDOWS\SYSTEM32\profapi.dll
0x00007ffb9da50000 - 0x00007ffb9da69000 	C:\Program Files\Java\jdk-17\bin\net.dll
0x00007ffbafa30000 - 0x00007ffbafb66000 	C:\WINDOWS\SYSTEM32\WINHTTP.dll
0x00007ffbb5b80000 - 0x00007ffbb5be9000 	C:\WINDOWS\system32\mswsock.dll
0x00007ffb751c0000 - 0x00007ffb751d6000 	C:\Program Files\Java\jdk-17\bin\nio.dll
0x00007ffb63540000 - 0x00007ffb63558000 	C:\Program Files\Java\jdk-17\bin\zip.dll
0x00007ffb7cc60000 - 0x00007ffb7cc84000 	C:\apache-maven\apache-maven-3.9.9-bin\apache-maven-3.9.9\lib\jansi-native\Windows\x86_64\jansi.dll
0x00007ffb9ec10000 - 0x00007ffb9ec20000 	C:\Program Files\Java\jdk-17\bin\verify.dll
0x00007ffbb57c0000 - 0x00007ffbb57f4000 	C:\WINDOWS\SYSTEM32\ntmarta.dll
0x00007ffbb5dd0000 - 0x00007ffbb5deb000 	C:\WINDOWS\SYSTEM32\CRYPTSP.dll
0x00007ffbb55e0000 - 0x00007ffbb5615000 	C:\WINDOWS\system32\rsaenh.dll
0x00007ffbb5c70000 - 0x00007ffbb5c98000 	C:\WINDOWS\SYSTEM32\USERENV.dll
0x00007ffbb5df0000 - 0x00007ffbb5dfc000 	C:\WINDOWS\SYSTEM32\CRYPTBASE.dll
0x00007ffbb5080000 - 0x00007ffbb50ad000 	C:\WINDOWS\SYSTEM32\IPHLPAPI.DLL
0x00007ffbb8b50000 - 0x00007ffbb8b59000 	C:\WINDOWS\System32\NSI.dll
0x00007ffbad670000 - 0x00007ffbad689000 	C:\WINDOWS\SYSTEM32\dhcpcsvc6.DLL
0x00007ffbad650000 - 0x00007ffbad66f000 	C:\WINDOWS\SYSTEM32\dhcpcsvc.DLL
0x00007ffbb50f0000 - 0x00007ffbb51f2000 	C:\WINDOWS\SYSTEM32\DNSAPI.dll

dbghelp: loaded successfully - version: 4.0.5 - missing functions: none
symbol engine: initialized successfully - sym options: 0x614 - pdb path: .;C:\Program Files\Java\jdk-17\bin;C:\WINDOWS\SYSTEM32;C:\WINDOWS\WinSxS\amd64_microsoft.windows.common-controls_6595b64144ccf1df_6.0.22621.4391_none_2715d37f73803e96;C:\Program Files\Java\jdk-17\bin\server;C:\apache-maven\apache-maven-3.9.9-bin\apache-maven-3.9.9\lib\jansi-native\Windows\x86_64

VM Arguments:
jvm_args: -Dclassworlds.conf=C:\apache-maven\apache-maven-3.9.9-bin\apache-maven-3.9.9\bin\m2.conf -Dmaven.home=C:\apache-maven\apache-maven-3.9.9-bin\apache-maven-3.9.9 -Dlibrary.jansi.path=C:\apache-maven\apache-maven-3.9.9-bin\apache-maven-3.9.9\lib\jansi-native -Dmaven.multiModuleProjectDirectory=C:\Users\beluc\Documents\2024\Ing de soft\TFI\API_Soft 
java_command: org.codehaus.plexus.classworlds.launcher.Launcher clean install
java_class_path (initial): C:\apache-maven\apache-maven-3.9.9-bin\apache-maven-3.9.9\boot\plexus-classworlds-2.8.0.jar
Launcher Type: SUN_STANDARD

[Global flags]
     intx CICompilerCount                          = 3                                         {product} {ergonomic}
     uint ConcGCThreads                            = 1                                         {product} {ergonomic}
     uint G1ConcRefinementThreads                  = 4                                         {product} {ergonomic}
   size_t G1HeapRegionSize                         = 1048576                                   {product} {ergonomic}
    uintx GCDrainStackTargetSize                   = 64                                        {product} {ergonomic}
   size_t InitialHeapSize                          = 62914560                                  {product} {ergonomic}
   size_t MarkStackSize                            = 4194304                                   {product} {ergonomic}
   size_t MaxHeapSize                              = 994050048                                 {product} {ergonomic}
   size_t MaxNewSize                               = 595591168                                 {product} {ergonomic}
   size_t MinHeapDeltaBytes                        = 1048576                                   {product} {ergonomic}
   size_t MinHeapSize                              = 8388608                                   {product} {ergonomic}
    uintx NonNMethodCodeHeapSize                   = 5832780                                {pd product} {ergonomic}
    uintx NonProfiledCodeHeapSize                  = 122912730                              {pd product} {ergonomic}
    uintx ProfiledCodeHeapSize                     = 122912730                              {pd product} {ergonomic}
    uintx ReservedCodeCacheSize                    = 251658240                              {pd product} {ergonomic}
     bool SegmentedCodeCache                       = true                                      {product} {ergonomic}
   size_t SoftMaxHeapSize                          = 994050048                              {manageable} {ergonomic}
     bool UseCompressedClassPointers               = true                           {product lp64_product} {ergonomic}
     bool UseCompressedOops                        = true                           {product lp64_product} {ergonomic}
     bool UseG1GC                                  = true                                      {product} {ergonomic}
     bool UseLargePagesIndividualAllocation        = false                                  {pd product} {ergonomic}

Logging:
Log output configuration:
 #0: stdout all=warning uptime,level,tags
 #1: stderr all=off uptime,level,tags

Environment Variables:
JAVA_HOME=C:\Program Files\Java\jdk-17
PATH=C:\Program Files\Common Files\Oracle\Java\javapath;C:\WINDOWS\system32;C:\WINDOWS;C:\WINDOWS\System32\Wbem;C:\WINDOWS\System32\WindowsPowerShell\v1.0\;C:\WINDOWS\System32\OpenSSH\;C:\Program Files\nodejs\;C:\Program Files\Git\cmd;C:\apache-maven\apache-maven-3.9.9-bin\apache-maven-3.9.9\bin;C:\Program Files\Java\jdk-17\bin;C:\Users\beluc\AppData\Local\Microsoft\WindowsApps;C:\Users\beluc\AppData\Roaming\npm;C:\Users\beluc\AppData\Local\Programs\Microsoft VS Code\bin;C:\Users\beluc\AppData\Local\GitHubDesktop\bin;C:\Program Files\MySQL\MySQL Server 9.0\bin;
USERNAME=beluc
OS=Windows_NT
PROCESSOR_IDENTIFIER=Intel64 Family 6 Model 140 Stepping 1, GenuineIntel



---------------  S Y S T E M  ---------------

OS:
 Windows 11 , 64 bit Build 22621 (10.0.22621.4391)
OS uptime: 3 days 3:46 hours

CPU: total 4 (initial active 4) (2 cores per cpu, 2 threads per core) family 6 model 140 stepping 1 microcode 0x86, cx8, cmov, fxsr, ht, mmx, 3dnowpref, sse, sse2, sse3, ssse3, sse4.1, sse4.2, popcnt, lzcnt, tsc, tscinvbit, avx, avx2, aes, erms, clmul, bmi1, bmi2, adx, avx512f, avx512dq, avx512cd, avx512bw, avx512vl, sha, fma, vzeroupper, avx512_vpopcntdq, avx512_vpclmulqdq, avx512_vaes, avx512_vnni, clflush, clflushopt, clwb, avx512_vbmi2, avx512_vbmi

Memory: 4k page, system-wide physical 3790M (545M free)
TotalPageFile size 16078M (AvailPageFile size 0M)
current process WorkingSet (physical memory assigned to process): 249M, peak: 260M
current process commit charge ("private bytes"): 342M, peak: 353M

vm_info: Java HotSpot(TM) 64-Bit Server VM (17.0.12+8-LTS-286) for windows-amd64 JRE (17.0.12+8-LTS-286), built on Jun  5 2024 06:46:59 by "mach5one" with MS VC++ 17.6 (VS2022)

END.
