#
# There is insufficient memory for the Java Runtime Environment to continue.
# Native memory allocation (mmap) failed to map 104857600 bytes for G1 virtual space
# Possible reasons:
#   The system is out of physical RAM or swap space
#   The process is running with CompressedOops enabled, and the Java Heap may be blocking the growth of the native heap
# Possible solutions:
#   Reduce memory load on the system
#   Increase physical memory or swap space
#   Check if swap backing store is full
#   Decrease Java heap size (-Xmx/-Xms)
#   Decrease number of Java threads
#   Decrease Java thread stack sizes (-Xss)
#   Set larger code cache with -XX:ReservedCodeCacheSize=
#   JVM is running with Unscaled Compressed Oops mode in which the Java heap is
#     placed in the first 4GB address space. The Java Heap base address is the
#     maximum limit for the native heap growth. Please use -XX:HeapBaseMinAddress
#     to set the Java Heap base and to place the Java Heap above 4GB virtual address.
# This output file may be truncated or incomplete.
#
#  Out of Memory Error (os_windows.cpp:3548), pid=16156, tid=21936
#
# JRE version: Java(TM) SE Runtime Environment (17.0.12+8) (build 17.0.12+8-LTS-286)
# Java VM: Java HotSpot(TM) 64-Bit Server VM (17.0.12+8-LTS-286, mixed mode, sharing, tiered, compressed oops, compressed class ptrs, g1 gc, windows-amd64)
# No core dump will be written. Minidumps are not enabled by default on client versions of Windows
#

---------------  S U M M A R Y ------------

Command Line: -Dclassworlds.conf=C:\apache-maven\apache-maven-3.9.9-bin\apache-maven-3.9.9\bin\m2.conf -Dmaven.home=C:\apache-maven\apache-maven-3.9.9-bin\apache-maven-3.9.9 -Dlibrary.jansi.path=C:\apache-maven\apache-maven-3.9.9-bin\apache-maven-3.9.9\lib\jansi-native -Dmaven.multiModuleProjectDirectory=C:\Users\beluc\Documents\2024\Ing de soft\TFI\API_Soft org.codehaus.plexus.classworlds.launcher.Launcher clean install

Host: 11th Gen Intel(R) Core(TM) i3-1115G4 @ 3.00GHz, 4 cores, 3G,  Windows 11 , 64 bit Build 22621 (10.0.22621.4391)
Time: Mon Dec  2 09:56:33 2024 Hora estándar de Argentina elapsed time: 3.756233 seconds (0d 0h 0m 3s)

---------------  T H R E A D  ---------------

Current thread (0x00000256a7518c90):  VMThread "VM Thread" [stack: 0x000000d25ea00000,0x000000d25eb00000] [id=21936]

Stack: [0x000000d25ea00000,0x000000d25eb00000]
Native frames: (J=compiled Java code, j=interpreted, Vv=VM code, C=native code)
V  [jvm.dll+0x67a04a]
V  [jvm.dll+0x7da4ed]
V  [jvm.dll+0x7dbe33]
V  [jvm.dll+0x7dc4a3]
V  [jvm.dll+0x24508f]
V  [jvm.dll+0x677089]
V  [jvm.dll+0x66bd32]
V  [jvm.dll+0x301fa6]
V  [jvm.dll+0x309546]
V  [jvm.dll+0x359d2e]
V  [jvm.dll+0x359f5f]
V  [jvm.dll+0x2d9078]
V  [jvm.dll+0x2d74ad]
V  [jvm.dll+0x2d6afc]
V  [jvm.dll+0x31a65b]
V  [jvm.dll+0x7e0d9b]
V  [jvm.dll+0x7e1ad4]
V  [jvm.dll+0x7e1fed]
V  [jvm.dll+0x7e23c4]
V  [jvm.dll+0x7e2490]
V  [jvm.dll+0x78abea]
V  [jvm.dll+0x678f35]
C  [ucrtbase.dll+0x29333]
C  [KERNEL32.DLL+0x1259d]
C  [ntdll.dll+0x5af38]

VM_Operation (0x000000d25e4fb0b0): G1CollectForAllocation, mode: safepoint, requested by thread 0x00000256a74718d0


---------------  P R O C E S S  ---------------

Threads class SMR info:
_java_thread_list=0x0000025708bdd0f0, length=13, elements={
0x00000256a74718d0, 0x00000256a751e740, 0x00000256a751f300, 0x00000256a7532460,
0x00000256a7534030, 0x00000256a7538a10, 0x00000256a75393d0, 0x00000256c24c7fb0,
0x00000256c24d18e0, 0x00000256c24d4f10, 0x00000256c2740280, 0x00000256c27447f0,
0x00000257087585e0
}

Java Threads: ( => current thread )
  0x00000256a74718d0 JavaThread "main" [_thread_blocked, id=15316, stack(0x000000d25e400000,0x000000d25e500000)]
  0x00000256a751e740 JavaThread "Reference Handler" daemon [_thread_blocked, id=17840, stack(0x000000d25eb00000,0x000000d25ec00000)]
  0x00000256a751f300 JavaThread "Finalizer" daemon [_thread_blocked, id=5268, stack(0x000000d25ec00000,0x000000d25ed00000)]
  0x00000256a7532460 JavaThread "Signal Dispatcher" daemon [_thread_blocked, id=23184, stack(0x000000d25ed00000,0x000000d25ee00000)]
  0x00000256a7534030 JavaThread "Attach Listener" daemon [_thread_blocked, id=9020, stack(0x000000d25ee00000,0x000000d25ef00000)]
  0x00000256a7538a10 JavaThread "Service Thread" daemon [_thread_blocked, id=19280, stack(0x000000d25ef00000,0x000000d25f000000)]
  0x00000256a75393d0 JavaThread "Monitor Deflation Thread" daemon [_thread_blocked, id=7324, stack(0x000000d25f000000,0x000000d25f100000)]
  0x00000256c24c7fb0 JavaThread "C2 CompilerThread0" daemon [_thread_blocked, id=23544, stack(0x000000d25f100000,0x000000d25f200000)]
  0x00000256c24d18e0 JavaThread "C1 CompilerThread0" daemon [_thread_blocked, id=11128, stack(0x000000d25f200000,0x000000d25f300000)]
  0x00000256c24d4f10 JavaThread "Sweeper thread" daemon [_thread_blocked, id=20184, stack(0x000000d25f300000,0x000000d25f400000)]
  0x00000256c2740280 JavaThread "Notification Thread" daemon [_thread_blocked, id=21612, stack(0x000000d25f400000,0x000000d25f500000)]
  0x00000256c27447f0 JavaThread "Common-Cleaner" daemon [_thread_blocked, id=12696, stack(0x000000d25f600000,0x000000d25f700000)]
  0x00000257087585e0 JavaThread "Thread-1" daemon [_thread_blocked, id=12460, stack(0x000000d25fb00000,0x000000d25fc00000)]

Other Threads:
=>0x00000256a7518c90 VMThread "VM Thread" [stack: 0x000000d25ea00000,0x000000d25eb00000] [id=21936]
  0x00000256c2743790 WatcherThread [stack: 0x000000d25f500000,0x000000d25f600000] [id=14076]
  0x00000256a74abc00 GCTaskThread "GC Thread#0" [stack: 0x000000d25e500000,0x000000d25e600000] [id=5564]
  0x00000257085a17d0 GCTaskThread "GC Thread#1" [stack: 0x000000d25f700000,0x000000d25f800000] [id=9928]
  0x0000025708571860 GCTaskThread "GC Thread#2" [stack: 0x000000d25f800000,0x000000d25f900000] [id=10236]
  0x00000257085775c0 GCTaskThread "GC Thread#3" [stack: 0x000000d25f900000,0x000000d25fa00000] [id=16604]
  0x00000256a74b51e0 ConcurrentGCThread "G1 Main Marker" [stack: 0x000000d25e600000,0x000000d25e700000] [id=80]
  0x00000256a74b5bf0 ConcurrentGCThread "G1 Conc#0" [stack: 0x000000d25e700000,0x000000d25e800000] [id=19772]
  0x00000256a74f7c30 ConcurrentGCThread "G1 Refine#0" [stack: 0x000000d25e800000,0x000000d25e900000] [id=2964]
  0x00000257084ce810 ConcurrentGCThread "G1 Refine#1" [stack: 0x000000d25fa00000,0x000000d25fb00000] [id=15176]
  0x0000025708a41850 ConcurrentGCThread "G1 Refine#2" [stack: 0x000000d25fc00000,0x000000d25fd00000] [id=14340]
  0x00000256a74f8660 ConcurrentGCThread "G1 Service" [stack: 0x000000d25e900000,0x000000d25ea00000] [id=15060]

Threads with active compile tasks:
C2 CompilerThread0     3772 5388       4       java.util.LinkedHashMap::valuesToArray (38 bytes)

VM state: at safepoint (normal execution)

VM Mutex/Monitor currently owned by a thread:  ([mutex/lock_event])
[0x00000256a746d090] Threads_lock - owner thread: 0x00000256a7518c90
[0x00000256a746baa0] Heap_lock - owner thread: 0x00000256a74718d0

Heap address: 0x00000000c4c00000, size: 948 MB, Compressed Oops mode: 32-bit

CDS archive(s) mapped at: [0x00000256c3000000-0x00000256c3bd0000-0x00000256c3bd0000), size 12386304, SharedBaseAddress: 0x00000256c3000000, ArchiveRelocationMode: 1.
Compressed class space mapped at: 0x00000256c4000000-0x0000025704000000, reserved size: 1073741824
Narrow klass base: 0x00000256c3000000, Narrow klass shift: 0, Narrow klass range: 0x100000000

GC Precious Log:
 CPUs: 4 total, 4 available
 Memory: 3790M
 Large Page Support: Disabled
 NUMA Support: Disabled
 Compressed Oops: Enabled (32-bit)
 Heap Region Size: 1M
 Heap Min Capacity: 8M
 Heap Initial Capacity: 60M
 Heap Max Capacity: 948M
 Pre-touch: Disabled
 Parallel Workers: 4
 Concurrent Workers: 1
 Concurrent Refinement Workers: 4
 Periodic GC: Disabled

Heap:
 garbage-first heap   total 73728K, used 45446K [0x00000000c4c00000, 0x0000000100000000)
  region size 1024K, 2 young (2048K), 2 survivors (2048K)
 Metaspace       used 25993K, committed 26304K, reserved 1114112K
  class space    used 3015K, committed 3136K, reserved 1048576K

Heap Regions: E=young(eden), S=young(survivor), O=old, HS=humongous(starts), HC=humongous(continues), CS=collection set, F=free, OA=open archive, CA=closed archive, TAMS=top-at-mark-start (previous, next)
|   0|0x00000000c4c00000, 0x00000000c4d00000, 0x00000000c4d00000|100%| O|  |TAMS 0x00000000c4d00000, 0x00000000c4d00000| Untracked 
|   1|0x00000000c4d00000, 0x00000000c4e00000, 0x00000000c4e00000|100%| O|  |TAMS 0x00000000c4e00000, 0x00000000c4e00000| Untracked 
|   2|0x00000000c4e00000, 0x00000000c4f00000, 0x00000000c4f00000|100%| O|  |TAMS 0x00000000c4f00000, 0x00000000c4f00000| Untracked 
|   3|0x00000000c4f00000, 0x00000000c5000000, 0x00000000c5000000|100%| O|  |TAMS 0x00000000c5000000, 0x00000000c5000000| Untracked 
|   4|0x00000000c5000000, 0x00000000c5100000, 0x00000000c5100000|100%| O|  |TAMS 0x00000000c5100000, 0x00000000c5100000| Untracked 
|   5|0x00000000c5100000, 0x00000000c5200000, 0x00000000c5200000|100%| O|  |TAMS 0x00000000c5200000, 0x00000000c5200000| Untracked 
|   6|0x00000000c5200000, 0x00000000c5300000, 0x00000000c5300000|100%| O|  |TAMS 0x00000000c5300000, 0x00000000c5300000| Untracked 
|   7|0x00000000c5300000, 0x00000000c5400000, 0x00000000c5400000|100%| O|  |TAMS 0x00000000c5400000, 0x00000000c5400000| Untracked 
|   8|0x00000000c5400000, 0x00000000c5500000, 0x00000000c5500000|100%| O|  |TAMS 0x00000000c5500000, 0x00000000c5500000| Untracked 
|   9|0x00000000c5500000, 0x00000000c5600000, 0x00000000c5600000|100%| O|  |TAMS 0x00000000c5600000, 0x00000000c5600000| Untracked 
|  10|0x00000000c5600000, 0x00000000c5700000, 0x00000000c5700000|100%| O|  |TAMS 0x00000000c5700000, 0x00000000c5700000| Untracked 
|  11|0x00000000c5700000, 0x00000000c5800000, 0x00000000c5800000|100%|HS|  |TAMS 0x00000000c5800000, 0x00000000c5800000| Complete 
|  12|0x00000000c5800000, 0x00000000c5900000, 0x00000000c5900000|100%| O|  |TAMS 0x00000000c5800000, 0x00000000c5900000| Untracked 
|  13|0x00000000c5900000, 0x00000000c5a00000, 0x00000000c5a00000|100%|HS|  |TAMS 0x00000000c5a00000, 0x00000000c5a00000| Complete 
|  14|0x00000000c5a00000, 0x00000000c5b00000, 0x00000000c5b00000|100%|HC|  |TAMS 0x00000000c5b00000, 0x00000000c5b00000| Complete 
|  15|0x00000000c5b00000, 0x00000000c5c00000, 0x00000000c5c00000|100%| O|  |TAMS 0x00000000c5c00000, 0x00000000c5c00000| Untracked 
|  16|0x00000000c5c00000, 0x00000000c5d00000, 0x00000000c5d00000|100%| O|  |TAMS 0x00000000c5d00000, 0x00000000c5d00000| Untracked 
|  17|0x00000000c5d00000, 0x00000000c5e00000, 0x00000000c5e00000|100%| O|  |TAMS 0x00000000c5e00000, 0x00000000c5e00000| Untracked 
|  18|0x00000000c5e00000, 0x00000000c5f00000, 0x00000000c5f00000|100%| O|  |TAMS 0x00000000c5f00000, 0x00000000c5f00000| Untracked 
|  19|0x00000000c5f00000, 0x00000000c6000000, 0x00000000c6000000|100%| O|  |TAMS 0x00000000c6000000, 0x00000000c6000000| Untracked 
|  20|0x00000000c6000000, 0x00000000c6100000, 0x00000000c6100000|100%| O|  |TAMS 0x00000000c6100000, 0x00000000c6100000| Untracked 
|  21|0x00000000c6100000, 0x00000000c6200000, 0x00000000c6200000|100%| O|  |TAMS 0x00000000c6100000, 0x00000000c6100000| Untracked 
|  22|0x00000000c6200000, 0x00000000c6300000, 0x00000000c6300000|100%|HS|  |TAMS 0x00000000c6300000, 0x00000000c6300000| Complete 
|  23|0x00000000c6300000, 0x00000000c6400000, 0x00000000c6400000|100%| O|  |TAMS 0x00000000c6300000, 0x00000000c6400000| Untracked 
|  24|0x00000000c6400000, 0x00000000c6500000, 0x00000000c6500000|100%| O|  |TAMS 0x00000000c6400000, 0x00000000c6500000| Untracked 
|  25|0x00000000c6500000, 0x00000000c6600000, 0x00000000c6600000|100%| O|  |TAMS 0x00000000c6500000, 0x00000000c6600000| Untracked 
|  26|0x00000000c6600000, 0x00000000c6700000, 0x00000000c6700000|100%| O|  |TAMS 0x00000000c6600000, 0x00000000c6700000| Untracked 
|  27|0x00000000c6700000, 0x00000000c6800000, 0x00000000c6800000|100%| O|  |TAMS 0x00000000c6700000, 0x00000000c6800000| Untracked 
|  28|0x00000000c6800000, 0x00000000c6900000, 0x00000000c6900000|100%| O|  |TAMS 0x00000000c6800000, 0x00000000c6900000| Untracked 
|  29|0x00000000c6900000, 0x00000000c6a00000, 0x00000000c6a00000|100%| O|  |TAMS 0x00000000c6900000, 0x00000000c6a00000| Untracked 
|  30|0x00000000c6a00000, 0x00000000c6b00000, 0x00000000c6b00000|100%| O|  |TAMS 0x00000000c6a00000, 0x00000000c6b00000| Untracked 
|  31|0x00000000c6b00000, 0x00000000c6c00000, 0x00000000c6c00000|100%| O|  |TAMS 0x00000000c6b00000, 0x00000000c6c00000| Untracked 
|  32|0x00000000c6c00000, 0x00000000c6d00000, 0x00000000c6d00000|100%| O|  |TAMS 0x00000000c6c00000, 0x00000000c6d00000| Untracked 
|  33|0x00000000c6d00000, 0x00000000c6e00000, 0x00000000c6e00000|100%| O|  |TAMS 0x00000000c6d00000, 0x00000000c6e00000| Untracked 
|  34|0x00000000c6e00000, 0x00000000c6f00000, 0x00000000c6f00000|100%| O|  |TAMS 0x00000000c6e00000, 0x00000000c6f00000| Untracked 
|  35|0x00000000c6f00000, 0x00000000c7000000, 0x00000000c7000000|100%| O|  |TAMS 0x00000000c6f00000, 0x00000000c7000000| Untracked 
|  36|0x00000000c7000000, 0x00000000c7100000, 0x00000000c7100000|100%| O|  |TAMS 0x00000000c7000000, 0x00000000c7100000| Untracked 
|  37|0x00000000c7100000, 0x00000000c7200000, 0x00000000c7200000|100%| O|  |TAMS 0x00000000c7100000, 0x00000000c7200000| Untracked 
|  38|0x00000000c7200000, 0x00000000c7300000, 0x00000000c7300000|100%| O|  |TAMS 0x00000000c7200000, 0x00000000c7300000| Untracked 
|  39|0x00000000c7300000, 0x00000000c7400000, 0x00000000c7400000|100%| O|  |TAMS 0x00000000c7300000, 0x00000000c7400000| Untracked 
|  40|0x00000000c7400000, 0x00000000c7500000, 0x00000000c7500000|100%| O|  |TAMS 0x00000000c7400000, 0x00000000c7500000| Untracked 
|  41|0x00000000c7500000, 0x00000000c7600000, 0x00000000c7600000|100%| O|  |TAMS 0x00000000c7500000, 0x00000000c7600000| Untracked 
|  42|0x00000000c7600000, 0x00000000c7661a00, 0x00000000c7700000| 38%| O|  |TAMS 0x00000000c7600000, 0x00000000c7600000| Untracked 
|  43|0x00000000c7700000, 0x00000000c7700000, 0x00000000c7800000|  0%| F|  |TAMS 0x00000000c7700000, 0x00000000c7700000| Untracked 
|  44|0x00000000c7800000, 0x00000000c7800000, 0x00000000c7900000|  0%| F|  |TAMS 0x00000000c7800000, 0x00000000c7800000| Untracked 
|  45|0x00000000c7900000, 0x00000000c7900000, 0x00000000c7a00000|  0%| F|  |TAMS 0x00000000c7900000, 0x00000000c7900000| Untracked 
|  46|0x00000000c7a00000, 0x00000000c7a00000, 0x00000000c7b00000|  0%| F|  |TAMS 0x00000000c7a00000, 0x00000000c7a00000| Untracked 
|  47|0x00000000c7b00000, 0x00000000c7b00000, 0x00000000c7c00000|  0%| F|  |TAMS 0x00000000c7b00000, 0x00000000c7b00000| Untracked 
|  48|0x00000000c7c00000, 0x00000000c7c00000, 0x00000000c7d00000|  0%| F|  |TAMS 0x00000000c7c00000, 0x00000000c7c00000| Untracked 
|  49|0x00000000c7d00000, 0x00000000c7d00000, 0x00000000c7e00000|  0%| F|  |TAMS 0x00000000c7d00000, 0x00000000c7d00000| Untracked 
|  50|0x00000000c7e00000, 0x00000000c7e00000, 0x00000000c7f00000|  0%| F|  |TAMS 0x00000000c7e00000, 0x00000000c7e00000| Untracked 
|  51|0x00000000c7f00000, 0x00000000c7f00000, 0x00000000c8000000|  0%| F|  |TAMS 0x00000000c7f00000, 0x00000000c7f00000| Untracked 
|  52|0x00000000c8000000, 0x00000000c8000000, 0x00000000c8100000|  0%| F|  |TAMS 0x00000000c8000000, 0x00000000c8000000| Untracked 
|  53|0x00000000c8100000, 0x00000000c8100000, 0x00000000c8200000|  0%| F|  |TAMS 0x00000000c8100000, 0x00000000c8100000| Untracked 
|  54|0x00000000c8200000, 0x00000000c8200000, 0x00000000c8300000|  0%| F|  |TAMS 0x00000000c8200000, 0x00000000c8200000| Untracked 
|  55|0x00000000c8300000, 0x00000000c8300000, 0x00000000c8400000|  0%| F|  |TAMS 0x00000000c8300000, 0x00000000c8300000| Untracked 
|  56|0x00000000c8400000, 0x00000000c8400000, 0x00000000c8500000|  0%| F|  |TAMS 0x00000000c8400000, 0x00000000c8400000| Untracked 
|  57|0x00000000c8500000, 0x00000000c8500000, 0x00000000c8600000|  0%| F|  |TAMS 0x00000000c8500000, 0x00000000c8500000| Untracked 
|  58|0x00000000c8600000, 0x00000000c8600000, 0x00000000c8700000|  0%| F|  |TAMS 0x00000000c8600000, 0x00000000c8600000| Untracked 
|  59|0x00000000c8700000, 0x00000000c8800000, 0x00000000c8800000|100%| S|CS|TAMS 0x00000000c8700000, 0x00000000c8700000| Complete 
|  60|0x00000000c8800000, 0x00000000c8900000, 0x00000000c8900000|100%| S|CS|TAMS 0x00000000c8800000, 0x00000000c8800000| Complete 
|  61|0x00000000c8900000, 0x00000000c8900000, 0x00000000c8a00000|  0%| F|  |TAMS 0x00000000c8900000, 0x00000000c8900000| Untracked 
|  62|0x00000000c8a00000, 0x00000000c8a00000, 0x00000000c8b00000|  0%| F|  |TAMS 0x00000000c8a00000, 0x00000000c8a00000| Untracked 
|  63|0x00000000c8b00000, 0x00000000c8b00000, 0x00000000c8c00000|  0%| F|  |TAMS 0x00000000c8b00000, 0x00000000c8b00000| Untracked 
|  64|0x00000000c8c00000, 0x00000000c8c00000, 0x00000000c8d00000|  0%| F|  |TAMS 0x00000000c8c00000, 0x00000000c8c00000| Untracked 
|  65|0x00000000c8d00000, 0x00000000c8d00000, 0x00000000c8e00000|  0%| F|  |TAMS 0x00000000c8d00000, 0x00000000c8d00000| Untracked 
|  66|0x00000000c8e00000, 0x00000000c8e00000, 0x00000000c8f00000|  0%| F|  |TAMS 0x00000000c8e00000, 0x00000000c8e00000| Untracked 
|  67|0x00000000c8f00000, 0x00000000c8f00000, 0x00000000c9000000|  0%| F|  |TAMS 0x00000000c8f00000, 0x00000000c8f00000| Untracked 
|  68|0x00000000c9000000, 0x00000000c9000000, 0x00000000c9100000|  0%| F|  |TAMS 0x00000000c9000000, 0x00000000c9000000| Untracked 
|  69|0x00000000c9100000, 0x00000000c9100000, 0x00000000c9200000|  0%| F|  |TAMS 0x00000000c9100000, 0x00000000c9100000| Untracked 
|  70|0x00000000c9200000, 0x00000000c9200000, 0x00000000c9300000|  0%| F|  |TAMS 0x00000000c9200000, 0x00000000c9200000| Untracked 
|  71|0x00000000c9300000, 0x00000000c9300000, 0x00000000c9400000|  0%| F|  |TAMS 0x00000000c9300000, 0x00000000c9300000| Untracked 

Card table byte_map: [0x00000256bdf10000,0x00000256be0f0000] _byte_map_base: 0x00000256bd8ea000

Marking Bits (Prev, Next): (CMBitMap*) 0x00000256a74ac220, (CMBitMap*) 0x00000256a74ac260
 Prev Bits: [0x00000256be2d0000, 0x00000256bf1a0000)
 Next Bits: [0x00000256bf1a0000, 0x00000256c0070000)

Polling page: 0x00000256a6c40000

Metaspace:

Usage:
  Non-class:     22.44 MB used.
      Class:      2.94 MB used.
       Both:     25.38 MB used.

Virtual space:
  Non-class space:       64.00 MB reserved,      22.62 MB ( 35%) committed,  1 nodes.
      Class space:        1.00 GB reserved,       3.06 MB ( <1%) committed,  1 nodes.
             Both:        1.06 GB reserved,      25.69 MB (  2%) committed. 

Chunk freelists:
   Non-Class:  9.41 MB
       Class:  12.88 MB
        Both:  22.29 MB

MaxMetaspaceSize: unlimited
CompressedClassSpaceSize: 1.00 GB
Initial GC threshold: 21.00 MB
Current GC threshold: 42.31 MB
CDS: on
MetaspaceReclaimPolicy: balanced
 - commit_granule_bytes: 65536.
 - commit_granule_words: 8192.
 - virtual_space_node_default_size: 8388608.
 - enlarge_chunks_in_place: 1.
 - new_chunks_are_fully_committed: 0.
 - uncommit_free_chunks: 1.
 - use_allocation_guard: 0.
 - handle_deallocations: 1.


Internal statistics:

num_allocs_failed_limit: 9.
num_arena_births: 178.
num_arena_deaths: 0.
num_vsnodes_births: 2.
num_vsnodes_deaths: 0.
num_space_committed: 411.
num_space_uncommitted: 0.
num_chunks_returned_to_freelist: 9.
num_chunks_taken_from_freelist: 1116.
num_chunk_merges: 9.
num_chunk_splits: 782.
num_chunks_enlarged: 608.
num_inconsistent_stats: 0.

CodeHeap 'non-profiled nmethods': size=120000Kb used=2353Kb max_used=2353Kb free=117646Kb
 bounds [0x00000256b6800000, 0x00000256b6a70000, 0x00000256bdd30000]
CodeHeap 'profiled nmethods': size=120000Kb used=11841Kb max_used=11841Kb free=108158Kb
 bounds [0x00000256aed30000, 0x00000256af8d0000, 0x00000256b6260000]
CodeHeap 'non-nmethods': size=5760Kb used=1218Kb max_used=1265Kb free=4542Kb
 bounds [0x00000256b6260000, 0x00000256b64d0000, 0x00000256b6800000]
 total_blobs=6136 nmethods=5630 adapters=418
 compilation: enabled
              stopped_count=0, restarted_count=0
 full_count=0

Compilation events (20 events):
Event: 3.738 Thread 0x00000256c24d18e0 5635       2       jdk.nio.zipfs.ZipFileSystem::getRootDirectories (8 bytes)
Event: 3.738 Thread 0x00000256c24d18e0 nmethod 5635 0x00000256af8bde90 code [0x00000256af8be040, 0x00000256af8be348]
Event: 3.738 Thread 0x00000256c24d18e0 5636       3       java.util.ImmutableCollections$List12::get (35 bytes)
Event: 3.738 Thread 0x00000256c24d18e0 nmethod 5636 0x00000256af8be490 code [0x00000256af8be640, 0x00000256af8be8e8]
Event: 3.738 Thread 0x00000256c24d18e0 5637       2       com.sun.tools.javac.file.Locations$ClassPathLocationHandler::getPaths (9 bytes)
Event: 3.738 Thread 0x00000256c24d18e0 nmethod 5637 0x00000256af8be990 code [0x00000256af8beb20, 0x00000256af8bec68]
Event: 3.738 Thread 0x00000256c24d18e0 5638       2       com.sun.tools.javac.file.PathFileObject$JarFileObject::inferBinaryName (40 bytes)
Event: 3.739 Thread 0x00000256c24d18e0 nmethod 5638 0x00000256af8bed10 code [0x00000256af8bef40, 0x00000256af8bf2e8]
Event: 3.740 Thread 0x00000256c24d18e0 5639       2       com.sun.tools.javac.util.ByteBuffer::getInt (59 bytes)
Event: 3.740 Thread 0x00000256c24d18e0 nmethod 5639 0x00000256af8bf590 code [0x00000256af8bf720, 0x00000256af8bf8f8]
Event: 3.741 Thread 0x00000256c24d18e0 5640       2       com.sun.tools.javac.code.Type$JCNoType::getTag (4 bytes)
Event: 3.741 Thread 0x00000256c24d18e0 nmethod 5640 0x00000256af8bfa10 code [0x00000256af8bfba0, 0x00000256af8bfcb8]
Event: 3.741 Thread 0x00000256c24c7fb0 nmethod 5476 0x00000256b6a4bc10 code [0x00000256b6a4bd80, 0x00000256b6a4c098]
Event: 3.741 Thread 0x00000256c24c7fb0 5388       4       java.util.LinkedHashMap::valuesToArray (38 bytes)
Event: 3.742 Thread 0x00000256c24d18e0 5641       2       com.sun.tools.javac.file.RelativePath::resolveAgainst (27 bytes)
Event: 3.742 Thread 0x00000256c24d18e0 nmethod 5641 0x00000256af8bfd90 code [0x00000256af8bff60, 0x00000256af8c0118]
Event: 3.742 Thread 0x00000256c24d18e0 5642       1       sun.nio.fs.WindowsPath::getPathForExceptionMessage (5 bytes)
Event: 3.742 Thread 0x00000256c24d18e0 nmethod 5642 0x00000256b6a4c210 code [0x00000256b6a4c3a0, 0x00000256b6a4c478]
Event: 3.742 Thread 0x00000256c24d18e0 5643       2       java.lang.Throwable::<init> (29 bytes)
Event: 3.743 Thread 0x00000256c24d18e0 nmethod 5643 0x00000256af8c0290 code [0x00000256af8c0440, 0x00000256af8c06a8]

GC Heap History (20 events):
Event: 0.470 GC heap after
{Heap after GC invocations=2 (full 0):
 garbage-first heap   total 61440K, used 3969K [0x00000000c4c00000, 0x0000000100000000)
  region size 1024K, 1 young (1024K), 1 survivors (1024K)
 Metaspace       used 5746K, committed 5888K, reserved 1114112K
  class space    used 696K, committed 768K, reserved 1048576K
}
Event: 0.938 GC heap before
{Heap before GC invocations=2 (full 0):
 garbage-first heap   total 61440K, used 39809K [0x00000000c4c00000, 0x0000000100000000)
  region size 1024K, 36 young (36864K), 1 survivors (1024K)
 Metaspace       used 11498K, committed 11648K, reserved 1114112K
  class space    used 1423K, committed 1472K, reserved 1048576K
}
Event: 0.943 GC heap after
{Heap after GC invocations=3 (full 0):
 garbage-first heap   total 61440K, used 6089K [0x00000000c4c00000, 0x0000000100000000)
  region size 1024K, 3 young (3072K), 3 survivors (3072K)
 Metaspace       used 11498K, committed 11648K, reserved 1114112K
  class space    used 1423K, committed 1472K, reserved 1048576K
}
Event: 1.535 GC heap before
{Heap before GC invocations=3 (full 0):
 garbage-first heap   total 61440K, used 39881K [0x00000000c4c00000, 0x0000000100000000)
  region size 1024K, 36 young (36864K), 3 survivors (3072K)
 Metaspace       used 14965K, committed 15168K, reserved 1114112K
  class space    used 1805K, committed 1856K, reserved 1048576K
}
Event: 1.547 GC heap after
{Heap after GC invocations=4 (full 0):
 garbage-first heap   total 61440K, used 10126K [0x00000000c4c00000, 0x0000000100000000)
  region size 1024K, 5 young (5120K), 5 survivors (5120K)
 Metaspace       used 14965K, committed 15168K, reserved 1114112K
  class space    used 1805K, committed 1856K, reserved 1048576K
}
Event: 1.890 GC heap before
{Heap before GC invocations=4 (full 0):
 garbage-first heap   total 61440K, used 41870K [0x00000000c4c00000, 0x0000000100000000)
  region size 1024K, 36 young (36864K), 5 survivors (5120K)
 Metaspace       used 15646K, committed 15808K, reserved 1114112K
  class space    used 1867K, committed 1920K, reserved 1048576K
}
Event: 1.899 GC heap after
{Heap after GC invocations=5 (full 0):
 garbage-first heap   total 73728K, used 13136K [0x00000000c4c00000, 0x0000000100000000)
  region size 1024K, 3 young (3072K), 3 survivors (3072K)
 Metaspace       used 15646K, committed 15808K, reserved 1114112K
  class space    used 1867K, committed 1920K, reserved 1048576K
}
Event: 2.495 GC heap before
{Heap before GC invocations=5 (full 0):
 garbage-first heap   total 73728K, used 53072K [0x00000000c4c00000, 0x0000000100000000)
  region size 1024K, 42 young (43008K), 3 survivors (3072K)
 Metaspace       used 16727K, committed 17024K, reserved 1114112K
  class space    used 1964K, committed 2112K, reserved 1048576K
}
Event: 2.501 GC heap after
{Heap after GC invocations=6 (full 0):
 garbage-first heap   total 73728K, used 14212K [0x00000000c4c00000, 0x0000000100000000)
  region size 1024K, 4 young (4096K), 4 survivors (4096K)
 Metaspace       used 16727K, committed 17024K, reserved 1114112K
  class space    used 1964K, committed 2112K, reserved 1048576K
}
Event: 2.971 GC heap before
{Heap before GC invocations=6 (full 0):
 garbage-first heap   total 73728K, used 59268K [0x00000000c4c00000, 0x0000000100000000)
  region size 1024K, 43 young (44032K), 4 survivors (4096K)
 Metaspace       used 19977K, committed 20288K, reserved 1114112K
  class space    used 2315K, committed 2432K, reserved 1048576K
}
Event: 2.979 GC heap after
{Heap after GC invocations=7 (full 0):
 garbage-first heap   total 73728K, used 22439K [0x00000000c4c00000, 0x0000000100000000)
  region size 1024K, 6 young (6144K), 6 survivors (6144K)
 Metaspace       used 19977K, committed 20288K, reserved 1114112K
  class space    used 2315K, committed 2432K, reserved 1048576K
}
Event: 3.024 GC heap before
{Heap before GC invocations=7 (full 0):
 garbage-first heap   total 73728K, used 24487K [0x00000000c4c00000, 0x0000000100000000)
  region size 1024K, 9 young (9216K), 6 survivors (6144K)
 Metaspace       used 21192K, committed 21504K, reserved 1114112K
  class space    used 2493K, committed 2624K, reserved 1048576K
}
Event: 3.035 GC heap after
{Heap after GC invocations=8 (full 0):
 garbage-first heap   total 73728K, used 21854K [0x00000000c4c00000, 0x0000000100000000)
  region size 1024K, 2 young (2048K), 2 survivors (2048K)
 Metaspace       used 21192K, committed 21504K, reserved 1114112K
  class space    used 2493K, committed 2624K, reserved 1048576K
}
Event: 3.410 GC heap before
{Heap before GC invocations=9 (full 0):
 garbage-first heap   total 73728K, used 46430K [0x00000000c4c00000, 0x0000000100000000)
  region size 1024K, 24 young (24576K), 2 survivors (2048K)
 Metaspace       used 25579K, committed 25984K, reserved 1114112K
  class space    used 2962K, committed 3136K, reserved 1048576K
}
Event: 3.420 GC heap after
{Heap after GC invocations=10 (full 0):
 garbage-first heap   total 73728K, used 33719K [0x00000000c4c00000, 0x0000000100000000)
  region size 1024K, 3 young (3072K), 3 survivors (3072K)
 Metaspace       used 25579K, committed 25984K, reserved 1114112K
  class space    used 2962K, committed 3136K, reserved 1048576K
}
Event: 3.593 GC heap before
{Heap before GC invocations=11 (full 0):
 garbage-first heap   total 73728K, used 49079K [0x00000000c4c00000, 0x0000000100000000)
  region size 1024K, 19 young (19456K), 3 survivors (3072K)
 Metaspace       used 25603K, committed 25984K, reserved 1114112K
  class space    used 2962K, committed 3136K, reserved 1048576K
}
Event: 3.601 GC heap after
{Heap after GC invocations=12 (full 0):
 garbage-first heap   total 73728K, used 41472K [0x00000000c4c00000, 0x0000000100000000)
  region size 1024K, 3 young (3072K), 3 survivors (3072K)
 Metaspace       used 25603K, committed 25984K, reserved 1114112K
  class space    used 2962K, committed 3136K, reserved 1048576K
}
Event: 3.604 GC heap before
{Heap before GC invocations=12 (full 0):
 garbage-first heap   total 73728K, used 42496K [0x00000000c4c00000, 0x0000000100000000)
  region size 1024K, 4 young (4096K), 3 survivors (3072K)
 Metaspace       used 25603K, committed 25984K, reserved 1114112K
  class space    used 2962K, committed 3136K, reserved 1048576K
}
Event: 3.610 GC heap after
{Heap after GC invocations=13 (full 0):
 garbage-first heap   total 73728K, used 42803K [0x00000000c4c00000, 0x0000000100000000)
  region size 1024K, 1 young (1024K), 1 survivors (1024K)
 Metaspace       used 25603K, committed 25984K, reserved 1114112K
  class space    used 2962K, committed 3136K, reserved 1048576K
}
Event: 3.743 GC heap before
{Heap before GC invocations=13 (full 0):
 garbage-first heap   total 73728K, used 53043K [0x00000000c4c00000, 0x0000000100000000)
  region size 1024K, 11 young (11264K), 1 survivors (1024K)
 Metaspace       used 25993K, committed 26304K, reserved 1114112K
  class space    used 3015K, committed 3136K, reserved 1048576K
}

Deoptimization events (20 events):
Event: 3.604 Thread 0x00000256a74718d0 DEOPT PACKING pc=0x00000256af709a00 sp=0x000000d25e4fc3a0
Event: 3.604 Thread 0x00000256a74718d0 DEOPT UNPACKING pc=0x00000256b62b66e3 sp=0x000000d25e4fb830 mode 0
Event: 3.611 Thread 0x00000256a74718d0 DEOPT PACKING pc=0x00000256af709a00 sp=0x000000d25e4fc3a0
Event: 3.611 Thread 0x00000256a74718d0 DEOPT UNPACKING pc=0x00000256b62b66e3 sp=0x000000d25e4fb830 mode 0
Event: 3.611 Thread 0x00000256a74718d0 DEOPT PACKING pc=0x00000256af709a00 sp=0x000000d25e4fc3a0
Event: 3.611 Thread 0x00000256a74718d0 DEOPT UNPACKING pc=0x00000256b62b66e3 sp=0x000000d25e4fb830 mode 0
Event: 3.611 Thread 0x00000256a74718d0 DEOPT PACKING pc=0x00000256af709a00 sp=0x000000d25e4fc3a0
Event: 3.611 Thread 0x00000256a74718d0 DEOPT UNPACKING pc=0x00000256b62b66e3 sp=0x000000d25e4fb830 mode 0
Event: 3.625 Thread 0x00000256a74718d0 Uncommon trap: trap_request=0xffffff45 fr.pc=0x00000256b6a3206c relative=0x00000000000001cc
Event: 3.625 Thread 0x00000256a74718d0 Uncommon trap: reason=unstable_if action=reinterpret pc=0x00000256b6a3206c method=javax.lang.model.SourceVersion.isIdentifier(Ljava/lang/CharSequence;)Z @ 26 c2
Event: 3.625 Thread 0x00000256a74718d0 DEOPT PACKING pc=0x00000256b6a3206c sp=0x000000d25e4fc3c0
Event: 3.625 Thread 0x00000256a74718d0 DEOPT UNPACKING pc=0x00000256b62b5ba3 sp=0x000000d25e4fc340 mode 2
Event: 3.645 Thread 0x00000256a74718d0 Uncommon trap: trap_request=0xffffff45 fr.pc=0x00000256b6a17f78 relative=0x00000000000000f8
Event: 3.645 Thread 0x00000256a74718d0 Uncommon trap: reason=unstable_if action=reinterpret pc=0x00000256b6a17f78 method=sun.nio.fs.WindowsPathParser.nextNonSlash(Ljava/lang/String;II)I @ 2 c2
Event: 3.645 Thread 0x00000256a74718d0 DEOPT PACKING pc=0x00000256b6a17f78 sp=0x000000d25e4fc850
Event: 3.645 Thread 0x00000256a74718d0 DEOPT UNPACKING pc=0x00000256b62b5ba3 sp=0x000000d25e4fc7e0 mode 2
Event: 3.649 Thread 0x00000256a74718d0 DEOPT PACKING pc=0x00000256aeff47ac sp=0x000000d25e4fcaa0
Event: 3.649 Thread 0x00000256a74718d0 DEOPT UNPACKING pc=0x00000256b62b66e3 sp=0x000000d25e4fbf90 mode 0
Event: 3.669 Thread 0x00000256a74718d0 DEOPT PACKING pc=0x00000256af8796bc sp=0x000000d25e4fc7d0
Event: 3.669 Thread 0x00000256a74718d0 DEOPT UNPACKING pc=0x00000256b62b66e3 sp=0x000000d25e4fbd50 mode 0

Classes unloaded (0 events):
No events

Classes redefined (0 events):
No events

Internal exceptions (20 events):
Event: 3.741 Thread 0x00000256a74718d0 Exception <a 'sun/nio/fs/WindowsException'{0x00000000c89eef08}> (0x00000000c89eef08) 
thrown [s\open\src\hotspot\share\prims\jni.cpp, line 516]
Event: 3.741 Thread 0x00000256a74718d0 Exception <a 'sun/nio/fs/WindowsException'{0x00000000c89f04a8}> (0x00000000c89f04a8) 
thrown [s\open\src\hotspot\share\prims\jni.cpp, line 516]
Event: 3.741 Thread 0x00000256a74718d0 Exception <a 'sun/nio/fs/WindowsException'{0x00000000c89f0798}> (0x00000000c89f0798) 
thrown [s\open\src\hotspot\share\prims\jni.cpp, line 516]
Event: 3.741 Thread 0x00000256a74718d0 Exception <a 'sun/nio/fs/WindowsException'{0x00000000c89f1c38}> (0x00000000c89f1c38) 
thrown [s\open\src\hotspot\share\prims\jni.cpp, line 516]
Event: 3.741 Thread 0x00000256a74718d0 Exception <a 'sun/nio/fs/WindowsException'{0x00000000c89f1fb8}> (0x00000000c89f1fb8) 
thrown [s\open\src\hotspot\share\prims\jni.cpp, line 516]
Event: 3.741 Thread 0x00000256a74718d0 Exception <a 'sun/nio/fs/WindowsException'{0x00000000c89f4038}> (0x00000000c89f4038) 
thrown [s\open\src\hotspot\share\prims\jni.cpp, line 516]
Event: 3.741 Thread 0x00000256a74718d0 Exception <a 'sun/nio/fs/WindowsException'{0x00000000c89f4368}> (0x00000000c89f4368) 
thrown [s\open\src\hotspot\share\prims\jni.cpp, line 516]
Event: 3.742 Thread 0x00000256a74718d0 Exception <a 'sun/nio/fs/WindowsException'{0x00000000c89f57c0}> (0x00000000c89f57c0) 
thrown [s\open\src\hotspot\share\prims\jni.cpp, line 516]
Event: 3.742 Thread 0x00000256a74718d0 Exception <a 'sun/nio/fs/WindowsException'{0x00000000c89f5ab0}> (0x00000000c89f5ab0) 
thrown [s\open\src\hotspot\share\prims\jni.cpp, line 516]
Event: 3.742 Thread 0x00000256a74718d0 Exception <a 'sun/nio/fs/WindowsException'{0x00000000c89f7118}> (0x00000000c89f7118) 
thrown [s\open\src\hotspot\share\prims\jni.cpp, line 516]
Event: 3.742 Thread 0x00000256a74718d0 Exception <a 'sun/nio/fs/WindowsException'{0x00000000c89f7448}> (0x00000000c89f7448) 
thrown [s\open\src\hotspot\share\prims\jni.cpp, line 516]
Event: 3.742 Thread 0x00000256a74718d0 Exception <a 'sun/nio/fs/WindowsException'{0x00000000c89f8928}> (0x00000000c89f8928) 
thrown [s\open\src\hotspot\share\prims\jni.cpp, line 516]
Event: 3.742 Thread 0x00000256a74718d0 Exception <a 'sun/nio/fs/WindowsException'{0x00000000c89f8ce8}> (0x00000000c89f8ce8) 
thrown [s\open\src\hotspot\share\prims\jni.cpp, line 516]
Event: 3.742 Thread 0x00000256a74718d0 Exception <a 'sun/nio/fs/WindowsException'{0x00000000c89fae40}> (0x00000000c89fae40) 
thrown [s\open\src\hotspot\share\prims\jni.cpp, line 516]
Event: 3.742 Thread 0x00000256a74718d0 Exception <a 'sun/nio/fs/WindowsException'{0x00000000c89fb1c0}> (0x00000000c89fb1c0) 
thrown [s\open\src\hotspot\share\prims\jni.cpp, line 516]
Event: 3.743 Thread 0x00000256a74718d0 Exception <a 'sun/nio/fs/WindowsException'{0x00000000c89fc668}> (0x00000000c89fc668) 
thrown [s\open\src\hotspot\share\prims\jni.cpp, line 516]
Event: 3.743 Thread 0x00000256a74718d0 Exception <a 'sun/nio/fs/WindowsException'{0x00000000c89fc998}> (0x00000000c89fc998) 
thrown [s\open\src\hotspot\share\prims\jni.cpp, line 516]
Event: 3.743 Thread 0x00000256a74718d0 Exception <a 'sun/nio/fs/WindowsException'{0x00000000c89fe300}> (0x00000000c89fe300) 
thrown [s\open\src\hotspot\share\prims\jni.cpp, line 516]
Event: 3.743 Thread 0x00000256a74718d0 Exception <a 'sun/nio/fs/WindowsException'{0x00000000c89fe680}> (0x00000000c89fe680) 
thrown [s\open\src\hotspot\share\prims\jni.cpp, line 516]
Event: 3.743 Thread 0x00000256a74718d0 Exception <a 'sun/nio/fs/WindowsException'{0x00000000c89ffba0}> (0x00000000c89ffba0) 
thrown [s\open\src\hotspot\share\prims\jni.cpp, line 516]

VM Operations (20 events):
Event: 3.051 Executing VM operation: CollectForMetadataAllocation done
Event: 3.059 Executing VM operation: G1Concurrent
Event: 3.063 Executing VM operation: G1Concurrent done
Event: 3.075 Executing VM operation: G1Concurrent
Event: 3.076 Executing VM operation: G1Concurrent done
Event: 3.410 Executing VM operation: G1CollectForAllocation
Event: 3.420 Executing VM operation: G1CollectForAllocation done
Event: 3.457 Executing VM operation: G1Concurrent
Event: 3.461 Executing VM operation: G1Concurrent done
Event: 3.479 Executing VM operation: G1Concurrent
Event: 3.479 Executing VM operation: G1Concurrent done
Event: 3.593 Executing VM operation: G1CollectForAllocation
Event: 3.601 Executing VM operation: G1CollectForAllocation done
Event: 3.604 Executing VM operation: G1CollectForAllocation
Event: 3.610 Executing VM operation: G1CollectForAllocation done
Event: 3.649 Executing VM operation: HandshakeAllThreads
Event: 3.649 Executing VM operation: HandshakeAllThreads done
Event: 3.650 Executing VM operation: HandshakeAllThreads
Event: 3.650 Executing VM operation: HandshakeAllThreads done
Event: 3.743 Executing VM operation: G1CollectForAllocation

Events (20 events):
Event: 3.690 loading class java/util/stream/StreamSpliterators
Event: 3.690 loading class java/util/stream/StreamSpliterators done
Event: 3.690 loading class java/util/function/BooleanSupplier
Event: 3.690 loading class java/util/function/BooleanSupplier done
Event: 3.710 loading class java/nio/file/SimpleFileVisitor
Event: 3.710 loading class java/nio/file/SimpleFileVisitor done
Event: 3.710 loading class java/nio/file/FileTreeWalker
Event: 3.711 loading class java/nio/file/FileTreeWalker done
Event: 3.711 loading class java/nio/file/FileTreeWalker$1
Event: 3.711 loading class java/nio/file/FileTreeWalker$1 done
Event: 3.711 loading class java/nio/file/FileTreeWalker$DirectoryNode
Event: 3.711 loading class java/nio/file/FileTreeWalker$DirectoryNode done
Event: 3.711 loading class java/nio/file/FileTreeWalker$Event
Event: 3.711 loading class java/nio/file/FileTreeWalker$Event done
Event: 3.711 loading class java/nio/file/FileTreeWalker$EventType
Event: 3.712 loading class java/nio/file/FileTreeWalker$EventType done
Event: 3.712 loading class java/nio/file/Files$3
Event: 3.712 loading class java/nio/file/Files$3 done
Event: 3.712 loading class java/nio/file/FileVisitResult
Event: 3.712 loading class java/nio/file/FileVisitResult done


Dynamic libraries:
0x00007ff67fd80000 - 0x00007ff67fd90000 	C:\Program Files\Java\jdk-17\bin\java.exe
0x00007ff917630000 - 0x00007ff917847000 	C:\WINDOWS\SYSTEM32\ntdll.dll
0x00007ff9161b0000 - 0x00007ff916274000 	C:\WINDOWS\System32\KERNEL32.DLL
0x00007ff914cd0000 - 0x00007ff915089000 	C:\WINDOWS\System32\KERNELBASE.dll
0x00007ff915230000 - 0x00007ff915341000 	C:\WINDOWS\System32\ucrtbase.dll
0x00007ff901a30000 - 0x00007ff901a4b000 	C:\Program Files\Java\jdk-17\bin\VCRUNTIME140.dll
0x00007ff8e5310000 - 0x00007ff8e5329000 	C:\Program Files\Java\jdk-17\bin\jli.dll
0x00007ff9166f0000 - 0x00007ff9167a2000 	C:\WINDOWS\System32\ADVAPI32.dll
0x00007ff916990000 - 0x00007ff916a37000 	C:\WINDOWS\System32\msvcrt.dll
0x00007ff916280000 - 0x00007ff916327000 	C:\WINDOWS\System32\sechost.dll
0x00007ff914b40000 - 0x00007ff914b68000 	C:\WINDOWS\System32\bcrypt.dll
0x00007ff915940000 - 0x00007ff915a54000 	C:\WINDOWS\System32\RPCRT4.dll
0x00007ff9167c0000 - 0x00007ff91696e000 	C:\WINDOWS\System32\USER32.dll
0x00007ff914be0000 - 0x00007ff914c06000 	C:\WINDOWS\System32\win32u.dll
0x00007ff8fe510000 - 0x00007ff8fe7a2000 	C:\WINDOWS\WinSxS\amd64_microsoft.windows.common-controls_6595b64144ccf1df_6.0.22621.4391_none_2715d37f73803e96\COMCTL32.dll
0x00007ff917570000 - 0x00007ff917599000 	C:\WINDOWS\System32\GDI32.dll
0x00007ff915110000 - 0x00007ff91522b000 	C:\WINDOWS\System32\gdi32full.dll
0x00007ff914aa0000 - 0x00007ff914b3a000 	C:\WINDOWS\System32\msvcp_win.dll
0x00007ff909430000 - 0x00007ff90943a000 	C:\WINDOWS\SYSTEM32\VERSION.dll
0x00007ff916a40000 - 0x00007ff916a71000 	C:\WINDOWS\System32\IMM32.DLL
0x00007ff90d120000 - 0x00007ff90d12c000 	C:\Program Files\Java\jdk-17\bin\vcruntime140_1.dll
0x00007ff8e5280000 - 0x00007ff8e530e000 	C:\Program Files\Java\jdk-17\bin\msvcp140.dll
0x00007ff8b8400000 - 0x00007ff8b8fe0000 	C:\Program Files\Java\jdk-17\bin\server\jvm.dll
0x00007ff9166e0000 - 0x00007ff9166e8000 	C:\WINDOWS\System32\PSAPI.DLL
0x00007ff900670000 - 0x00007ff900679000 	C:\WINDOWS\SYSTEM32\WSOCK32.dll
0x00007ff90aa80000 - 0x00007ff90aab4000 	C:\WINDOWS\SYSTEM32\WINMM.dll
0x00007ff915350000 - 0x00007ff9153c1000 	C:\WINDOWS\System32\WS2_32.dll
0x00007ff9139e0000 - 0x00007ff9139f8000 	C:\WINDOWS\SYSTEM32\kernel.appcore.dll
0x00007ff8fc690000 - 0x00007ff8fc69a000 	C:\Program Files\Java\jdk-17\bin\jimage.dll
0x00007ff912090000 - 0x00007ff9122c2000 	C:\WINDOWS\SYSTEM32\DBGHELP.DLL
0x00007ff915a60000 - 0x00007ff915def000 	C:\WINDOWS\System32\combase.dll
0x00007ff916600000 - 0x00007ff9166d7000 	C:\WINDOWS\System32\OLEAUT32.dll
0x00007ff8f2b70000 - 0x00007ff8f2ba2000 	C:\WINDOWS\SYSTEM32\dbgcore.DLL
0x00007ff915090000 - 0x00007ff91510b000 	C:\WINDOWS\System32\bcryptPrimitives.dll
0x00007ff8e5250000 - 0x00007ff8e5275000 	C:\Program Files\Java\jdk-17\bin\java.dll
0x00007ff8e4a10000 - 0x00007ff8e4ae7000 	C:\Program Files\Java\jdk-17\bin\jsvml.dll
0x00007ff916be0000 - 0x00007ff917456000 	C:\WINDOWS\System32\SHELL32.dll
0x00007ff912870000 - 0x00007ff913173000 	C:\WINDOWS\SYSTEM32\windows.storage.dll
0x00007ff912730000 - 0x00007ff91286f000 	C:\WINDOWS\SYSTEM32\wintypes.dll
0x00007ff917460000 - 0x00007ff917559000 	C:\WINDOWS\System32\SHCORE.dll
0x00007ff916b80000 - 0x00007ff916bde000 	C:\WINDOWS\System32\shlwapi.dll
0x00007ff914860000 - 0x00007ff91488b000 	C:\WINDOWS\SYSTEM32\profapi.dll
0x00007ff8d6f00000 - 0x00007ff8d6f19000 	C:\Program Files\Java\jdk-17\bin\net.dll
0x00007ff90ddf0000 - 0x00007ff90df26000 	C:\WINDOWS\SYSTEM32\WINHTTP.dll
0x00007ff913e90000 - 0x00007ff913ef9000 	C:\WINDOWS\system32\mswsock.dll
0x00007ff8d2f70000 - 0x00007ff8d2f86000 	C:\Program Files\Java\jdk-17\bin\nio.dll
0x00007ff8d2ed0000 - 0x00007ff8d2ee8000 	C:\Program Files\Java\jdk-17\bin\zip.dll
0x00007ff90a310000 - 0x00007ff90a334000 	C:\apache-maven\apache-maven-3.9.9-bin\apache-maven-3.9.9\lib\jansi-native\Windows\x86_64\jansi.dll
0x00007ff8f10f0000 - 0x00007ff8f1100000 	C:\Program Files\Java\jdk-17\bin\verify.dll
0x00007ff913af0000 - 0x00007ff913b24000 	C:\WINDOWS\SYSTEM32\ntmarta.dll

dbghelp: loaded successfully - version: 4.0.5 - missing functions: none
symbol engine: initialized successfully - sym options: 0x614 - pdb path: .;C:\Program Files\Java\jdk-17\bin;C:\WINDOWS\SYSTEM32;C:\WINDOWS\WinSxS\amd64_microsoft.windows.common-controls_6595b64144ccf1df_6.0.22621.4391_none_2715d37f73803e96;C:\Program Files\Java\jdk-17\bin\server;C:\apache-maven\apache-maven-3.9.9-bin\apache-maven-3.9.9\lib\jansi-native\Windows\x86_64

VM Arguments:
jvm_args: -Dclassworlds.conf=C:\apache-maven\apache-maven-3.9.9-bin\apache-maven-3.9.9\bin\m2.conf -Dmaven.home=C:\apache-maven\apache-maven-3.9.9-bin\apache-maven-3.9.9 -Dlibrary.jansi.path=C:\apache-maven\apache-maven-3.9.9-bin\apache-maven-3.9.9\lib\jansi-native -Dmaven.multiModuleProjectDirectory=C:\Users\beluc\Documents\2024\Ing de soft\TFI\API_Soft 
java_command: org.codehaus.plexus.classworlds.launcher.Launcher clean install
java_class_path (initial): C:\apache-maven\apache-maven-3.9.9-bin\apache-maven-3.9.9\boot\plexus-classworlds-2.8.0.jar
Launcher Type: SUN_STANDARD

[Global flags]
     intx CICompilerCount                          = 3                                         {product} {ergonomic}
     uint ConcGCThreads                            = 1                                         {product} {ergonomic}
     uint G1ConcRefinementThreads                  = 4                                         {product} {ergonomic}
   size_t G1HeapRegionSize                         = 1048576                                   {product} {ergonomic}
    uintx GCDrainStackTargetSize                   = 64                                        {product} {ergonomic}
   size_t InitialHeapSize                          = 62914560                                  {product} {ergonomic}
   size_t MarkStackSize                            = 4194304                                   {product} {ergonomic}
   size_t MaxHeapSize                              = 994050048                                 {product} {ergonomic}
   size_t MaxNewSize                               = 595591168                                 {product} {ergonomic}
   size_t MinHeapDeltaBytes                        = 1048576                                   {product} {ergonomic}
   size_t MinHeapSize                              = 8388608                                   {product} {ergonomic}
    uintx NonNMethodCodeHeapSize                   = 5832780                                {pd product} {ergonomic}
    uintx NonProfiledCodeHeapSize                  = 122912730                              {pd product} {ergonomic}
    uintx ProfiledCodeHeapSize                     = 122912730                              {pd product} {ergonomic}
    uintx ReservedCodeCacheSize                    = 251658240                              {pd product} {ergonomic}
     bool SegmentedCodeCache                       = true                                      {product} {ergonomic}
   size_t SoftMaxHeapSize                          = 994050048                              {manageable} {ergonomic}
     bool UseCompressedClassPointers               = true                           {product lp64_product} {ergonomic}
     bool UseCompressedOops                        = true                           {product lp64_product} {ergonomic}
     bool UseG1GC                                  = true                                      {product} {ergonomic}
     bool UseLargePagesIndividualAllocation        = false                                  {pd product} {ergonomic}

Logging:
Log output configuration:
 #0: stdout all=warning uptime,level,tags
 #1: stderr all=off uptime,level,tags

Environment Variables:
JAVA_HOME=C:\Program Files\Java\jdk-17
PATH=C:\Program Files\Common Files\Oracle\Java\javapath;C:\WINDOWS\system32;C:\WINDOWS;C:\WINDOWS\System32\Wbem;C:\WINDOWS\System32\WindowsPowerShell\v1.0\;C:\WINDOWS\System32\OpenSSH\;C:\Program Files\nodejs\;C:\Program Files\Git\cmd;C:\apache-maven\apache-maven-3.9.9-bin\apache-maven-3.9.9\bin;C:\Program Files\Java\jdk-17\bin;C:\Users\beluc\AppData\Local\Microsoft\WindowsApps;C:\Users\beluc\AppData\Roaming\npm;C:\Users\beluc\AppData\Local\Programs\Microsoft VS Code\bin;C:\Users\beluc\AppData\Local\GitHubDesktop\bin;C:\Program Files\MySQL\MySQL Server 9.0\bin;
USERNAME=beluc
OS=Windows_NT
PROCESSOR_IDENTIFIER=Intel64 Family 6 Model 140 Stepping 1, GenuineIntel



---------------  S Y S T E M  ---------------

OS:
 Windows 11 , 64 bit Build 22621 (10.0.22621.4391)
OS uptime: 5 days 19:29 hours

CPU: total 4 (initial active 4) (2 cores per cpu, 2 threads per core) family 6 model 140 stepping 1 microcode 0x86, cx8, cmov, fxsr, ht, mmx, 3dnowpref, sse, sse2, sse3, ssse3, sse4.1, sse4.2, popcnt, lzcnt, tsc, tscinvbit, avx, avx2, aes, erms, clmul, bmi1, bmi2, adx, avx512f, avx512dq, avx512cd, avx512bw, avx512vl, sha, fma, vzeroupper, avx512_vpopcntdq, avx512_vpclmulqdq, avx512_vaes, avx512_vnni, clflush, clflushopt, clwb, avx512_vbmi2, avx512_vbmi

Memory: 4k page, system-wide physical 3790M (172M free)
TotalPageFile size 16078M (AvailPageFile size 23M)
current process WorkingSet (physical memory assigned to process): 194M, peak: 201M
current process commit charge ("private bytes"): 218M, peak: 318M

vm_info: Java HotSpot(TM) 64-Bit Server VM (17.0.12+8-LTS-286) for windows-amd64 JRE (17.0.12+8-LTS-286), built on Jun  5 2024 06:46:59 by "mach5one" with MS VC++ 17.6 (VS2022)

END.
