#
# There is insufficient memory for the Java Runtime Environment to continue.
# Native memory allocation (malloc) failed to allocate 487456 bytes for Chunk::new
# Possible reasons:
#   The system is out of physical RAM or swap space
#   The process is running with CompressedOops enabled, and the Java Heap may be blocking the growth of the native heap
# Possible solutions:
#   Reduce memory load on the system
#   Increase physical memory or swap space
#   Check if swap backing store is full
#   Decrease Java heap size (-Xmx/-Xms)
#   Decrease number of Java threads
#   Decrease Java thread stack sizes (-Xss)
#   Set larger code cache with -XX:ReservedCodeCacheSize=
#   JVM is running with Unscaled Compressed Oops mode in which the Java heap is
#     placed in the first 4GB address space. The Java Heap base address is the
#     maximum limit for the native heap growth. Please use -XX:HeapBaseMinAddress
#     to set the Java Heap base and to place the Java Heap above 4GB virtual address.
# This output file may be truncated or incomplete.
#
#  Out of Memory Error (arena.cpp:189), pid=9628, tid=4780
#
# JRE version: Java(TM) SE Runtime Environment (17.0.12+8) (build 17.0.12+8-LTS-286)
# Java VM: Java HotSpot(TM) 64-Bit Server VM (17.0.12+8-LTS-286, mixed mode, sharing, tiered, compressed oops, compressed class ptrs, g1 gc, windows-amd64)
# No core dump will be written. Minidumps are not enabled by default on client versions of Windows
#

---------------  S U M M A R Y ------------

Command Line: -Dclassworlds.conf=C:\apache-maven\apache-maven-3.9.9-bin\apache-maven-3.9.9\bin\m2.conf -Dmaven.home=C:\apache-maven\apache-maven-3.9.9-bin\apache-maven-3.9.9 -Dlibrary.jansi.path=C:\apache-maven\apache-maven-3.9.9-bin\apache-maven-3.9.9\lib\jansi-native -Dmaven.multiModuleProjectDirectory=C:\Users\beluc\Documents\2024\Ing de soft\TFI\API_Soft org.codehaus.plexus.classworlds.launcher.Launcher spring-boot:run -e -X

Host: 11th Gen Intel(R) Core(TM) i3-1115G4 @ 3.00GHz, 4 cores, 3G,  Windows 11 , 64 bit Build 22621 (10.0.22621.4391)
Time: Mon Dec  2 09:56:17 2024 Hora estándar de Argentina elapsed time: 4.838170 seconds (0d 0h 0m 4s)

---------------  T H R E A D  ---------------

Current thread (0x0000021892d2c030):  JavaThread "C2 CompilerThread0" daemon [_thread_in_native, id=4780, stack(0x00000048f5500000,0x00000048f5600000)]


Current CompileTask:
C2:   4838 5268       4       com.sun.tools.javac.parser.JavaTokenizer::scanIdent (639 bytes)

Stack: [0x00000048f5500000,0x00000048f5600000]
Native frames: (J=compiled Java code, j=interpreted, Vv=VM code, C=native code)
V  [jvm.dll+0x67a04a]
V  [jvm.dll+0x7da4ed]
V  [jvm.dll+0x7dbe33]
V  [jvm.dll+0x7dc4a3]
V  [jvm.dll+0x24508f]
V  [jvm.dll+0xab773]
V  [jvm.dll+0xabd3c]
V  [jvm.dll+0x2aa52f]
V  [jvm.dll+0x581eb9]
V  [jvm.dll+0x21f422]
V  [jvm.dll+0x21f81f]
V  [jvm.dll+0x218aa0]
V  [jvm.dll+0x215b65]
V  [jvm.dll+0x1a2960]
V  [jvm.dll+0x22610b]
V  [jvm.dll+0x2242ab]
V  [jvm.dll+0x79075c]
V  [jvm.dll+0x78abea]
V  [jvm.dll+0x678f35]
C  [ucrtbase.dll+0x29333]
C  [KERNEL32.DLL+0x1259d]
C  [ntdll.dll+0x5af38]


---------------  P R O C E S S  ---------------

Threads class SMR info:
_java_thread_list=0x00000218f3cbc050, length=14, elements={
0x0000021892c62c60, 0x0000021892d11e40, 0x0000021892d12a00, 0x0000021892d26020,
0x0000021892d29b00, 0x0000021892d2a4c0, 0x0000021892d2ae80, 0x0000021892d2c030,
0x00000218adcc6070, 0x0000021892d2ea40, 0x00000218f3069ed0, 0x00000218f3070c60,
0x00000218f3447120, 0x00000218f460ca50
}

Java Threads: ( => current thread )
  0x0000021892c62c60 JavaThread "main" [_thread_in_native, id=12088, stack(0x00000048f4800000,0x00000048f4900000)]
  0x0000021892d11e40 JavaThread "Reference Handler" daemon [_thread_blocked, id=7280, stack(0x00000048f4f00000,0x00000048f5000000)]
  0x0000021892d12a00 JavaThread "Finalizer" daemon [_thread_blocked, id=12312, stack(0x00000048f5000000,0x00000048f5100000)]
  0x0000021892d26020 JavaThread "Signal Dispatcher" daemon [_thread_blocked, id=4776, stack(0x00000048f5100000,0x00000048f5200000)]
  0x0000021892d29b00 JavaThread "Attach Listener" daemon [_thread_blocked, id=10724, stack(0x00000048f5200000,0x00000048f5300000)]
  0x0000021892d2a4c0 JavaThread "Service Thread" daemon [_thread_blocked, id=9508, stack(0x00000048f5300000,0x00000048f5400000)]
  0x0000021892d2ae80 JavaThread "Monitor Deflation Thread" daemon [_thread_blocked, id=9700, stack(0x00000048f5400000,0x00000048f5500000)]
=>0x0000021892d2c030 JavaThread "C2 CompilerThread0" daemon [_thread_in_native, id=4780, stack(0x00000048f5500000,0x00000048f5600000)]
  0x00000218adcc6070 JavaThread "C1 CompilerThread0" daemon [_thread_blocked, id=13352, stack(0x00000048f5600000,0x00000048f5700000)]
  0x0000021892d2ea40 JavaThread "Sweeper thread" daemon [_thread_blocked, id=23500, stack(0x00000048f5700000,0x00000048f5800000)]
  0x00000218f3069ed0 JavaThread "Notification Thread" daemon [_thread_blocked, id=7424, stack(0x00000048f5800000,0x00000048f5900000)]
  0x00000218f3070c60 JavaThread "Common-Cleaner" daemon [_thread_blocked, id=2188, stack(0x00000048f5a00000,0x00000048f5b00000)]
  0x00000218f3447120 JavaThread "C2 CompilerThread1" daemon [_thread_in_native, id=14636, stack(0x00000048f5b00000,0x00000048f5c00000)]
  0x00000218f460ca50 JavaThread "Thread-1" daemon [_thread_blocked, id=8972, stack(0x00000048f5f00000,0x00000048f6000000)]

Other Threads:
  0x0000021892d0a470 VMThread "VM Thread" [stack: 0x00000048f4e00000,0x00000048f4f00000] [id=22684]
  0x0000021892cb0f80 WatcherThread [stack: 0x00000048f5900000,0x00000048f5a00000] [id=12932]
  0x0000021892c9c340 GCTaskThread "GC Thread#0" [stack: 0x00000048f4900000,0x00000048f4a00000] [id=12604]
  0x00000218f3976c50 GCTaskThread "GC Thread#1" [stack: 0x00000048f5c00000,0x00000048f5d00000] [id=21264]
  0x00000218f347e2a0 GCTaskThread "GC Thread#2" [stack: 0x00000048f5d00000,0x00000048f5e00000] [id=20132]
  0x00000218f39778b0 GCTaskThread "GC Thread#3" [stack: 0x00000048f5e00000,0x00000048f5f00000] [id=13168]
  0x0000021892ca5920 ConcurrentGCThread "G1 Main Marker" [stack: 0x00000048f4a00000,0x00000048f4b00000] [id=416]
  0x0000021892ca6330 ConcurrentGCThread "G1 Conc#0" [stack: 0x00000048f4b00000,0x00000048f4c00000] [id=9488]
  0x0000021892ce8c40 ConcurrentGCThread "G1 Refine#0" [stack: 0x00000048f4c00000,0x00000048f4d00000] [id=13200]
  0x0000021892cea680 ConcurrentGCThread "G1 Service" [stack: 0x00000048f4d00000,0x00000048f4e00000] [id=3400]

Threads with active compile tasks:
C2 CompilerThread0     4864 5268       4       com.sun.tools.javac.parser.JavaTokenizer::scanIdent (639 bytes)
C1 CompilerThread0     4864 5339       3       com.sun.tools.javac.tree.TreeMaker::Literal (20 bytes)
C2 CompilerThread1     4864 5315   !   4       com.sun.tools.javac.parser.JavaTokenizer::readToken (1731 bytes)

VM state: not at safepoint (normal execution)

VM Mutex/Monitor currently owned by a thread: None

Heap address: 0x00000000c4c00000, size: 948 MB, Compressed Oops mode: 32-bit

CDS archive(s) mapped at: [0x00000218ae000000-0x00000218aebd0000-0x00000218aebd0000), size 12386304, SharedBaseAddress: 0x00000218ae000000, ArchiveRelocationMode: 1.
Compressed class space mapped at: 0x00000218af000000-0x00000218ef000000, reserved size: 1073741824
Narrow klass base: 0x00000218ae000000, Narrow klass shift: 0, Narrow klass range: 0x100000000

GC Precious Log:
 CPUs: 4 total, 4 available
 Memory: 3790M
 Large Page Support: Disabled
 NUMA Support: Disabled
 Compressed Oops: Enabled (32-bit)
 Heap Region Size: 1M
 Heap Min Capacity: 8M
 Heap Initial Capacity: 60M
 Heap Max Capacity: 948M
 Pre-touch: Disabled
 Parallel Workers: 4
 Concurrent Workers: 1
 Concurrent Refinement Workers: 4
 Periodic GC: Disabled

Heap:
 garbage-first heap   total 86016K, used 45288K [0x00000000c4c00000, 0x0000000100000000)
  region size 1024K, 26 young (26624K), 3 survivors (3072K)
 Metaspace       used 25277K, committed 25536K, reserved 1114112K
  class space    used 2925K, committed 3072K, reserved 1048576K

Heap Regions: E=young(eden), S=young(survivor), O=old, HS=humongous(starts), HC=humongous(continues), CS=collection set, F=free, OA=open archive, CA=closed archive, TAMS=top-at-mark-start (previous, next)
|   0|0x00000000c4c00000, 0x00000000c4d00000, 0x00000000c4d00000|100%| O|  |TAMS 0x00000000c4d00000, 0x00000000c4d00000| Untracked 
|   1|0x00000000c4d00000, 0x00000000c4e00000, 0x00000000c4e00000|100%| O|  |TAMS 0x00000000c4e00000, 0x00000000c4e00000| Untracked 
|   2|0x00000000c4e00000, 0x00000000c4f00000, 0x00000000c4f00000|100%| O|  |TAMS 0x00000000c4f00000, 0x00000000c4f00000| Untracked 
|   3|0x00000000c4f00000, 0x00000000c5000000, 0x00000000c5000000|100%| O|  |TAMS 0x00000000c5000000, 0x00000000c5000000| Untracked 
|   4|0x00000000c5000000, 0x00000000c5100000, 0x00000000c5100000|100%| O|  |TAMS 0x00000000c5100000, 0x00000000c5100000| Untracked 
|   5|0x00000000c5100000, 0x00000000c5200000, 0x00000000c5200000|100%| O|  |TAMS 0x00000000c5200000, 0x00000000c5200000| Untracked 
|   6|0x00000000c5200000, 0x00000000c5300000, 0x00000000c5300000|100%| O|  |TAMS 0x00000000c5300000, 0x00000000c5300000| Untracked 
|   7|0x00000000c5300000, 0x00000000c5400000, 0x00000000c5400000|100%| O|  |TAMS 0x00000000c5400000, 0x00000000c5400000| Untracked 
|   8|0x00000000c5400000, 0x00000000c5500000, 0x00000000c5500000|100%| O|  |TAMS 0x00000000c5500000, 0x00000000c5500000| Untracked 
|   9|0x00000000c5500000, 0x00000000c5600000, 0x00000000c5600000|100%| O|  |TAMS 0x00000000c55ee800, 0x00000000c5600000| Untracked 
|  10|0x00000000c5600000, 0x00000000c5700000, 0x00000000c5700000|100%|HS|  |TAMS 0x00000000c5600000, 0x00000000c5600000| Complete 
|  11|0x00000000c5700000, 0x00000000c5800000, 0x00000000c5800000|100%|HS|  |TAMS 0x00000000c5700000, 0x00000000c5700000| Complete 
|  12|0x00000000c5800000, 0x00000000c5900000, 0x00000000c5900000|100%|HC|  |TAMS 0x00000000c5800000, 0x00000000c5800000| Complete 
|  13|0x00000000c5900000, 0x00000000c5a00000, 0x00000000c5a00000|100%|HS|  |TAMS 0x00000000c5900000, 0x00000000c5900000| Complete 
|  14|0x00000000c5a00000, 0x00000000c5b00000, 0x00000000c5b00000|100%|HC|  |TAMS 0x00000000c5a00000, 0x00000000c5a00000| Complete 
|  15|0x00000000c5b00000, 0x00000000c5c00000, 0x00000000c5c00000|100%|HS|  |TAMS 0x00000000c5b00000, 0x00000000c5b00000| Complete 
|  16|0x00000000c5c00000, 0x00000000c5d00000, 0x00000000c5d00000|100%|HS|  |TAMS 0x00000000c5c00000, 0x00000000c5c00000| Complete 
|  17|0x00000000c5d00000, 0x00000000c5d00000, 0x00000000c5e00000|  0%| F|  |TAMS 0x00000000c5d00000, 0x00000000c5d00000| Untracked 
|  18|0x00000000c5e00000, 0x00000000c5e00000, 0x00000000c5f00000|  0%| F|  |TAMS 0x00000000c5e00000, 0x00000000c5e00000| Untracked 
|  19|0x00000000c5f00000, 0x00000000c5f00000, 0x00000000c6000000|  0%| F|  |TAMS 0x00000000c5f00000, 0x00000000c5f00000| Untracked 
|  20|0x00000000c6000000, 0x00000000c6000000, 0x00000000c6100000|  0%| F|  |TAMS 0x00000000c6000000, 0x00000000c6000000| Untracked 
|  21|0x00000000c6100000, 0x00000000c6100000, 0x00000000c6200000|  0%| F|  |TAMS 0x00000000c6100000, 0x00000000c6100000| Untracked 
|  22|0x00000000c6200000, 0x00000000c6200000, 0x00000000c6300000|  0%| F|  |TAMS 0x00000000c6200000, 0x00000000c6200000| Untracked 
|  23|0x00000000c6300000, 0x00000000c6300000, 0x00000000c6400000|  0%| F|  |TAMS 0x00000000c6300000, 0x00000000c6300000| Untracked 
|  24|0x00000000c6400000, 0x00000000c6400000, 0x00000000c6500000|  0%| F|  |TAMS 0x00000000c6400000, 0x00000000c6400000| Untracked 
|  25|0x00000000c6500000, 0x00000000c6500000, 0x00000000c6600000|  0%| F|  |TAMS 0x00000000c6500000, 0x00000000c6500000| Untracked 
|  26|0x00000000c6600000, 0x00000000c6600000, 0x00000000c6700000|  0%| F|  |TAMS 0x00000000c6600000, 0x00000000c6600000| Untracked 
|  27|0x00000000c6700000, 0x00000000c6700000, 0x00000000c6800000|  0%| F|  |TAMS 0x00000000c6700000, 0x00000000c6700000| Untracked 
|  28|0x00000000c6800000, 0x00000000c6800000, 0x00000000c6900000|  0%| F|  |TAMS 0x00000000c6800000, 0x00000000c6800000| Untracked 
|  29|0x00000000c6900000, 0x00000000c6900000, 0x00000000c6a00000|  0%| F|  |TAMS 0x00000000c6900000, 0x00000000c6900000| Untracked 
|  30|0x00000000c6a00000, 0x00000000c6b00000, 0x00000000c6b00000|100%| O|  |TAMS 0x00000000c6a00000, 0x00000000c6b00000| Untracked 
|  31|0x00000000c6b00000, 0x00000000c6bba400, 0x00000000c6c00000| 72%| O|  |TAMS 0x00000000c6b00000, 0x00000000c6b00000| Untracked 
|  32|0x00000000c6c00000, 0x00000000c6c00000, 0x00000000c6d00000|  0%| F|  |TAMS 0x00000000c6c00000, 0x00000000c6c00000| Untracked 
|  33|0x00000000c6d00000, 0x00000000c6d00000, 0x00000000c6e00000|  0%| F|  |TAMS 0x00000000c6d00000, 0x00000000c6d00000| Untracked 
|  34|0x00000000c6e00000, 0x00000000c6e00000, 0x00000000c6f00000|  0%| F|  |TAMS 0x00000000c6e00000, 0x00000000c6e00000| Untracked 
|  35|0x00000000c6f00000, 0x00000000c7000000, 0x00000000c7000000|100%| O|  |TAMS 0x00000000c6f00000, 0x00000000c7000000| Untracked 
|  36|0x00000000c7000000, 0x00000000c7100000, 0x00000000c7100000|100%| O|  |TAMS 0x00000000c7000000, 0x00000000c7019a00| Untracked 
|  37|0x00000000c7100000, 0x00000000c7100000, 0x00000000c7200000|  0%| F|  |TAMS 0x00000000c7100000, 0x00000000c7100000| Untracked 
|  38|0x00000000c7200000, 0x00000000c7200000, 0x00000000c7300000|  0%| F|  |TAMS 0x00000000c7200000, 0x00000000c7200000| Untracked 
|  39|0x00000000c7300000, 0x00000000c7300000, 0x00000000c7400000|  0%| F|  |TAMS 0x00000000c7300000, 0x00000000c7300000| Untracked 
|  40|0x00000000c7400000, 0x00000000c7400000, 0x00000000c7500000|  0%| F|  |TAMS 0x00000000c7400000, 0x00000000c7400000| Untracked 
|  41|0x00000000c7500000, 0x00000000c7500000, 0x00000000c7600000|  0%| F|  |TAMS 0x00000000c7500000, 0x00000000c7500000| Untracked 
|  42|0x00000000c7600000, 0x00000000c7600000, 0x00000000c7700000|  0%| F|  |TAMS 0x00000000c7600000, 0x00000000c7600000| Untracked 
|  43|0x00000000c7700000, 0x00000000c7700000, 0x00000000c7800000|  0%| F|  |TAMS 0x00000000c7700000, 0x00000000c7700000| Untracked 
|  44|0x00000000c7800000, 0x00000000c7800000, 0x00000000c7900000|  0%| F|  |TAMS 0x00000000c7800000, 0x00000000c7800000| Untracked 
|  45|0x00000000c7900000, 0x00000000c7900000, 0x00000000c7a00000|  0%| F|  |TAMS 0x00000000c7900000, 0x00000000c7900000| Untracked 
|  46|0x00000000c7a00000, 0x00000000c7a00000, 0x00000000c7b00000|  0%| F|  |TAMS 0x00000000c7a00000, 0x00000000c7a00000| Untracked 
|  47|0x00000000c7b00000, 0x00000000c7b00000, 0x00000000c7c00000|  0%| F|  |TAMS 0x00000000c7b00000, 0x00000000c7b00000| Untracked 
|  48|0x00000000c7c00000, 0x00000000c7c00000, 0x00000000c7d00000|  0%| F|  |TAMS 0x00000000c7c00000, 0x00000000c7c00000| Untracked 
|  49|0x00000000c7d00000, 0x00000000c7d00000, 0x00000000c7e00000|  0%| F|  |TAMS 0x00000000c7d00000, 0x00000000c7d00000| Untracked 
|  50|0x00000000c7e00000, 0x00000000c7e00000, 0x00000000c7f00000|  0%| F|  |TAMS 0x00000000c7e00000, 0x00000000c7e00000| Untracked 
|  51|0x00000000c7f00000, 0x00000000c7f00000, 0x00000000c8000000|  0%| F|  |TAMS 0x00000000c7f00000, 0x00000000c7f00000| Untracked 
|  52|0x00000000c8000000, 0x00000000c8000000, 0x00000000c8100000|  0%| F|  |TAMS 0x00000000c8000000, 0x00000000c8000000| Untracked 
|  53|0x00000000c8100000, 0x00000000c8100000, 0x00000000c8200000|  0%| F|  |TAMS 0x00000000c8100000, 0x00000000c8100000| Untracked 
|  54|0x00000000c8200000, 0x00000000c8200000, 0x00000000c8300000|  0%| F|  |TAMS 0x00000000c8200000, 0x00000000c8200000| Untracked 
|  55|0x00000000c8300000, 0x00000000c8300000, 0x00000000c8400000|  0%| F|  |TAMS 0x00000000c8300000, 0x00000000c8300000| Untracked 
|  56|0x00000000c8400000, 0x00000000c8400000, 0x00000000c8500000|  0%| F|  |TAMS 0x00000000c8400000, 0x00000000c8400000| Untracked 
|  57|0x00000000c8500000, 0x00000000c857ffd0, 0x00000000c8600000| 49%| S|CS|TAMS 0x00000000c8500000, 0x00000000c8500000| Complete 
|  58|0x00000000c8600000, 0x00000000c8700000, 0x00000000c8700000|100%| S|CS|TAMS 0x00000000c8600000, 0x00000000c8600000| Complete 
|  59|0x00000000c8700000, 0x00000000c8800000, 0x00000000c8800000|100%| S|CS|TAMS 0x00000000c8700000, 0x00000000c8700000| Complete 
|  60|0x00000000c8800000, 0x00000000c8800000, 0x00000000c8900000|  0%| F|  |TAMS 0x00000000c8800000, 0x00000000c8800000| Untracked 
|  61|0x00000000c8900000, 0x00000000c8a00000, 0x00000000c8a00000|100%| E|  |TAMS 0x00000000c8900000, 0x00000000c8900000| Complete 
|  62|0x00000000c8a00000, 0x00000000c8b00000, 0x00000000c8b00000|100%| E|CS|TAMS 0x00000000c8a00000, 0x00000000c8a00000| Complete 
|  63|0x00000000c8b00000, 0x00000000c8c00000, 0x00000000c8c00000|100%| E|CS|TAMS 0x00000000c8b00000, 0x00000000c8b00000| Complete 
|  64|0x00000000c8c00000, 0x00000000c8d00000, 0x00000000c8d00000|100%| E|CS|TAMS 0x00000000c8c00000, 0x00000000c8c00000| Complete 
|  65|0x00000000c8d00000, 0x00000000c8e00000, 0x00000000c8e00000|100%| E|  |TAMS 0x00000000c8d00000, 0x00000000c8d00000| Complete 
|  66|0x00000000c8e00000, 0x00000000c8f00000, 0x00000000c8f00000|100%| E|CS|TAMS 0x00000000c8e00000, 0x00000000c8e00000| Complete 
|  67|0x00000000c8f00000, 0x00000000c9000000, 0x00000000c9000000|100%| E|CS|TAMS 0x00000000c8f00000, 0x00000000c8f00000| Complete 
|  68|0x00000000c9000000, 0x00000000c9100000, 0x00000000c9100000|100%| E|CS|TAMS 0x00000000c9000000, 0x00000000c9000000| Complete 
|  69|0x00000000c9100000, 0x00000000c9200000, 0x00000000c9200000|100%| E|CS|TAMS 0x00000000c9100000, 0x00000000c9100000| Complete 
|  70|0x00000000c9200000, 0x00000000c9300000, 0x00000000c9300000|100%| E|CS|TAMS 0x00000000c9200000, 0x00000000c9200000| Complete 
|  71|0x00000000c9300000, 0x00000000c9400000, 0x00000000c9400000|100%| E|CS|TAMS 0x00000000c9300000, 0x00000000c9300000| Complete 
|  72|0x00000000c9400000, 0x00000000c9500000, 0x00000000c9500000|100%| E|CS|TAMS 0x00000000c9400000, 0x00000000c9400000| Complete 
|  73|0x00000000c9500000, 0x00000000c9600000, 0x00000000c9600000|100%| E|CS|TAMS 0x00000000c9500000, 0x00000000c9500000| Complete 
|  74|0x00000000c9600000, 0x00000000c9700000, 0x00000000c9700000|100%| E|CS|TAMS 0x00000000c9600000, 0x00000000c9600000| Complete 
|  75|0x00000000c9700000, 0x00000000c9800000, 0x00000000c9800000|100%| E|CS|TAMS 0x00000000c9700000, 0x00000000c9700000| Complete 
|  76|0x00000000c9800000, 0x00000000c9900000, 0x00000000c9900000|100%| E|CS|TAMS 0x00000000c9800000, 0x00000000c9800000| Complete 
|  77|0x00000000c9900000, 0x00000000c9a00000, 0x00000000c9a00000|100%| E|CS|TAMS 0x00000000c9900000, 0x00000000c9900000| Complete 
|  78|0x00000000c9a00000, 0x00000000c9b00000, 0x00000000c9b00000|100%| E|CS|TAMS 0x00000000c9a00000, 0x00000000c9a00000| Complete 
|  79|0x00000000c9b00000, 0x00000000c9c00000, 0x00000000c9c00000|100%| E|CS|TAMS 0x00000000c9b00000, 0x00000000c9b00000| Complete 
|  80|0x00000000c9c00000, 0x00000000c9d00000, 0x00000000c9d00000|100%| E|CS|TAMS 0x00000000c9c00000, 0x00000000c9c00000| Complete 
|  81|0x00000000c9d00000, 0x00000000c9e00000, 0x00000000c9e00000|100%| E|CS|TAMS 0x00000000c9d00000, 0x00000000c9d00000| Complete 
|  82|0x00000000c9e00000, 0x00000000c9f00000, 0x00000000c9f00000|100%| E|CS|TAMS 0x00000000c9e00000, 0x00000000c9e00000| Complete 
|  83|0x00000000c9f00000, 0x00000000ca000000, 0x00000000ca000000|100%| E|CS|TAMS 0x00000000c9f00000, 0x00000000c9f00000| Complete 

Card table byte_map: [0x00000218a9700000,0x00000218a98e0000] _byte_map_base: 0x00000218a90da000

Marking Bits (Prev, Next): (CMBitMap*) 0x0000021892c9d9b0, (CMBitMap*) 0x0000021892c9d970
 Prev Bits: [0x00000218aa990000, 0x00000218ab860000)
 Next Bits: [0x00000218a9ac0000, 0x00000218aa990000)

Polling page: 0x0000021890b40000

Metaspace:

Usage:
  Non-class:     21.83 MB used.
      Class:      2.86 MB used.
       Both:     24.69 MB used.

Virtual space:
  Non-class space:       64.00 MB reserved,      21.94 MB ( 34%) committed,  1 nodes.
      Class space:        1.00 GB reserved,       3.00 MB ( <1%) committed,  1 nodes.
             Both:        1.06 GB reserved,      24.94 MB (  2%) committed. 

Chunk freelists:
   Non-Class:  9.81 MB
       Class:  12.94 MB
        Both:  22.75 MB

MaxMetaspaceSize: unlimited
CompressedClassSpaceSize: 1.00 GB
Initial GC threshold: 21.00 MB
Current GC threshold: 28.75 MB
CDS: on
MetaspaceReclaimPolicy: balanced
 - commit_granule_bytes: 65536.
 - commit_granule_words: 8192.
 - virtual_space_node_default_size: 8388608.
 - enlarge_chunks_in_place: 1.
 - new_chunks_are_fully_committed: 0.
 - uncommit_free_chunks: 1.
 - use_allocation_guard: 0.
 - handle_deallocations: 1.


Internal statistics:

num_allocs_failed_limit: 0.
num_arena_births: 164.
num_arena_deaths: 0.
num_vsnodes_births: 2.
num_vsnodes_deaths: 0.
num_space_committed: 399.
num_space_uncommitted: 0.
num_chunks_returned_to_freelist: 0.
num_chunks_taken_from_freelist: 1076.
num_chunk_merges: 0.
num_chunk_splits: 745.
num_chunks_enlarged: 593.
num_inconsistent_stats: 0.

CodeHeap 'non-profiled nmethods': size=120000Kb used=2886Kb max_used=2886Kb free=117113Kb
 bounds [0x00000218a1ff0000, 0x00000218a22d0000, 0x00000218a9520000]
CodeHeap 'profiled nmethods': size=120000Kb used=11873Kb max_used=11873Kb free=108127Kb
 bounds [0x000002189a520000, 0x000002189b0c0000, 0x00000218a1a50000]
CodeHeap 'non-nmethods': size=5760Kb used=1216Kb max_used=1256Kb free=4543Kb
 bounds [0x00000218a1a50000, 0x00000218a1cc0000, 0x00000218a1ff0000]
 total_blobs=5840 nmethods=5335 adapters=417
 compilation: enabled
              stopped_count=0, restarted_count=0
 full_count=0

Compilation events (20 events):
Event: 4.827 Thread 0x00000218adcc6070 nmethod 5305 0x000002189b095d90 code [0x000002189b095f40, 0x000002189b0961e8]
Event: 4.827 Thread 0x00000218adcc6070 5307       1       com.sun.tools.javac.util.DiagnosticSource::getFile (5 bytes)
Event: 4.827 Thread 0x00000218adcc6070 nmethod 5307 0x00000218a22bff10 code [0x00000218a22c00a0, 0x00000218a22c0178]
Event: 4.830 Thread 0x00000218adcc6070 5309       3       com.sun.tools.javac.tree.JCTree$JCFieldAccess::getTag (4 bytes)
Event: 4.830 Thread 0x00000218adcc6070 nmethod 5309 0x000002189b096310 code [0x000002189b0964a0, 0x000002189b0965b8]
Event: 4.830 Thread 0x00000218adcc6070 5310       3       com.sun.tools.javac.tree.JCTree$JCPolyExpression::<init> (5 bytes)
Event: 4.830 Thread 0x00000218adcc6070 nmethod 5310 0x000002189b096690 code [0x000002189b096840, 0x000002189b096ab8]
Event: 4.830 Thread 0x00000218adcc6070 5311       3       com.sun.tools.javac.util.ListBuffer::appendList (26 bytes)
Event: 4.830 Thread 0x00000218adcc6070 nmethod 5311 0x000002189b096c10 code [0x000002189b096dc0, 0x000002189b097128]
Event: 4.831 Thread 0x00000218adcc6070 5312       3       com.sun.tools.javac.parser.JavacParser::parseType (12 bytes)
Event: 4.832 Thread 0x00000218adcc6070 nmethod 5312 0x000002189b097290 code [0x000002189b097440, 0x000002189b097638]
Event: 4.832 Thread 0x00000218adcc6070 5313       1       com.sun.tools.javac.parser.Tokens$StringToken::stringVal (5 bytes)
Event: 4.832 Thread 0x00000218adcc6070 nmethod 5313 0x00000218a22c0210 code [0x00000218a22c03a0, 0x00000218a22c0478]
Event: 4.832 Thread 0x00000218adcc6070 5314       3       com.sun.tools.javac.tree.TreeMaker::VarDef (29 bytes)
Event: 4.832 Thread 0x00000218adcc6070 nmethod 5314 0x000002189b097790 code [0x000002189b097940, 0x000002189b097b28]
Event: 4.833 Thread 0x00000218adcc6070 5316       3       com.sun.tools.javac.parser.JavacParser::arguments (109 bytes)
Event: 4.834 Thread 0x00000218adcc6070 nmethod 5316 0x000002189b097c10 code [0x000002189b097f40, 0x000002189b098fe8]
Event: 4.834 Thread 0x00000218adcc6070 5317       3       com.sun.tools.javac.parser.JavaTokenizer::scanString (200 bytes)
Event: 4.834 Thread 0x00000218f3447120 nmethod 5304 0x00000218a22c0510 code [0x00000218a22c06e0, 0x00000218a22c0fb8]
Event: 4.834 Thread 0x00000218f3447120 5315   !   4       com.sun.tools.javac.parser.JavaTokenizer::readToken (1731 bytes)

GC Heap History (16 events):
Event: 0.358 GC heap before
{Heap before GC invocations=0 (full 0):
 garbage-first heap   total 61440K, used 13312K [0x00000000c4c00000, 0x0000000100000000)
  region size 1024K, 13 young (13312K), 0 survivors (0K)
 Metaspace       used 3589K, committed 3712K, reserved 1114112K
  class space    used 391K, committed 448K, reserved 1048576K
}
Event: 0.362 GC heap after
{Heap after GC invocations=1 (full 0):
 garbage-first heap   total 61440K, used 3136K [0x00000000c4c00000, 0x0000000100000000)
  region size 1024K, 2 young (2048K), 2 survivors (2048K)
 Metaspace       used 3589K, committed 3712K, reserved 1114112K
  class space    used 391K, committed 448K, reserved 1048576K
}
Event: 0.549 GC heap before
{Heap before GC invocations=1 (full 0):
 garbage-first heap   total 61440K, used 17472K [0x00000000c4c00000, 0x0000000100000000)
  region size 1024K, 16 young (16384K), 2 survivors (2048K)
 Metaspace       used 5800K, committed 5952K, reserved 1114112K
  class space    used 704K, committed 768K, reserved 1048576K
}
Event: 0.553 GC heap after
{Heap after GC invocations=2 (full 0):
 garbage-first heap   total 61440K, used 3798K [0x00000000c4c00000, 0x0000000100000000)
  region size 1024K, 1 young (1024K), 1 survivors (1024K)
 Metaspace       used 5800K, committed 5952K, reserved 1114112K
  class space    used 704K, committed 768K, reserved 1048576K
}
Event: 1.091 GC heap before
{Heap before GC invocations=2 (full 0):
 garbage-first heap   total 61440K, used 39638K [0x00000000c4c00000, 0x0000000100000000)
  region size 1024K, 36 young (36864K), 1 survivors (1024K)
 Metaspace       used 11486K, committed 11712K, reserved 1114112K
  class space    used 1421K, committed 1536K, reserved 1048576K
}
Event: 1.097 GC heap after
{Heap after GC invocations=3 (full 0):
 garbage-first heap   total 61440K, used 6059K [0x00000000c4c00000, 0x0000000100000000)
  region size 1024K, 3 young (3072K), 3 survivors (3072K)
 Metaspace       used 11486K, committed 11712K, reserved 1114112K
  class space    used 1421K, committed 1536K, reserved 1048576K
}
Event: 1.782 GC heap before
{Heap before GC invocations=3 (full 0):
 garbage-first heap   total 61440K, used 39851K [0x00000000c4c00000, 0x0000000100000000)
  region size 1024K, 36 young (36864K), 3 survivors (3072K)
 Metaspace       used 14973K, committed 15232K, reserved 1114112K
  class space    used 1805K, committed 1920K, reserved 1048576K
}
Event: 1.795 GC heap after
{Heap after GC invocations=4 (full 0):
 garbage-first heap   total 61440K, used 10175K [0x00000000c4c00000, 0x0000000100000000)
  region size 1024K, 5 young (5120K), 5 survivors (5120K)
 Metaspace       used 14973K, committed 15232K, reserved 1114112K
  class space    used 1805K, committed 1920K, reserved 1048576K
}
Event: 2.416 GC heap before
{Heap before GC invocations=4 (full 0):
 garbage-first heap   total 61440K, used 41919K [0x00000000c4c00000, 0x0000000100000000)
  region size 1024K, 36 young (36864K), 5 survivors (5120K)
 Metaspace       used 15774K, committed 16064K, reserved 1114112K
  class space    used 1874K, committed 1984K, reserved 1048576K
}
Event: 2.430 GC heap after
{Heap after GC invocations=5 (full 0):
 garbage-first heap   total 73728K, used 13682K [0x00000000c4c00000, 0x0000000100000000)
  region size 1024K, 4 young (4096K), 4 survivors (4096K)
 Metaspace       used 15774K, committed 16064K, reserved 1114112K
  class space    used 1874K, committed 1984K, reserved 1048576K
}
Event: 3.395 GC heap before
{Heap before GC invocations=5 (full 0):
 garbage-first heap   total 73728K, used 51570K [0x00000000c4c00000, 0x0000000100000000)
  region size 1024K, 41 young (41984K), 4 survivors (4096K)
 Metaspace       used 16489K, committed 16704K, reserved 1114112K
  class space    used 1908K, committed 1984K, reserved 1048576K
}
Event: 3.403 GC heap after
{Heap after GC invocations=6 (full 0):
 garbage-first heap   total 73728K, used 14249K [0x00000000c4c00000, 0x0000000100000000)
  region size 1024K, 4 young (4096K), 4 survivors (4096K)
 Metaspace       used 16489K, committed 16704K, reserved 1114112K
  class space    used 1908K, committed 1984K, reserved 1048576K
}
Event: 3.574 GC heap before
{Heap before GC invocations=6 (full 0):
 garbage-first heap   total 73728K, used 39849K [0x00000000c4c00000, 0x0000000100000000)
  region size 1024K, 10 young (10240K), 4 survivors (4096K)
 Metaspace       used 17303K, committed 17600K, reserved 1114112K
  class space    used 2011K, committed 2176K, reserved 1048576K
}
Event: 3.581 GC heap after
{Heap after GC invocations=7 (full 0):
 garbage-first heap   total 73728K, used 35635K [0x00000000c4c00000, 0x0000000100000000)
  region size 1024K, 3 young (3072K), 3 survivors (3072K)
 Metaspace       used 17303K, committed 17600K, reserved 1114112K
  class space    used 2011K, committed 2176K, reserved 1048576K
}
Event: 4.280 GC heap before
{Heap before GC invocations=8 (full 0):
 garbage-first heap   total 86016K, used 68403K [0x00000000c4c00000, 0x0000000100000000)
  region size 1024K, 24 young (24576K), 3 survivors (3072K)
 Metaspace       used 19568K, committed 19776K, reserved 1114112K
  class space    used 2262K, committed 2368K, reserved 1048576K
}
Event: 4.287 GC heap after
{Heap after GC invocations=9 (full 0):
 garbage-first heap   total 86016K, used 16616K [0x00000000c4c00000, 0x0000000100000000)
  region size 1024K, 3 young (3072K), 3 survivors (3072K)
 Metaspace       used 19568K, committed 19776K, reserved 1114112K
  class space    used 2262K, committed 2368K, reserved 1048576K
}

Deoptimization events (20 events):
Event: 4.773 Thread 0x0000021892c62c60 Uncommon trap: trap_request=0xffffffc6 fr.pc=0x00000218a218ff94 relative=0x0000000000000674
Event: 4.773 Thread 0x0000021892c62c60 Uncommon trap: reason=bimorphic_or_optimized_type_check action=maybe_recompile pc=0x00000218a218ff94 method=java.util.regex.Pattern$CharPropertyGreedy.match(Ljava/util/regex/Matcher;ILjava/lang/CharSequence;)Z @ 64 c2
Event: 4.773 Thread 0x0000021892c62c60 DEOPT PACKING pc=0x00000218a218ff94 sp=0x00000048f48fcaf0
Event: 4.773 Thread 0x0000021892c62c60 DEOPT UNPACKING pc=0x00000218a1aa5ba3 sp=0x00000048f48fcaa0 mode 2
Event: 4.790 Thread 0x0000021892c62c60 Uncommon trap: trap_request=0xffffff45 fr.pc=0x00000218a22b4cd4 relative=0x00000000000000d4
Event: 4.790 Thread 0x0000021892c62c60 Uncommon trap: reason=unstable_if action=reinterpret pc=0x00000218a22b4cd4 method=com.sun.tools.javac.parser.UnicodeReader.nextUnicodeInputCharacter()V @ 28 c2
Event: 4.790 Thread 0x0000021892c62c60 DEOPT PACKING pc=0x00000218a22b4cd4 sp=0x00000048f48fbf00
Event: 4.790 Thread 0x0000021892c62c60 DEOPT UNPACKING pc=0x00000218a1aa5ba3 sp=0x00000048f48fbe30 mode 2
Event: 4.791 Thread 0x0000021892c62c60 Uncommon trap: trap_request=0xffffff45 fr.pc=0x00000218a22b50bc relative=0x00000000000000bc
Event: 4.791 Thread 0x0000021892c62c60 Uncommon trap: reason=unstable_if action=reinterpret pc=0x00000218a22b50bc method=com.sun.tools.javac.parser.UnicodeReader.nextUnicodeInputCharacter()V @ 28 c2
Event: 4.791 Thread 0x0000021892c62c60 DEOPT PACKING pc=0x00000218a22b50bc sp=0x00000048f48fbec0
Event: 4.791 Thread 0x0000021892c62c60 DEOPT UNPACKING pc=0x00000218a1aa5ba3 sp=0x00000048f48fbe68 mode 2
Event: 4.791 Thread 0x0000021892c62c60 Uncommon trap: trap_request=0xffffff45 fr.pc=0x00000218a22b9768 relative=0x00000000000000e8
Event: 4.791 Thread 0x0000021892c62c60 Uncommon trap: reason=unstable_if action=reinterpret pc=0x00000218a22b9768 method=com.sun.tools.javac.parser.UnicodeReader.nextUnicodeInputCharacter()V @ 28 c2
Event: 4.791 Thread 0x0000021892c62c60 DEOPT PACKING pc=0x00000218a22b9768 sp=0x00000048f48fc020
Event: 4.791 Thread 0x0000021892c62c60 DEOPT UNPACKING pc=0x00000218a1aa5ba3 sp=0x00000048f48fbef8 mode 2
Event: 4.817 Thread 0x0000021892c62c60 Uncommon trap: trap_request=0xffffff45 fr.pc=0x00000218a22be754 relative=0x0000000000000134
Event: 4.817 Thread 0x0000021892c62c60 Uncommon trap: reason=unstable_if action=reinterpret pc=0x00000218a22be754 method=com.sun.tools.javac.parser.UnicodeReader.nextUnicodeInputCharacter()V @ 35 c2
Event: 4.817 Thread 0x0000021892c62c60 DEOPT PACKING pc=0x00000218a22be754 sp=0x00000048f48fc5a0
Event: 4.817 Thread 0x0000021892c62c60 DEOPT UNPACKING pc=0x00000218a1aa5ba3 sp=0x00000048f48fc550 mode 2

Classes unloaded (0 events):
No events

Classes redefined (0 events):
No events

Internal exceptions (20 events):
Event: 1.963 Thread 0x0000021892c62c60 Implicit null exception at 0x00000218a212cf83 to 0x00000218a212ebe0
Event: 1.967 Thread 0x0000021892c62c60 Implicit null exception at 0x00000218a20a256a to 0x00000218a20a2728
Event: 1.968 Thread 0x0000021892c62c60 Implicit null exception at 0x00000218a207a6d8 to 0x00000218a207a76e
Event: 2.008 Thread 0x0000021892c62c60 Exception <a 'java/lang/NoSuchMethodError'{0x00000000c80502e8}: 'int java.lang.invoke.DirectMethodHandle$Holder.invokeSpecialIFC(java.lang.Object, java.lang.Object, java.lang.Object, java.lang.Object)'> (0x00000000c80502e8) 
thrown [s\open\src\hotspot\share\interpreter\linkResolver.cpp, line 759]
Event: 2.977 Thread 0x0000021892c62c60 Implicit null exception at 0x00000218a202a40f to 0x00000218a202a489
Event: 3.217 Thread 0x0000021892c62c60 Exception <a 'java/lang/NoSuchMethodError'{0x00000000c765a160}: 'java.lang.Object java.lang.invoke.DirectMethodHandle$Holder.newInvokeSpecial(java.lang.Object, java.lang.Object, java.lang.Object, java.lang.Object, java.lang.Object, java.lang.Object, java.lang.Object)'> (0x00000000c765a160) 
thrown [s\open\src\hotspot\share\interpreter\linkResolver.cpp, line 759]
Event: 3.217 Thread 0x0000021892c62c60 Exception <a 'java/lang/NoSuchMethodError'{0x00000000c765ea70}: 'java.lang.Object java.lang.invoke.Invokers$Holder.linkToTargetMethod(java.lang.Object, java.lang.Object, java.lang.Object, java.lang.Object, java.lang.Object, java.lang.Object, java.lang.Object)'> (0x00000000c765ea70) 
thrown [s\open\src\hotspot\share\interpreter\linkResolver.cpp, line 759]
Event: 3.451 Thread 0x0000021892c62c60 Implicit null exception at 0x00000218a21d409b to 0x00000218a21d47d0
Event: 3.468 Thread 0x0000021892c62c60 Exception <a 'java/lang/NoSuchMethodError'{0x00000000c916a7a0}: 'int java.lang.invoke.DirectMethodHandle$Holder.invokeVirtual(java.lang.Object, java.lang.Object)'> (0x00000000c916a7a0) 
thrown [s\open\src\hotspot\share\interpreter\linkResolver.cpp, line 759]
Event: 3.505 Thread 0x0000021892c62c60 Exception <a 'java/lang/NoSuchMethodError'{0x00000000c8f65e58}: 'int java.lang.invoke.DirectMethodHandle$Holder.invokeStatic(java.lang.Object, java.lang.Object, int)'> (0x00000000c8f65e58) 
thrown [s\open\src\hotspot\share\interpreter\linkResolver.cpp, line 759]
Event: 4.115 Thread 0x0000021892c62c60 Exception <a 'java/lang/NoSuchMethodError'{0x00000000c90886f8}: 'int java.lang.invoke.DirectMethodHandle$Holder.invokeInterface(java.lang.Object, java.lang.Object)'> (0x00000000c90886f8) 
thrown [s\open\src\hotspot\share\interpreter\linkResolver.cpp, line 759]
Event: 4.317 Thread 0x0000021892c62c60 Exception <a 'java/lang/NoSuchMethodError'{0x00000000c9c093f8}: 'int java.lang.invoke.DirectMethodHandle$Holder.invokeVirtual(java.lang.Object, java.lang.Object, java.lang.Object)'> (0x00000000c9c093f8) 
thrown [s\open\src\hotspot\share\interpreter\linkResolver.cpp, line 759]
Event: 4.318 Thread 0x0000021892c62c60 Exception <a 'java/lang/NoSuchMethodError'{0x00000000c9c0fa78}: 'void java.lang.invoke.DirectMethodHandle$Holder.invokeInterface(java.lang.Object, java.lang.Object, java.lang.Object)'> (0x00000000c9c0fa78) 
thrown [s\open\src\hotspot\share\interpreter\linkResolver.cpp, line 759]
Event: 4.320 Thread 0x0000021892c62c60 Exception <a 'java/lang/NoSuchMethodError'{0x00000000c9c1b568}: 'int java.lang.invoke.DirectMethodHandle$Holder.invokeStaticInit(java.lang.Object, java.lang.Object, java.lang.Object)'> (0x00000000c9c1b568) 
thrown [s\open\src\hotspot\share\interpreter\linkResolver.cpp, line 759]
Event: 4.386 Thread 0x0000021892c62c60 Implicit null exception at 0x00000218a228948c to 0x00000218a22895be
Event: 4.441 Thread 0x0000021892c62c60 Exception <a 'sun/nio/fs/WindowsException'{0x00000000c95c8aa0}> (0x00000000c95c8aa0) 
thrown [s\open\src\hotspot\share\prims\jni.cpp, line 516]
Event: 4.442 Thread 0x0000021892c62c60 Exception <a 'sun/nio/fs/WindowsException'{0x00000000c95c8e80}> (0x00000000c95c8e80) 
thrown [s\open\src\hotspot\share\prims\jni.cpp, line 516]
Event: 4.584 Thread 0x0000021892c62c60 Exception <a 'java/lang/NoSuchMethodError'{0x00000000c9399d28}: 'java.lang.Object java.lang.invoke.DirectMethodHandle$Holder.newInvokeSpecial(java.lang.Object, java.lang.Object, java.lang.Object, java.lang.Object, java.lang.Object, java.lang.Object)'> (0x00000000c9399d28) 
thrown [s\open\src\hotspot\share\interpreter\linkResolver.cpp, line 759]
Event: 4.605 Thread 0x0000021892c62c60 Exception <a 'sun/nio/fs/WindowsException'{0x00000000c93e1bc0}> (0x00000000c93e1bc0) 
thrown [s\open\src\hotspot\share\prims\jni.cpp, line 516]
Event: 4.605 Thread 0x0000021892c62c60 Exception <a 'sun/nio/fs/WindowsException'{0x00000000c93e1df0}> (0x00000000c93e1df0) 
thrown [s\open\src\hotspot\share\prims\jni.cpp, line 516]

VM Operations (20 events):
Event: 3.840 Executing VM operation: HandshakeAllThreads
Event: 3.840 Executing VM operation: HandshakeAllThreads done
Event: 4.028 Executing VM operation: HandshakeAllThreads
Event: 4.028 Executing VM operation: HandshakeAllThreads done
Event: 4.113 Executing VM operation: HandshakeAllThreads
Event: 4.113 Executing VM operation: HandshakeAllThreads done
Event: 4.280 Executing VM operation: G1TryInitiateConcMark
Event: 4.287 Executing VM operation: G1TryInitiateConcMark done
Event: 4.324 Executing VM operation: HandshakeAllThreads
Event: 4.324 Executing VM operation: HandshakeAllThreads done
Event: 4.327 Executing VM operation: HandshakeAllThreads
Event: 4.327 Executing VM operation: HandshakeAllThreads done
Event: 4.333 Executing VM operation: HandshakeAllThreads
Event: 4.333 Executing VM operation: HandshakeAllThreads done
Event: 4.333 Executing VM operation: HandshakeAllThreads
Event: 4.334 Executing VM operation: HandshakeAllThreads done
Event: 4.423 Executing VM operation: HandshakeAllThreads
Event: 4.423 Executing VM operation: HandshakeAllThreads done
Event: 4.423 Executing VM operation: HandshakeAllThreads
Event: 4.423 Executing VM operation: HandshakeAllThreads done

Events (20 events):
Event: 4.425 loading class jdk/internal/jrtfs/JrtFileAttributes
Event: 4.425 loading class jdk/internal/jrtfs/JrtFileAttributes done
Event: 4.441 loading class sun/nio/fs/WindowsException
Event: 4.441 loading class sun/nio/fs/WindowsException done
Event: 4.441 loading class sun/nio/fs/WindowsDirectoryStream
Event: 4.441 loading class sun/nio/fs/WindowsDirectoryStream done
Event: 4.635 loading class java/util/zip/ZipFile$ZipEntryIterator
Event: 4.635 loading class java/util/zip/ZipFile$ZipEntryIterator done
Event: 4.696 loading class java/lang/UnsupportedClassVersionError
Event: 4.696 loading class java/lang/UnsupportedClassVersionError done
Event: 4.697 loading class java/util/ImmutableCollections$Access
Event: 4.697 loading class java/util/ImmutableCollections$Access done
Event: 4.697 loading class java/util/ImmutableCollections$Access$1
Event: 4.697 loading class jdk/internal/access/JavaUtilCollectionAccess
Event: 4.697 loading class jdk/internal/access/JavaUtilCollectionAccess done
Event: 4.697 loading class java/util/ImmutableCollections$Access$1 done
Event: 4.727 loading class java/util/regex/Pattern$Caret
Event: 4.728 loading class java/util/regex/Pattern$Caret done
Event: 4.730 loading class java/util/BitSet
Event: 4.730 loading class java/util/BitSet done


Dynamic libraries:
0x00007ff67fd80000 - 0x00007ff67fd90000 	C:\Program Files\Java\jdk-17\bin\java.exe
0x00007ff917630000 - 0x00007ff917847000 	C:\WINDOWS\SYSTEM32\ntdll.dll
0x00007ff9161b0000 - 0x00007ff916274000 	C:\WINDOWS\System32\KERNEL32.DLL
0x00007ff914cd0000 - 0x00007ff915089000 	C:\WINDOWS\System32\KERNELBASE.dll
0x00007ff915230000 - 0x00007ff915341000 	C:\WINDOWS\System32\ucrtbase.dll
0x00007ff901a30000 - 0x00007ff901a4b000 	C:\Program Files\Java\jdk-17\bin\VCRUNTIME140.dll
0x00007ff8e5310000 - 0x00007ff8e5329000 	C:\Program Files\Java\jdk-17\bin\jli.dll
0x00007ff9166f0000 - 0x00007ff9167a2000 	C:\WINDOWS\System32\ADVAPI32.dll
0x00007ff916990000 - 0x00007ff916a37000 	C:\WINDOWS\System32\msvcrt.dll
0x00007ff916280000 - 0x00007ff916327000 	C:\WINDOWS\System32\sechost.dll
0x00007ff914b40000 - 0x00007ff914b68000 	C:\WINDOWS\System32\bcrypt.dll
0x00007ff915940000 - 0x00007ff915a54000 	C:\WINDOWS\System32\RPCRT4.dll
0x00007ff9167c0000 - 0x00007ff91696e000 	C:\WINDOWS\System32\USER32.dll
0x00007ff914be0000 - 0x00007ff914c06000 	C:\WINDOWS\System32\win32u.dll
0x00007ff8fe510000 - 0x00007ff8fe7a2000 	C:\WINDOWS\WinSxS\amd64_microsoft.windows.common-controls_6595b64144ccf1df_6.0.22621.4391_none_2715d37f73803e96\COMCTL32.dll
0x00007ff917570000 - 0x00007ff917599000 	C:\WINDOWS\System32\GDI32.dll
0x00007ff915110000 - 0x00007ff91522b000 	C:\WINDOWS\System32\gdi32full.dll
0x00007ff914aa0000 - 0x00007ff914b3a000 	C:\WINDOWS\System32\msvcp_win.dll
0x00007ff909430000 - 0x00007ff90943a000 	C:\WINDOWS\SYSTEM32\VERSION.dll
0x00007ff916a40000 - 0x00007ff916a71000 	C:\WINDOWS\System32\IMM32.DLL
0x00007ff90d120000 - 0x00007ff90d12c000 	C:\Program Files\Java\jdk-17\bin\vcruntime140_1.dll
0x00007ff8e5280000 - 0x00007ff8e530e000 	C:\Program Files\Java\jdk-17\bin\msvcp140.dll
0x00007ff8b8400000 - 0x00007ff8b8fe0000 	C:\Program Files\Java\jdk-17\bin\server\jvm.dll
0x00007ff9166e0000 - 0x00007ff9166e8000 	C:\WINDOWS\System32\PSAPI.DLL
0x00007ff900670000 - 0x00007ff900679000 	C:\WINDOWS\SYSTEM32\WSOCK32.dll
0x00007ff90aa80000 - 0x00007ff90aab4000 	C:\WINDOWS\SYSTEM32\WINMM.dll
0x00007ff915350000 - 0x00007ff9153c1000 	C:\WINDOWS\System32\WS2_32.dll
0x00007ff9139e0000 - 0x00007ff9139f8000 	C:\WINDOWS\SYSTEM32\kernel.appcore.dll
0x00007ff8fc690000 - 0x00007ff8fc69a000 	C:\Program Files\Java\jdk-17\bin\jimage.dll
0x00007ff912090000 - 0x00007ff9122c2000 	C:\WINDOWS\SYSTEM32\DBGHELP.DLL
0x00007ff915a60000 - 0x00007ff915def000 	C:\WINDOWS\System32\combase.dll
0x00007ff916600000 - 0x00007ff9166d7000 	C:\WINDOWS\System32\OLEAUT32.dll
0x00007ff8f2b70000 - 0x00007ff8f2ba2000 	C:\WINDOWS\SYSTEM32\dbgcore.DLL
0x00007ff915090000 - 0x00007ff91510b000 	C:\WINDOWS\System32\bcryptPrimitives.dll
0x00007ff8e5250000 - 0x00007ff8e5275000 	C:\Program Files\Java\jdk-17\bin\java.dll
0x00007ff8e4a10000 - 0x00007ff8e4ae7000 	C:\Program Files\Java\jdk-17\bin\jsvml.dll
0x00007ff916be0000 - 0x00007ff917456000 	C:\WINDOWS\System32\SHELL32.dll
0x00007ff912870000 - 0x00007ff913173000 	C:\WINDOWS\SYSTEM32\windows.storage.dll
0x00007ff912730000 - 0x00007ff91286f000 	C:\WINDOWS\SYSTEM32\wintypes.dll
0x00007ff917460000 - 0x00007ff917559000 	C:\WINDOWS\System32\SHCORE.dll
0x00007ff916b80000 - 0x00007ff916bde000 	C:\WINDOWS\System32\shlwapi.dll
0x00007ff914860000 - 0x00007ff91488b000 	C:\WINDOWS\SYSTEM32\profapi.dll
0x00007ff8d6f00000 - 0x00007ff8d6f19000 	C:\Program Files\Java\jdk-17\bin\net.dll
0x00007ff90ddf0000 - 0x00007ff90df26000 	C:\WINDOWS\SYSTEM32\WINHTTP.dll
0x00007ff913e90000 - 0x00007ff913ef9000 	C:\WINDOWS\system32\mswsock.dll
0x00007ff8d2f70000 - 0x00007ff8d2f86000 	C:\Program Files\Java\jdk-17\bin\nio.dll
0x00007ff8d2ed0000 - 0x00007ff8d2ee8000 	C:\Program Files\Java\jdk-17\bin\zip.dll
0x00007ff90a310000 - 0x00007ff90a334000 	C:\apache-maven\apache-maven-3.9.9-bin\apache-maven-3.9.9\lib\jansi-native\Windows\x86_64\jansi.dll
0x00007ff8f10f0000 - 0x00007ff8f1100000 	C:\Program Files\Java\jdk-17\bin\verify.dll

dbghelp: loaded successfully - version: 4.0.5 - missing functions: none
symbol engine: initialized successfully - sym options: 0x614 - pdb path: .;C:\Program Files\Java\jdk-17\bin;C:\WINDOWS\SYSTEM32;C:\WINDOWS\WinSxS\amd64_microsoft.windows.common-controls_6595b64144ccf1df_6.0.22621.4391_none_2715d37f73803e96;C:\Program Files\Java\jdk-17\bin\server;C:\apache-maven\apache-maven-3.9.9-bin\apache-maven-3.9.9\lib\jansi-native\Windows\x86_64

VM Arguments:
jvm_args: -Dclassworlds.conf=C:\apache-maven\apache-maven-3.9.9-bin\apache-maven-3.9.9\bin\m2.conf -Dmaven.home=C:\apache-maven\apache-maven-3.9.9-bin\apache-maven-3.9.9 -Dlibrary.jansi.path=C:\apache-maven\apache-maven-3.9.9-bin\apache-maven-3.9.9\lib\jansi-native -Dmaven.multiModuleProjectDirectory=C:\Users\beluc\Documents\2024\Ing de soft\TFI\API_Soft 
java_command: org.codehaus.plexus.classworlds.launcher.Launcher spring-boot:run -e -X
java_class_path (initial): C:\apache-maven\apache-maven-3.9.9-bin\apache-maven-3.9.9\boot\plexus-classworlds-2.8.0.jar
Launcher Type: SUN_STANDARD

[Global flags]
     intx CICompilerCount                          = 3                                         {product} {ergonomic}
     uint ConcGCThreads                            = 1                                         {product} {ergonomic}
     uint G1ConcRefinementThreads                  = 4                                         {product} {ergonomic}
   size_t G1HeapRegionSize                         = 1048576                                   {product} {ergonomic}
    uintx GCDrainStackTargetSize                   = 64                                        {product} {ergonomic}
   size_t InitialHeapSize                          = 62914560                                  {product} {ergonomic}
   size_t MarkStackSize                            = 4194304                                   {product} {ergonomic}
   size_t MaxHeapSize                              = 994050048                                 {product} {ergonomic}
   size_t MaxNewSize                               = 595591168                                 {product} {ergonomic}
   size_t MinHeapDeltaBytes                        = 1048576                                   {product} {ergonomic}
   size_t MinHeapSize                              = 8388608                                   {product} {ergonomic}
    uintx NonNMethodCodeHeapSize                   = 5832780                                {pd product} {ergonomic}
    uintx NonProfiledCodeHeapSize                  = 122912730                              {pd product} {ergonomic}
    uintx ProfiledCodeHeapSize                     = 122912730                              {pd product} {ergonomic}
    uintx ReservedCodeCacheSize                    = 251658240                              {pd product} {ergonomic}
     bool SegmentedCodeCache                       = true                                      {product} {ergonomic}
   size_t SoftMaxHeapSize                          = 994050048                              {manageable} {ergonomic}
     bool UseCompressedClassPointers               = true                           {product lp64_product} {ergonomic}
     bool UseCompressedOops                        = true                           {product lp64_product} {ergonomic}
     bool UseG1GC                                  = true                                      {product} {ergonomic}
     bool UseLargePagesIndividualAllocation        = false                                  {pd product} {ergonomic}

Logging:
Log output configuration:
 #0: stdout all=warning uptime,level,tags
 #1: stderr all=off uptime,level,tags

Environment Variables:
JAVA_HOME=C:\Program Files\Java\jdk-17
PATH=C:\Program Files\Common Files\Oracle\Java\javapath;C:\WINDOWS\system32;C:\WINDOWS;C:\WINDOWS\System32\Wbem;C:\WINDOWS\System32\WindowsPowerShell\v1.0\;C:\WINDOWS\System32\OpenSSH\;C:\Program Files\nodejs\;C:\Program Files\Git\cmd;C:\apache-maven\apache-maven-3.9.9-bin\apache-maven-3.9.9\bin;C:\Program Files\Java\jdk-17\bin;C:\Users\beluc\AppData\Local\Microsoft\WindowsApps;C:\Users\beluc\AppData\Roaming\npm;C:\Users\beluc\AppData\Local\Programs\Microsoft VS Code\bin;C:\Users\beluc\AppData\Local\GitHubDesktop\bin;C:\Program Files\MySQL\MySQL Server 9.0\bin;
USERNAME=beluc
OS=Windows_NT
PROCESSOR_IDENTIFIER=Intel64 Family 6 Model 140 Stepping 1, GenuineIntel



---------------  S Y S T E M  ---------------

OS:
 Windows 11 , 64 bit Build 22621 (10.0.22621.4391)
OS uptime: 5 days 19:28 hours

CPU: total 4 (initial active 4) (2 cores per cpu, 2 threads per core) family 6 model 140 stepping 1 microcode 0x86, cx8, cmov, fxsr, ht, mmx, 3dnowpref, sse, sse2, sse3, ssse3, sse4.1, sse4.2, popcnt, lzcnt, tsc, tscinvbit, avx, avx2, aes, erms, clmul, bmi1, bmi2, adx, avx512f, avx512dq, avx512cd, avx512bw, avx512vl, sha, fma, vzeroupper, avx512_vpopcntdq, avx512_vpclmulqdq, avx512_vaes, avx512_vnni, clflush, clflushopt, clwb, avx512_vbmi2, avx512_vbmi

Memory: 4k page, system-wide physical 3790M (252M free)
TotalPageFile size 16078M (AvailPageFile size 4M)
current process WorkingSet (physical memory assigned to process): 202M, peak: 202M
current process commit charge ("private bytes"): 228M, peak: 229M

vm_info: Java HotSpot(TM) 64-Bit Server VM (17.0.12+8-LTS-286) for windows-amd64 JRE (17.0.12+8-LTS-286), built on Jun  5 2024 06:46:59 by "mach5one" with MS VC++ 17.6 (VS2022)

END.
